500
0 1600 5584 4136 7480 8646 7086 1590 4558 5972 3501 9791 2491 3926 7044 6258 847 1343 2962 3074
1 3249 694 9067 7233 2469 7321 7510 9079 9856 1649 9376 6611 5880 4326 4985 7713 4728 8994 5715
2 6076 1319 8460 9274 7144 9566 6964 2434 4225 5503 8831 3723 3602 6635 259 5715 2962
3 9885 3340 8481 9388 4622 9248 7718 2687 9466 5690 3537 624 2125 794 2327 2240
4 9967 6342 8935 4291 8984 3193 7522 8298 8827 2240 3074 79
5 3211 2858 5332 2658 8923 1034 7495 5850 7870 8965 7641
6 5679 4128 8501 8758 6227 9768 5548 9820 2224 7567 2013 5677 8193 3783
7 9428 8781 6253 3746 1757 3787 4186 3288 2804 4431 5326 427
8 2272 7741 3415 2044 7552 891 93 3983 4134 2707 3758 1668 79
9 2225 7362 2638 6917 3416 5789 3727 4572 4380 3484 1793 2630 7296
10 1963 8443 8952 2934 2560 9350 4370 2730 1111 8131 7736 8125 6938
11 4714 2417 3693 1431 4891 7797 9867 740 4662 6492 524 457 1066 79
12 8808 8738 798 6626 7685 6963 7152 2169 5920 8566 1220 9244 9968
13 8464 5430 2973 2157 9184 3959 4508 6573 5152 155 3751 2
14 8469 2082 4224 4088 6594 4684 3928 3785 6471 9510 1238 321
15 4761 7482 1639 1151 4474 757 9457 4284 312 3376 838 321
16 3097 5007 7770 6055 20 3977 6154 8234 6840 3841 1445 3059 7545 3077 3877
17 8637 7425 7134 5714 1972 3311 738 2818 4888 8085 9550 5795 7606 6331 3144 3012 935
18 2515 7690 4671 8216 5179 6565 8739 2903 7239 6269 5429 7206 6613 2
19 2067 5611 1344 6426 9588 613 2981 4461 7968 6467 9224 5962 2240
20 9194 8625 5338 720 1239 676 4395 4835 8542 3961 205
21 2545 1927 293 2161 573 2263 8609 8163 8106 6914 4010 7062 3404 1847 9933 1289 838 7413 321
22 3745 8793 5630 4349 6497 3283 8588 7445 8911 8157 9395 7503 4696 5322 7883 3936
23 2258 5660 8513 3604 8167 4841 3005 2008 2070 6345 7122 1710 5462 9199
24 9210 8581 827 4147 4859 972 747 8311 3525 5112 732 4909 6547 2240
25 82 196 1097 5710 3287 1291 1438 6509 6439 2215 5816 2074 3111 7949
26 8216 5155 5395 3581 9108 6542 7430 7627 5663 2962
27 5957 7058 4649 831 9859 8992 686 2213 9862 9215 9533
28 9364 2745 9502 8011 5533 4837 7063 2089 6024 4099 8544 4913 6030
29 6665 316 9929 4568 9505 9734 5419 8303 2644 3727 8722 6547 9007
30 6624 9642 4739 2364 4470 7116 2596 3594 9233 7903 2017 5656 3586 4901
31 3588 5754 3150 4014 5204 810 9366 915 8538 3119 6134 3894
32 9568 0 3722 3153 9657 3152 7792 8014 6599 491 6332 1383 5748
33 9161 1558 1964 7288 2645 9693 8208 9463 1032 8294 1625 2555
34 1180 7849 616 8376 2296 5202 9207 4827 4970 9169 496 5862 3521
35 3382 5956 1767 1047 2730 4594 7066 4183 7117 4580 84 7413
36 2379 5486 750 4195 3442 2500 6208 1401 1134 8491 5715
37 1711 6058 1494 3510 706 8707 8136 946 499 2512 4978 247 8851 6311 650 9007
38 8595 6498 2129 4083 4118 4251 4557 7999 5433 8387
39 1441 9321 1215 2497 6420 7218 8008 2764 5422 4716 5277 2346 7791
40 6480 2939 5394 912 7195 1674 6640 5523 6273 6038 3999 5280 250 4199
41 1606 2187 3563 8861 5407 5069 3683 5808 463 1639 9366 812 2212 3363 8816 8794 9842 2
42 720 8295 3587 6144 4546 4819 4944 2669 2119 6862 2130 7769 3051 4531 9930 7762
43 3649 1004 2987 1070 3084 210 7090 9823 212 297 2896 1555 3104 8484 1763 259
44 5836 2196 1716 4523 8627 1379 8461 9204 3340 5997 1657 4341
45 9887 364 1827 8597 9087 8740 6869 4419 8604 7489 3883 1838 5848 7699
46 2796 9898 1902 4331 233 6379 3535 1027 7484 5359 3541 6054 3982 2240
47 7261 7424 1721 2610 6022 7364 2368 8864 6353 8672 3636 6166 1770 4749 2986 2288
48 341 1179 9980 461 3904 2816 2495 6540 6341 7909 9993 5715
49 4417 3454 6550 956 4915 7807 7075 372 7078 3797 8859 1632 1982 5146 8904 550 3064
50 7743 1200 9776 699 2479 8993 818 6676 652 4937 8109 5589 3144 2240
51 2622 7111 9706 7118 1804 6739 8032 4242 7353 4439 7880 3012 321
52 3848 8516 2959 4032 9148 449 9484 6158 1176 199 3936
53 2823 2514 7194 7967 1598 2234 4653 9317 5672 3172 7289 1774
54 27 3171 1342 5428 1765 2582 2757 6034 8779 3376
55 1581 4306 7885 8225 1451 751 5525 1457 2436 4763 5407 5393 4308 2028 574 2422 79
56 400 634 4322 3846 7313 9711 8119 4994 3536 1394 1195 5715
57 4312 3643 4387 9643 362 7851 1233 5240 1549 1682 1719 3703 1752 5412
58 3611 8384 7527 8280 4252 3992 5476 1170 1146 1790 6712 7240 5715
59 2919 8383 2441 1682 3583 6823 8510 8586 6880 625 1534 2
60 7290 1851 9725 7114 5499 2586 5552 7611 3691 532 1942 1299
61 8275 2602 5036 7859 2201 2956 9935 2830 2099 518 7296
62 2824 1362 2225 240 3274 5950 8198 2274 8113 6010 5477 8092 8431 2
63 6329 9512 4401 2548 1708 1849 3362 1280 9743 2590 1510 8762 4352
64 4779 169 9696 191 9440 3476 6826 174 535 262 6691 3707 5899 3586 9545
65 7893 9266 9604 8353 6882 7775 3895 3857 5649 2353 7547 3481 6428 935 2
66 7409 4530 8101 5737 2006 8805 4505 4646 102 7884 1835 6496 4450 8982 3789 3158 979 2962
67 3739 8295 783 7448 1010 5861 9835 3294 5242 4142 2401 8594 2773 7193 7652
68 6350 5765 5346 4386 6263 7525 8543 6541 1161 138 4180 9533 79
69 4390 7248 8645 6452 5127 9440 2701 16 2371 4151 6101 5715
70 7543 9041 5396 4906 348 1740 9140 23 2566 6793 5099 3982
71 9675 7789 1363 3715 582 8520 2160 488 2640 8224 9034 4659 227 673 6030
72 7965 594 9888 8067 7131 5636 8683 8785 4327 5023 4496 7591 6507 2155 7120 935
73 8073 202 3672 2430 7675 8281 8361 1163 2788 5256 4801 8134
74 8972 423 70 3735 2236 4319 8399 5055 8580 139
75 490 3383 5659 1628 3121 4133 734 5549 3529 22 62 7559 3377 3012
76 9104 3523 4089 2805 2365 2693 963 4759 9895 5251 7852 8406
77 8287 5208 5617 3338 2771 9874 3126 5153 9229 4247 5437
78 500 566 3280 9413 6925 5345 3336 5492 2925 242 9281 3870 935
79 7904 3806 7536 1049 8352 4393 4478 2107 6132 1663 5595 1509 6385 2643 79
80 2194 4830 3619 4097 1540 955 39 3135 9809 8698 3770 7513 9138 5762
81 9196 1715 5331 1064 8674 3947 6035 4241 4490 9171 8174 979
82 4265 1889 4421 2435 8297 592 6851 157 1945 8957 6370 5245 5178 3125
83 6027 2494 5526 8523 8986 1259 7537 3681 7400 2882 77 5478 83 2037 1479 6587 5917 7732
84 2326 8305 754 2746 3807 833 7164 9932 9196 8735 367 3543
85 2958 4214 7465 2860 8163 4007 2759 5560 9093 6723 3625 4774 1611 148
86 2623 3502 3122 8866 4995 3716 6988 2148 8615 6717 8579 6470 7652
87 8147 7901 725 655 8340 9513 357 1626 4661 8964 360 8880 6827
88 8743 4524 3614 7383 3987 7617 7775 6577 3101 9001 2202 648 2685 6778
89 1897 7923 89 9671 8593 6720 8954 6167 9080 5557 1236 7615 1984
90 3035 5797 3963 6503 3429 920 9405 3739 9702 4310 231 2997 2972 8644 2962
91 360 4688 1577 4710 949 760 3803 6636 6389 8514 6794 8204 6454 3232 1979
92 5796 8041 7327 3502 9262 6690 8389 9106 8051 3243 6538 2
93 8143 8329 8732 6259 5661 4992 5730 8943 1158 649 8145 9007 2240
94 6213 8061 675 3018 5705 4585 2680 4029 9864 9546 3664 8904 4624 9842
95 6992 8600 4416 9986 44 6854 3057 71 2124 52 4970 9453 8005
96 7426 4623 9238 8583 1230 3118 1521 3318 1960 4991 5540 2837 2938 208 7517
97 6231 4734 9288 1989 626 7747 9831 4429 4076 1893 2182 7153 2555
98 3015 3194 5667 1091 7918 4987 9683 9521 9414 5825 9587 5824 7629 3877
99 2126 4243 6395 4366 2339 7248 8467 2290 8097 354 5762 321
100 1285 4769 3372 1622 6089 8357 4158 7974 1567 3537 4034 4199 79
101 6402 7404 2874 9326 9305 286 4353 6646 9641 8925 4855
102 5628 5312 9988 2509 4344 8010 5375 6743 72 8806 8054 1242 3316 9968
103 6808 1218 1359 6461 4103 2631 7306 765 7953 9248 6961 6946 3885 8491
104 741 5388 970 2584 8617 161 5282 5466 4995 6836 5340
105 8807 2077 3182 6706 7228 1318 5296 8075 8453 5547 8348 7467 7699
106 7925 4755 2779 814 2386 8738 3130 5550 9931 6196 2
107 8432 1114 6951 3324 5195 9650 9367 9690 6324 8005
108 5427 4066 6780 9811 1226 6579 6008 4710 458 544 2983
109 6522 5968 4763 5388 3310 5382 6231 5442 5909 834 1153 6049 5715
110 2723 8138 7540 5621 1361 5465 932 4294 9159 2508 4821 8899 3504 447 2
111 9475 9102 1683 984 5010 5829 2614 9558 9085 5553 863 4035
112 5847 3896 6116 9744 8416 6516 1450 1773 1602 5437
113 9815 8486 7231 1718 7543 7909 2462 6708 7980 4332 6748 5917 4035
114 3031 1930 4851 1909 2203 3609 9774 1398 2221 9397 4527 79
115 8410 8002 6132 854 5626 3864 2953 5804 6653 8999 1164 2109 1571 9075
116 6763 5350 1357 382 1637 6609 5864 5182 9247 2666 9244
117 6517 2054 8577 5958 8699 1181 5622 6423 7112 8987 1391 3172 2000 3163
118 8059 4840 5209 7635 7801 8080 4761 4880 8363 8105 7438 2
119 142 3643 7190 1040 6042 530 4229 3610 6179 4965 4541 6424 5451 745
120 1014 5960 1573 10 4534 3235 5941 2220 1191 2755 3665 9197 7438 321
121 7160 4741 1078 8471 7213 5722 6908 7137 6502 428 4743 513 1150 9834 2
122 5741 1513 1115 4641 735 8240 9302 7877 1423 2475 4071
123 8016 1327 3805 6299 5991 3450 559 5504 9960 6242 183 9848 1668
124 9459 2910 844 7841 244 1044 5232 8384 4237 2062 8903 6762 9798 1554 8498 2
125 6601 4550 2197 3828 8898 4031 3358 9738 9351 6060 2962
126 5998 8272 5706 5858 4158 5054 5153 6514 5148 8508 3989 2147 2607 8841 2
127 3851 9700 7003 4018 1081 5582 8187 5275 6018 8937 9995 3285
128 4422 9796 8476 5923 503 8976 2549 1854 3907 1908 2485 6672
129 1024 3229 2470 1914 34 8913 6974 7208 6092 8966 5401 3584 9545 321
130 3456 9959 6717 1456 7197 3392 7516 9654 2711 2744 4080 773 8290 7210 5855 3820 7204 9270
131 9458 4808 7143 3121 8413 4209 4675 1108 9015 7771 7902 5248
132 516 3838 265 5794 7459 2406 2256 3117 3216 9529 6221 136 2485 1105 6613 7153
133 9192 1789 3682 8803 7843 4586 9747 2033 7991 5085 4540 2404 9800 7234 5339 2121
134 182 1349 9624 6103 3267 5592 1888 736 5046 6693 3596 2462 5446
135 6224 3978 263 137 8408 6837 7363 6434 7956 7962 4054 9576 325 761 7949
136 4521 9648 5121 7121 5008 29 1861 3873 1260 5607 2892 4855
137 8213 6195 96 5389 7117 7358 3457 8766 6468 5734 3995 4824 3877 5715
138 1620 5159 2483 8837 8629 2127 2120 7607 6501 6338 2285 1734 7439 9533 2962
139 1279 6337 9959 1309 8279 9420 7072 9797 670 5141 2126 7604 2288 5962
140 1304 3054 5469 7475 5580 9419 1336 4175 2498 8211 4596 2058 8994 6938
141 9905 1006 3812 3715 7573 6318 5561 7377 6105 9499 4561 638 4340 2962
142 1698 632 3819 8084 913 8407 5614 3813 2308 1455 2412 7709
143 7963 1198 9882 9450 5556 6857 2506 5662 4752 3074
144 6527 6066 6275 7986 7692 9503 389 7042 6320 1737 9990
145 8200 3600 5764 6078 3526 9799 8162 8714 7463 1627 2752 3836
146 7308 5919 2341 9125 433 5379 5859 361 4270 7105 4176 5715
147 1178 7006 2880 9333 3169 9006 7236 493 2302 5400 9615 427 3894
148 8098 6590 8647 3794 9655 711 2985 392 8980 6201 6537
149 5363 1316 320 213 8276 5779 5818 3222 6786 1574 5887 860 311 5869
150 9871 6890 3973 4201 151 4485 3667 6558 8915 4647 8212
151 6171 1618 608 7215 2778 2530 5914 8241 5043 5880
152 1102 7888 8099 3721 735 2279 1063 8118 5676 8188 6774 569 2240
153 5022 9132 291 237 2392 2532 9239 9482 4347 3599 1834 2539 30 2155 7762
154 8949 5555 510 8288 2850 9329 5805 3189 8742 5783 2240
155 2706 1352 5485 7567 1038 7817 3853 5406 9954 8619 4356 3981 4664
156 4924 917 6752 2071 9255 9706 5531 5353 4301 1408 9026 1201 5835 9816 3371
157 9752 1673 2476 286 5075 4289 9839 6069 639 4178 5450 2583 8130
158 8862 9757 1297 8010 2231 8264 4542 759 4560 6065 2715 6895 2962
159 8741 3613 1664 7492 4832 7021 6931 3394 5189 1272 674 3584
160 9283 7816 8718 2294 4651 347 2550 9064 3392 7556 1805 4046 2345 1125
161 8263 4986 6183 9409 5161 6056 153 4039 9722 7787 2177 7643 2962
162 9172 1189 5963 724 8306 5581 6548 8160 9637 9137 6133 2188
163 5416 4908 5601 117 7330 8308 8278 5365 8983 1311 2214 8673 5992 5838 9301 1668
164 1386 243 7329 9760 8172 2776 657 165 7469 2576 7234 2904
165 2741 201 5940 6478 6511 9047 8370 1677 9593 6601 7584 5111 3982
166 4484 1535 5179 6017 6953 6722 4807 5347 8568 273 9634 8797 979
167 3230 3605 1867 8060 6005 5405 6041 3368 3622 5726 8527 7355 6465
168 7940 3398 9732 4328 3210 1562 9226 4255 2948 3824 8728 79
169 5011 9597 2286 1045 9123 1296 5234 4966 7804 580 4143 4971 7429
170 4906 5781 696 1007 8721 3816 9858 4483 5825 9921 2005 7575
171 3755 6444 1881 282 4086 4569 4077 2203 2385 1142 2180 5502 4591 8671 7153
172 868 6062 6027 8768 4778 4721 6546 1424 6531 7389 1123 8487
173 7196 3971 287 1271 1267 4094 8960 8571 6115 9710 2649 2499 5445
174 291 8358 7869 4041 2572 7119 1850 4475 9056 5143 822 3689 3095 4367 1557 3936
175 9764 6135 5522 6563 8313 4181 7486 5686 1693 9398 9312 4780 6236 1353 2986
176 4280 8734 107 5520 7799 1785 1882 3650 4382 810 3714 7751 9129 2962
177 7811 6818 3334 4414 1746 2879 6375 6972 4791 2457 6105 1572 8221 1799 5869
178 5371 9121 4206 2931 6824 9511 7042 4182 6666 1686 3113
179 9094 4532 4135 1962 4123 5384 9818 4464 1633 8882 3762 6825 5490 6637 8995 6281 6827
180 8653 1481 2845 3592 888 9372 7586 9508 336 3080 7755 7216 8183 321
181 7398 9258 5534 4791 5929 2951 4084 8442 4998 9804 605 4345 88 7219
182 6615 8447 3980 4450 7076 3793 4159 2233 5027 301 7087 2871 133 7318 2704
183 5574 8517 4042 4253 7954 6568 6348 969 4189 8684 2603 1134 321
184 8626 3298 2466 5447 3256 6713 9386 5961 3744 8716
185 8246 809 6686 4887 7480 421 529 4512 996 575 1940
186 3774 6572 6934 5873 1162 1302 7232 8424 3061 5193 3543
187 441 3037 3333 6507 9146 8546 6312 204 2263 1953 7736
188 8458 7168 936 302 6241 2228 2930 9331 6437 5193 4786 5412
189 7340 7245 2354 8480 7601 9784 1354 5084 3320 2900 3050 4311
190 146 1506 3943 6928 2872 4296 8900 7470 9524 3900 8173 4907 132 9014 6044
191 2055 316 4708 7214 4565 4735 7638 4264 5637 8375 6101
192 8033 992 4434 7435 5389 7875 7174 3353 3214 7698 5235 9649 6978 8116
193 2076 3370 211 6353 7223 7910 2877 2977 2248 9133 7055 7762
194 663 4829 141 5711 7073 8889 6950 1665 7221 9554 7800 9493 7252 7948 9139 5962
195 1841 4982 5532 2501 8767 6586 9028 4736 2389 6175 7833 9374
196 1170 2465 2689 882 498 4856 6872 7269 6765 5862
197 6205 3573 5554 4562 9056 1515 2585 1604 2329 8587 5897 1348 6327
198 3017 5119 7941 5644 8186 2547 7186 8228 3508
199 6045 9899 5666 1694 3390 6639 5110 6691 2878 6422 2176 6899 2240
200 4665 8828 3608 4510 4849 8021 7500 9370 5693 3306 2275 3079 6296 979
201 6123 6832 4073 3419 5882 1052 4825 4720 4172 8934 4400 4199
202 3923 4292 4213 2164 7525 2503 296 2851 4938 7493 2476 5038 395 3032
203 8971 3855 6172 1783 2291 4116 3277 9522 3251 4045 6613
204 5961 2780 307 9808 5287 3887 3768 6143 7926 219 1307 583 4501 2962
205 1274 2952 7837 9923 7784 1620 9691 1071 9592 6676 6021 2555
206 4388 2420 9618 3463 5515 6878 930 4033 9558 2676 452 9414 6959 8223 7997
207 7603 3871 3870 5192 2140 4897 5675 3021 6457 8081 6260 5831 828 5880 321
208 8186 6223 7327 7503 2690 8605 8195 2245 7155 1164 9060 6063 9407 8973 9265
209 41 3538 322 4559 9532 3227 8057 5883 7688 5431 2431 5434 523 1979
210 9348 6315 2391 9389 9664 3195 1294 3506 5257 8562 2111 5885 1145 5412
211 9622 288 7229 7110 5176 5624 336 3692 6102 8169 6187 8125
212 6607 5587 786 3209 2798 2751 1938 2129 7733 4463 3784 9968
213 919 9418 1017 7249 9327 9342 6562 7258 788 8119 1428 4959 1871 79
214 6667 5424 8015 8231 8748 7625 8668 2232 3666 9282 147 7314 884 218 3821 1670 4314
215 4814 4486 2506 8090 2472 4671 5285 4166 3147 709 8345 3982
216 1399 2992 4445 6033 7061 3142 5135 55 4746 2613 4972 8495 5412
217 9539 7265 7227 5158 8419 1890 9069 6709 266 7569 376 9731 79
218 3549 8878 3461 7353 3759 8521 1978 1443 442 4674 9655 3830 321
219 3018 8337 4848 1077 5229 7474 8011 9156 1950 4495 660 9181 6269 7167 6355 412 5715
220 7528 715 6606 368 2702 5929 2492 4996 1586 5177 321
221 3710 679 939 5606 4354 6157 6647 2229 3262 335 5230 3240 447 2962
222 4777 6877 7026 1840 5182 9595 2802 907 2913 4693 5209 7185 9178 79
223 3202 8004 8522 2754 1070 7414 2293 2963 3642 9770 6560 1822 4170 935 79
224 3469 4402 6525 1435 1202 578 539 4394 2796 9604 7895 2240
225 1458 1440 7322 7754 659 1335 7028 6429 7747 3748 7 5307 8125
226 417 2381 3558 7907 6628 4304 3776 9400 6043 2189 7304 3012
227 9429 2672 7401 1621 2770 8822 4812 3351 6232 4020
228 8368 6924 6937 493 4806 4657 5103 6176 7251 8787 3486 2902 6681 4230 427
229 8461 4185 9920 4057 7021 5085 9556 8440 6529 6370 9667 475 5251 9139 6613
230 4722 662 3467 3438 5317 3351 7415 8526 6758 5185 8307 374 5458
231 3418 3542 8072 3539 7681 9445 9686 7065 9638 8260 6351 9573 2
232 9108 1000 3657 799 4795 5049 877 568 7447 828 6095 1105 3894 2
233 1536 5045 4008 8507 1652 3260 6232 2143 3616 8404 7338 2263 5401 8043 3894
234 429 1171 5300 2061 1386 2059 731 2562 2138 6631 2962
235 8457 7443 2342 3764 4307 5494 3099 8817 7676 8916 6464 7481 7883
236 6316 362 5012 1565 2998 6381 9818 2641 661 2986 321
237 482 7235 3600 7453 260 3005 193 4015 2405 9878 3081 2288 5715
238 751 9245 6003 7827 2343 2747 3462 5744 3409 5015 945 9654 5715
239 6896 4319 5537 7721 6478 6211 7865 5509 425 9255 1937 6506 9167 1916 9244
240 8018 9423 178 1958 6890 7591 7169 6905 3297 8023 5293 1348 4901
241 7628 5093 3625 7853 7223 4409 9360 8953 9842
242 6379 8426 2946 8196 7491 5016 8990 8650 372 7426 9003 3905 7762
243 1448 5348 9206 6273 7609 6524 7578 1106 8854 7170 4857 2598 1405 2699 7949 2962
244 8390 8682 4645 5744 3918 571 4899 9470 7148 1650 5683 9224 7652
245 6954 3902 3180 140 2217 5704 7693 7738 9694 6216 116 6613
246 2133 5529 1437 5131 4871 8319 338 6733 8331 4867 6437 782 2817 3561 5643
247 3014 1732 8674 1072 3879 5166 3815 2191 419 6482
248 5683 5447 7237 7916 4381 8520 1028 1586 7772 5064 9007
249 3587 7624 9057 4140 2078 851 2748 3653 6757 2183 4107 2962
250 3796 7860 5729 5810 9485 1046 1937 319 6663 6952 6656 9368 2673 6920 3077 935
251 1035 3626 8400 5952 1678 2834 5578 5809 4830 4822 340 9244
252 9637 8942 366 2976 7544 6125 2737 644 8850 9392 5754 276 3241 4079 745
253 2564 8000 2922 3655 9547 5552 4583 7371 3634 1130 9871 1721 552 6545 935
254 2676 4961 8705 2695 5750 8052 5853 65 3946 6417 8858 4199
255 1982 588 7249 2453 3829 3637 2709 144 6694 5902 1328 4901 935
256 8665 723 1467 2313 8391 1996 4553 6048 9308 3048 6141
257 4253 9726 1416 7595 4910 4448 4987 8572 6415 6170 7736 2
258 3791 8359 3086 9666 9646 2012 7149 5567 3565 3356 8780 9127 1248 640 183
259 9134 4181 5610 667 7526 120 8275 2432 6488 7377 8814 2340
260 9703 214 1323 3548 66 7796 2454 8258 4942 7386 6654 6881 3056 9602 8445 9129
261 5468 5415 3778 2463 3724 8175 9063 9716 4635 3884 2639 5335 329 5966 7133 7652
262 6876 1020 4778 3284 3829 7004 1636 9715 6848 1807 8029 9219 4199
263 2296 333 2992 9243 9953 5100 2900 8236 9242 7276 267 321 2288
264 6357 1588 9068 1629 7384 4257 2403 3670 6309 2655 3048 4870 7240
265 210 6585 6362 2068 9828 8511 6265 2749 6287 1387 8531 7153
266 9527 7938 4599 6556 2169 8715 36 6364 3840 6181 2458 1149 2
267 5400 2795 7490 2105 4579 9997 270 4981 9577 9111 7040 4968 9968 2
268 5680 961 1906 1548 265 98 8268 6971 131 1476 2643
269 8989 3464 6777 2447 9348 6641 8720 3217 9362 2614 6762 8068 4035
270 871 448 1813 5246 4588 7642 224 91 5546 7782 2288
271 1695 1122 4148 7247 1420 4668 4081 7648 2696 2688 5766 2923 8910
272 7697 7060 8420 645 4929 3279 5019 1735 6523 5856 951 3758 2240
273 5418 6616 7317 1157 5743 1435 8081 4093 8153 9083 1136 6013 8680 9256 6258 5715
274 9355 7125 5023 873 3447 9451 3837 4819 8460 9330 1205 6412 7281 4620 4444 7861 2437
275 9526 2694 3741 9048 2460 864 5426 339 1282 2264 2
276 1372 173 2103 9845 9626 2803 4279 3525 6290 4027 1625
277 7351 1676 2727 696 1824 3941 398 756 5163 8845 6144 5126 3720 3371
278 1771 416 2727 8117 8253 7581 8753 4111 4402 1287
279 8084 6861 3173 7779 7231 5360 7730 5327 473 658 4334 8150 7899 5446
280 3121 6640 206 2572 2281 4304 1219 1093 4287 5392 6458 2986
281 233 7977 874 9997 9477 2369 2357 1556 4941 5073 4271 4302 780
282 4691 8430 226 3471 318 3897 7784 4629 1436 8388 8036 3830 2962
283 331 7220 6845 5408 5797 3745 7937 2433 5568 7078 2190 1542 6938
284 8944 4555 845 9352 5493 8675 2967 9126 7922 569
285 2082 97 6209 1298 3168 8678 9674 4347 2240
286 9474 9673 6340 1517 2504 7506 2844 7776 2029 5211 5038 3303
287 9044 6286 5691 6039 154 7943 2971 4607 2037 5964 2533 5715
288 6770 6911 5140 5144 9785 3886 8213 175 7556 304 9955 5507 2240
289 6514 386 4632 9407 3867 2722 8367 4556 2038 1935 2519 6413 4437 6534 5715
290 2359 4387 8717 2868 8898 1672 9889 999 5639 3308 7434 9483 5962 2
291 6831 7638 3152 5665 1021 8948 1522 5283 887 503 952 79 321
292 9081 7977 7427 2424 4851 4023 2418 9571 8632 8462 7438
293 6718 3424 2935 3242 8747 7593 5517 631 1410 5151 476 4909 5715 79
294 9101 5905 6401 5017 9276 1648 2300 672 5402 3677 5409 8455 8332 5748
295 8744 7043 8749 3645 5013 8818 3772 764 2927 8812
296 4538 8434 6888 538 587 1364 2536 6997 976 9803 9294 8876 1091 2175
297 172 2235 390 9557 8624 7927 4809 8815 3252 2531 3023 5715 321
298 3275 1717 7461 5024 3286 4051 5181 7839 2915 9627 8681 2278 7806 5412
299 5228 2835 3378 562 5738 6456 2628 4363 6918 220 8212
300 8425 8613 5283 2536 1614 7298 86 1317 9295 718 7020 1212 8140 9533
301 6278 2996 2859 5571 5044 9830 7345 6730 8245 2101 8265 9444 569
302 8701 2635 6841 62 9487 5749 1878 5310 8708 1595 6809 5258 7037 437 8183 8293
303 6320 2864 7975 8040 4522 8090 6912 600 6349 5092 4328 6295 1611 7929 4176
304 3536 9934 5310 6879 7218 1128 5515 3628 6149 6447 5326 5715
305 3988 1722 3286 2552 7069 4065 9676 572 8088 9569 2897 166 5933
306 7655 8975 8302 273 436 7818 7025 1537 4223 2611 5962 79
307 5342 2742 8170 9370 701 3270 9928 997 4121 1243 3344 5622 9965 7429 2
308 1551 3426 618 9537 7274 4282 9004 6279 1002 3013 2325 6134
309 9707 9590 4911 5895 6863 6715 8070 9045 1777 805 8774 399
310 3227 3978 5083 6695 3396 6378 2825 7682 2556 8810 802 2340 9968
311 2400 5886 4191 653 4059 6000 8752 1356 8750 6082
312 1055 8115 7523 2396 2896 614 2993 5025 6875 9733 321
313 4266 9700 4638 4426 3802 2030 1253 9316 3867 1640 4597 6698 2 79
314 7734 3002 8833 7815 3094 4892 2450 1851 8823 5373 2175
315 3038 9526 479 308 2186 1925 5312 3325 7823 5359 9930 2962
316 7917 5001 1273 5595 4364 5883 1981 2681 2781 4955 5456 7123 7029 1871 6613 2
317 1301 9094 2920 4281 7328 6950 6410 9695 895 8836 9833 8977 876
318 5930 3028 2848 5565 7173 4896 9128 5757 7659 7663 1954 8396
319 7121 6575 3888 7758 6114 9189 1409 1310 4513 901 5884 5752
320 7972 516 8630 9241 9537 885 4667 8358 8921 2886 4456 6621 8649 2240
321 3140 3388 7057 5000 8004 5881 924 9344 8436 8008 6102 3537 2426 3877 2
322 6805 5414 3747 7577 7350 9705 4187 5983 1723 8659 4294 1956 2240
323 7734 947 2227 8057 3615 2786 9130 9235 4595 7737 6986
324 4936 1098 8640 8574 2736 387 8118 1183 8918 6871 7889 4953 8858 1705 6327
325 8664 6646 7561 7924 8196 1541 6491 6368 5603 6625 8043
326 1048 8789 1819 3595 7307 1733 7660 3389 4364 9640 105 321
327 491 3069 6720 6935 9019 2071 1380 5403 2574 3780 3894 5715
328 6835 2998 6597 8152 9172 9147 310 7945 8033 4004 7055
329 3422 5965 7840 7680 6072 9315 7763 3934 6608 3885
330 8817 8743 6112 3019 2199 9292 5216 337 9065 7406 3661 716 385 4377
331 8133 9926 7674 760 8429 5086 2785 5747 6191 8786 2249 4517 5504
332 4462 1761 4238 9318 2950 1139 6119 7715 9462 4528 4137 5220 7749 7162 5412
333 315 5398 2118 9781 379 4258 8866 7774 6459 3114 8958 5962
334 9131 7279 4489 9259 7038 4576 5187 7969 3348 439 2318 8711
335 611 5308 8819 8074 9966 2683 2885 4124 64 4797 6797 6692 427
336 1547 2494 870 1322 2634 6878 49 5840 9728 9040 9968
337 8725 7914 4904 8514 3540 1583 517 6116 9641 3469 6554 3648 554 2278 2673 5583 8387
338 587 8676 6064 7014 2206 6828 1303 3332 7294 4801
339 5915 4260 3697 3962 9948 2580 1060 1762 2186 1569 4064 1788 4878 7912 4626
340 4883 9941 643 3729 2314 687 2061 4582 8444 9843 2100 1353
341 3188 6121 4612 982 42 1276 8869 2521 1987 7454 7320 2
342 7984 2829 3253 9956 1892 4712 7307 8178 1991 1495 3397 2121
343 5829 1638 7393 5062 7201 1032 2909 4766 3929 1821 2542 8554 6189 3937 3757 4314 79
344 3902 9211 3001 9088 9585 1325 5867 6846 8894 9598 940 3781 8922 2240
345 7058 7925 7130 5731 3373 4013 6721 9685 9991 7013 9013
346 1952 1811 8287 7253 6991 3742 6037 4357 1758 3860 5509 8358
347 6958 6589 4477 2628 540 1194 9170 4293 1657 3905
348 7043 9292 3401 2415 4633 5290 8156 9 6218 5032 6502 4803 2875 205 427
349 1113 7947 277 6704 8123 1882 94 4318 9244
350 5168 989 3132 3747 5138 3307 6521 2429 8703 9061 7442 1255 8451 4060 2240
351 502 8483 6784 3775 1075 5186 2653 4466 6148 9031 6476 268 7921 4805 2583 2962
352 5048 8914 5697 2015 6716 6364 5809 1135 3908 6331 1871 79
353 8330 8038 6684 4332 2567 167 2815 8776 8227 6635 2
354 2735 3683 7976 8159 8689 852 4412 7302 727 3154 6606 4988 7361 6270 6584
355 5895 7022 6339 4240 1636 9821 3281 1576 9228 5206 5787 7684 3728 321
356 9415 7802 2734 8328 1634 7967 7104 1224 4604 1345 7811 5437
357 3016 8120 9787 9076 5508 2609 4775 7412 1528 712 454
358 8773 9676 3471 2721 3067 5056 4325 1276 4934 8021 6503 2480 4199 2
359 9387 4703 6205 5302 1407 1646 6025 9073 5986 3644 3876 6588 6161 2962
360 603 5109 746 9313 3042 4277 9304 7726 7226 3068 7069 8350 3835 647
361 2055 3414 5634 2457 3350 4740 6257 3940 9805 1745 6020 6938
362 7598 3338 9924 5094 6229 6948 8610 8536 621 4997 9259 6538
363 9650 8942 2895 9721 2703 7935 2671 1943 4424 8185 2643
364 7946 1208 4704 728 418 1096 8704 8888 2191 6654 850 1774
365 7837 3965 8336 9939 1920 8385 6164 33 7192 7879 3394 3408 5340
366 1080 3726 8906 918 620 3291 3381 5271 705 1800 3966 4396 1798 9029 444 3032 2240
367 4757 2113 7082 766 9887 345 1903 5285 328 8255 9340 8890 3753
368 4105 7195 230 3244 9488 9061 7384 2590 6282 8238 7883
369 8897 4511 3524 858 8763 6433 9543 3087 2777 3786 981 6919 6544 7023 9230 4314
370 4843 5701 5523 4258 6529 1533 7535 7268 448 5842 5005 6387 468 538 1042
371 7679 5815 3009 893 9011 3293 2393 4298 1742 4435 9216 5194 9688 9160 8994 7153
372 8710 3374 2329 1331 9855 656 1839 4551 1977 8247 8905 3128 9036 6178 3877
373 3315 7504 3149 3419 6127 7662 2170 4685 5301 3106
374 6858 5070 5521 8924 8459 4194 3263 7256 6234 8840 1375 1454
375 8638 5708 2648 2691 8206 2546 4288 5906 5794 9737 9159 3964 9013
376 593 5040 8199 6096 4292 9250 9448 766 6790 8722 2962
377 9018 8064 7113 8967 9739 5536 4583 6109 8334 2424 3958 5869 2240
378 1766 2657 2822 6302 2301 4533 5125 2372 6321 4917 4873 9050 4326 321
379 2710 9651 1603 3463 6167 8535 9811 9851 6799 9381 3146 2962 2
380 1485 3851 60 9611 1432 6385 8585 8800 9763 2778 4055 5451 3032
381 3053 60 2977 7360 703 7181 8243 832 3837 8042 9430 3802 6744 1299 79
382 8810 6248 6012 8435 4242 2887 1407 7305 2867 2402 332 4786 1774
383 1229 190 9245 8999 7009 5436 5329 5702 1678 3292 4939 6395 1477 475 1429 2
384 2717 8928 6633 3736 7953 2014 4846 3148 2243 5293 5161 3363 8470 79
385 9291 4750 3888 9074 9593 6334 8635 2336 5900 3865 200 2962 321
386 3499 611 8621 6398 3177 7585 7794 8331 6317 4797 6990 7048 2349 8130
387 669 4237 9762 6891 3709 7188 9972 4823 8111 7250 3762 239 3521 1299
388 9916 1107 1414 350 9920 5247 974 7383 1275 7993 7105 2327
389 3015 7935 706 1147 4351 6221 7070 7746 2428 1246
390 6776 7702 403 2488 3123 9401 9793 744 1412 1495 3944 321
391 1011 699 6366 7130 7518 4856 2195 3024 820 2192 1429 2288 321
392 7305 9622 3480 7562 7970 8171 9617 5218 1463 2979 2643
393 6572 2575 9946 3247 4650 7279 4563 6739 450 1668
394 9552 7255 4683 6834 4132 7939 8697 8712 6746 6351 7001 2240
395 2544 5728 2425 4940 1014 1617 5720 8675 6052 4160 3240 5507
396 2284 6087 1279 4391 2282 7380 8761 2152 1231 8887 8134 8994
397 4490 4949 4174 8642 1796 6147 5031 1350 4231 3386 1763 2962
398 2061 9844 1455 1403 1929 5415 216 5621 440 8392 2873 8947 5219 2962
399 8655 271 7533 24 9574 4053 1801 7836 6741 4799 2540 5907 9688 321
400 8940 8346 1666 9825 6830 4872 1417 7602 2022 1366 2150 5609 9837 867 2962
401 4995 2117 1792 8518 8166 6192 1706 938 998 4037 2240
402 1444 6425 3345 9549 77 4391 5569 8706 381 1825 1483 5307 7153 7652
403 3656 1773 1997 1617 5892 446 1587 9855 1020 9280 685 3238 238 6938 321
404 2145 7672 1176 2370 3192 1971 6126 5244 7348 1439 9252 950 7153 5962
405 7723 9766 3931 9832 8849 4130 2178 3610 8028 4984 5898 9374
406 5495 3913 3960 4644 4593 3628 9231 9289 5885 6082
407 5832 4648 2813 6873 7605 3295 2949 3740 9273 8267 2938 6903 8830
408 6616 8 5472 3272 3351 9417 8961 1326 3434 5080 3379 2962
409 7773 5792 5727 2563 4227 4028 7604 2115 7740 8551 5618 7254 7575 321 6613
410 7597 4998 7160 5481 7507 5566 3157 5755 4561 5073 6703 6555 1607 1534
411 3039 4788 779 7628 7127 6657 9981 547 5519 1950 3103 6938 5715
412 396 9808 5217 9886 4005 6936 6530 6515 4051 6443 3557 2292 3207 352 2962
413 9744 3868 7357 8376 7786 3174 1421 1177 3892 9944 2595 6404 321
414 7036 3008 5932 6380 9017 9492 1313 9767 3479 3054 3232
415 6804 294 9391 3365 8619 8006 6449 995 5201 254 9139
416 179 7548 4511 9346 5081 6558 111 3505 3523 676 9989 7713
417 9828 6300 1127 9857 7270 8014 2079 6160 977 2787 5939 8269 6054
418 7942 5344 5629 1230 1650 506 6697 1419 3363 8134
419 8962 3488 3361 6763 7476 6081 7904 6188 4983 7560 4754 8269 3836 79
420 2928 4766 7343 2736 6481 9681 3364 1053 3264 7705 2032 8722 1668
421 7295 7513 8388 6084 9741 2324 1417 4744 4525 4320 7908 2624 5964 3304 5715
422 2337 8257 6520 6307 9516 9371 9163 6500 3069 4036 3702 6140 3184 5715 321
423 7046 6675 701 6559 9209 6909 710 6325 4784 1917 6115 6993 5210 7162 3316 3894
424 5356 5846 2297 5948 3673 3330 9969 1056 9717 9758 590 6554 6952 2342 4355 1662 1702 7664 6187 4340 2240
425 6738 5944 601 1120 8318 5280 8677 8871 8051 1687 8798 1430 9968 3894
426 9365 4781 323 6158 4914 2335 7086 6591 122 6650 7742 2013 6547
427 5541 3078 172 8885 391 5989 3771 6146 2482 6320 3460 1265 8644 1668 79
428 1185 5972 6494 4552 3749 3181 964 9964 6047 1208 6053 6955 2533 8005 79
429 4038 1115 4259 5602 4933 4211 5782 2399 748 139
430 7381 2926 6749 5200 7505 5925 2026 3134 4198 5573 1445 3883 9404 79
431 6036 5272 6718 8811 2427 664 8452 1519 3423 7787 9199 7949 2
432 464 7724 980 451 4500 255 2655 2081 5912 2661 7147 76
433 4783 6111 9504 9328 9701 85 8215 7420 7293 2327
434 582 7701 1691 1516 4162 7785 6943 7566 6718 6584
435 9431 5051 2974 2592 8182 4076 9090 3688 2269 8548 7347 5003 3894 5715 79
436 396 6345 1464 5559 5619 2280 957 3573 7008 4580 2892 3012 2
437 6267 8042 1946 5612 1537 6812 5124 3118 3968 9740 5995 4378 6404
438 1033 8271 9468 7648 4792 6811 3658 2239 79
439 4274 514 1837 3083 792 8927 3127 2783 6452 9268 4049 642 5871 7880
440 3391 7485 8620 4545 7649 4688 2525 5381 3100 5351 1531 1784 2240
441 4811 7339 2622 3808 8158 4126 5093 8981 7981 7054 2739 79
442 5857 1427 1501 2219 1301 8792 5226 7961 5390 5553 772 1743 5543
443 2284 4264 4177 6247 9203 3974 5946 3246 1175 1264 5341
444 5852 5030 6214 1087 8895 4204 401 8475 7372 6859 2650 468 4855
445 1597 8426 5549 3825 2042 4590 5935 1762 7135 9579 367 625 7153
446 9554 5839 8035 1578 1712 6222 6535 7640 8933 2085 8844 1668 2962
447 5337 3058 2553 8356 355 37 869 8108 4920 8344 352
448 5169 5952 4591 3985 8244 4533 6902 5250 1980 670 4457 321
449 6109 9856 5773 2982 4154 210 5907 864 1786 7955 7346 6903 979
450 2062 1209 9767 7625 4315 5255 684 6316 7671 5826 2538 6550 79
451 2769 9861 2024 41 3662 257 146 8149 8372 6186 8069 9848
452 7407 1034 4460 1855 5583 3435 4115 5924 9906 4737 5391 4884 5715
453 1409 8349 9123 924 6709 7911 3954 6261 4697 1923 4912 1625 9968 79
454 7446 3492 4713 2534 4321 1180 9973 6748 1658 6020 79 5715 321
455 9942 2261 743 6775 6504 3551 3490 3373 8176 5105 7874 6938 2
456 4167 1815 3585 7752 4120 3494 7614 1907 6148 6155 7408 5737 1668 321
457 9190 3382 5473 2894 5279 3300 635 9902 7367 2240
458 7687 4676 8903 7644 9420 9300 948 4087 13 1330 2615 935 2
459 6289 9619 9188 2520 7301 8835 1615 6926 9187 5728 8493 2740 2 6938
460 465 9692 4324 3709 2468 5735 773 3460 6510 7477 4303 2624 3597 5474 3801 1058
461 344 3473 5618 8824 6448 7406 7149 4969 1402 376 2264 2962
462 8341 7277 8926 905 4724 763 3417 3593 541 7997 79
463 1488 6627 967 7177 5343 8412 4818 2668 36 8382 2028 691 9007 9533
464 4095 1001 9478 4169 201 8727 2541 1703 1529 9467 2670 321
465 5990 423 55 9035 4935 8164 7931 777 7894 6913 5715 427
466 688 9016 6755 5244 6600 6382 6680 4613 6860 207 8931 3427 4020
467 7287 4225 8039 7661 3191 2181 6670 5108 5006 8618 352
468 7663 8963 6243 6313 9714 8274 7881 5563 7867 3630 2128 3894
469 6614 8557 4891 6011 3530 4567 2397 9278 8738 5060 677 2806 7570 8142 5762
470 8547 3816 2051 9416 2700 5794 9318 7045 1459 1471 7244 4241 9565 7120
471 8226 8499 7744 4556 8405 5680 5605 2031 9496 7373 6376 9186 2926 1599 8864 843 9244
472 3553 5157 5696 9790 763 926 1712 9380 2751 7191 6445 5942 7883
473 9361 8220 4590 8976 3725 5652 8809 962 1008 5155 5996 7517 9533
474 3951 2908 4150 3192 1951 7487 2593 7824 1523 9265
475 3747 9590 1841 1919 5514 5087 8250 3911 2731 8277 9218 4463 847 7296 2
476 6914 2230 8393 4711 3493 317 5136 5703 6992 6982 6330 7883
477 844 8380 4179 497 532 8892 2007 9268 5538 1466 2109 5445 2240 2962
478 8534 5398 7154 2196 7471 599 9222 1462 4652 6153 9270 8994 5715
479 5911 6462 2827 9601 6717 6652 6031 283 5947 6274 546 1749 7639 8765 9425 2666
480 4677 4747 555 4634 171 9633 1228 346 7563 4415 5696 199
481 2522 6091 9296 8526 3151 4773 3085 1168 9213 6270 4679
482 9718 1582 6304 7081 4912 6675 8141 8870 2851 3755 9191 6001 300 321 2962
483 17 3688 4205 8071 7157 4503 6015 6626 1365 8017 5483 5340
484 7567 477 4124 727 7462 4135 1749 9307 4109 3572 7474 8711
485 5420 9410 7282 6561 8622 1332 8938 9685 2559 697 6490 2298 8135 5917 5715
486 6319 2524 1777 81 5575 6794 5725 1262 4091 321
487 5453 5488 3481 1192 3438 1718 1759 8103 8759 1250 6817 7652 8994
488 6276 6941 1214 6414 6866 3222 9630 5750 9658 2555 2 321
489 3080 272 4379 2267 7261 3290 5480 2336 7768 1768 3752 2810 8227 647
490 8569 4804 682 3197 944 5059 2836 8438 1896 9341 176 1299 2962
491 2020 8449 3866 7378 4554 8807 2909 6910 575 5295 3109 8343 1105
492 4621 2795 7650 1944 8063 7887 8249 8490 9709 9436 6292 79 2555
493 6493 6674 5369 3698 8037 1257 6474 4268 9435 7284 1043 8043 79
494 2551 6374 6742 1976 1688 563 6599 5999 2254 6677 6771 9903
495 9827 7841 6854 8367 1379 5463 679 6581 1442 7392 5386 5412 79
496 2319 5729 6993 2092 9422 9125 9570 6365 164 9853 3700 9600 7088 3936 321
497 1691 2936 8261 3156 953 5671 6576 4977 1406 700 3581 8310 6487 9545
498 6244 3676 375 351 4670 4363 2577 305 4436 1880 2962
499 9317 7265 2486 1556 6431 5089 9393 6578 4256 5551 4923 3043 2 5715
