100
0 281 42 0 6 7 1 1108 432 3223 36 5 19 180 15 46 5412 28 1368 3 34 1071 505 9338 186 21 422 104 11 2 6160 4479 8 138 1263
1 278 1 25 6 0 11 2 9903 8 21 464 114 454 19 58 7 22 12 3038 1403 4 94 430 178 37 5519 323 100 5361 1434 62 14 186 5893 17 709 1290 1737
2 8 32 0 67 7 4 71 11 16 17 1 25 18 9 412 13 456 23 2 253 3208 22 2883 82 1119 34 21 1687 352 391 145 27 5990 236 1495 2848 9305 3244 2264
3 14 9 8 585 40 8733 1054 68 1 244 0 21 1759 2 433 11 4630 81 16 4 9711 4138 5350 6 1606 3 2360 7 12 5 207 33 161 1671 1888 138
4 225 229 25 47 384 0 27 2 239 39 2132 11 21 1863 14 38 28 1601 1 4025 15 5 779 9 6514 1843 68 157 1623 6001 310 18 365 1956 375 19 8 23 7 2818 7895 859 1502 7055
5 0 63 7 119 1966 10 8 32 332 116 439 48 452 5014 330 186 164 262 40 2498 1 3 112 5 62 11 4 19 2 117 3301 240 29 15 9 14 1610 1225 3110
6 62 31 1414 0 61 19 845 247 288 5154 2 29 66 175 39 210 1 10 14 1039 118 3 7170 214 5 11 32 1378 4129 89 176 859
7 96 0 2 49 2385 38 406 4 50 63 3 1156 1027 26 40 194 74 328 1 245 8150 775 442 2266 22 39 11 4848 33 303 6031 9 612 27 28 5429 1310 1290 7624
8 137 9547 2769 41 111 47 3 65 601 2878 1345 60 6 110 286 54 46 364 1311 71 17 160 831 5515 57 1572 5 700 180 7269 6359 123 3198 5812 9709
9 4253 16 5 9 0 1 2 33 293 10 2178 4 13 7 5226 6643 48 1313 3 316 1283 425 123 7192 115 1756 174 6 6382 12 26 1790 6729 1737 6887
10 28 1436 1363 203 4 40 33 9798 2 2844 222 26 1390 836 15 24 0 12 42 19 17 56 6249 4430 6 346 2424 533 2950 587 3430 386 338 9 8 176 468
11 4 3 2 1 0 24 50 18 51 651 7884 663 236 12 175 9 13 2458 8088 7 5299 492 5 27 65 270 72 112 167 21 3000 84 19 323 653 389 268 4370 164 2591 138
12 1 1251 6169 0 322 53 94 3 117 111 2 778 701 6 29 4152 6042 189 56 99 11 45 6571 108 519 78 1107 28 2177 300 112 154 9 2431 2757 69 708 621 3756 1502
13 6 109 2546 8 0 10 4 342 9677 12 1042 1 9 2 74 5 409 1293 7 55 13 463 249 1948 807 35 233 17 226 53 36 1490 19 69 2264
14 0 55 89 4104 17 1190 71 5850 1 143 1378 264 46 550 15 35 3 231 9 4 24 34 65 349 1866 7155 1216 137 233 168 115 355 148 6979 6604 1324 138
15 22 52 3 0 47 2684 5 2065 54 7 2 26 138 1583 46 67 1161 103 12 405 21 1 3711 41 3476 1966 1389 233 3679 350 45 5020 8 309 2148 1290 1310
16 258 264 119 848 807 142 12 8365 170 21 118 30 4752 31 19 234 1315 41 435 1590 5222 7 380 625 517 3502 6 13 167 51 331 64 1210 1401 58 485 948 1332 398 659 126 7585
17 962 2406 54 3972 21 5027 289 42 50 258 25 15 759 5034 20 11 4278 1816 2333 209 27 5893 189 53 32 4807 4938 4335 38 6992 791 346 63 249 187 665 1951 176 3975
18 286 3626 95 157 13 10 38 4781 178 56 2128 796 83 1696 4 8 33 88 1052 118 169 546 465 8703 63 939 21 90 632 26 7593 242 7 3244
19 31 1 9 6697 4 91 20 7995 0 3699 11 5 602 6 2610 10 722 9053 529 23 8488 1072 1011 981 4526 7 7387 55 344 29 1861 142 12 155 859 5926 1737
20 26 356 148 1 11 662 1290 15 14 64 188 495 137 250 107 2 1841 7820 280 5127 57 16 23 7606 516 27 34 32 2979 56 935 3 655 88 8 0 218 20 660 406 3100 135 919 62 5526
21 3684 33 9 5728 4 8 2863 5 3 0 12 168 183 2025 3016 77 366 284 8843 59 55 202 25 469 10 7574 1846 5270 27 4247
22 73 0 23 859 4 1024 6599 69 2628 37 301 100 6035 1563 7 498 24 25 462 389 559 1130 244 9086 10 16 2 205 85 47 14 1041 224 197 252
23 1 4211 42 17 278 31 6 7 193 5999 509 462 44 107 131 2 769 75 1011 6661 57 279 111 203 13 253 26 16 47 177 125 725 8601
24 1217 181 22 21 2665 15 25 641 4908 3003 1996 2282 105 5052 55 1913 39 1 2051 1954 88 5275 443 250 13 4824 155 179 539 6408 74 1591
25 12 129 140 101 266 115 0 130 1235 193 5 2 7685 1001 109 138 3 1134 168 37 344 6642 1 433 1048 26 83 4060 1532 4722 14 8 176 1482 3756 3975
26 1127 3730 171 597 161 278 71 9798 2135 712 676 561 4051 92 3249 3644 724 7 6137 36 409 2052 447 6 151 493 8512 35 665 19 206 138 583 554 3975
27 609 582 0 99 431 12 1257 151 2624 3 6 446 5 2 990 414 11 4680 46 4584 72 77 1 56 10 2862 71 121 8 82 203 2889 7624 2848 3097 1671
28 8973 272 4 3 1 419 2882 5 0 2 297 23 861 1959 88 15 18 19 3458 28 118 123 646 1150 42 44 29 2986 101 4685 6137 99 14 9957 554 900 138 9517
29 84 391 37 1099 143 29 11 2212 70 134 180 8076 15 448 4474 3768 671 226 9357 1902 0 153 4 69 6438 437 2619 163 156 6 197 128 4133 909 9 2955 404 554 3756
30 2091 5638 478 4372 43 628 202 13 1460 1552 1051 419 505 25 205 135 3617 588 256 2951 169 101 4089 383 476 544 815 37 2848 2076 708 968 5526
31 5 3618 1506 47 1530 50 354 7070 1320 0 238 29 7 24 7437 4 6 3252 289 523 3 103 12 2219 172 93 129 1361 2426 75 37 9 27 138 3097
32 0 113 81 6 4 2 5 2715 9 1 179 128 4859 47 5724 4227 235 1614 3596 619 49 10 2683 55 2184 9175 9073 2746 69 148 3110
33 284 2114 87 20 4 17 3224 18 57 34 25 186 315 16 58 11 158 6 245 2521 602 90 13 809 33 5492 2250 102 1621 3 132 36 106 2033 3600 1954 7585
34 3140 5038 10 322 1 12 2 20 71 19 0 6259 64 52 1516 1372 472 412 18 6755 95 5737 4 156 395 62 6 15 51 50 69 554 1089 900 1263
35 108 64 35 51 7718 235 3236 24 8 11 1752 7970 259 476 10 25 2239 483 1074 1909 5221 6012 344 7 4164 137 55 471 529 316 27 229 8450 9709 2591 4371
36 85 337 169 4 714 17 1806 24 49 105 406 1005 40 225 864 5361 9562 99 1481 513 1141 1922 179 5005 23 379 158 1168 3317 120 3110
37 2 510 26 230 7433 23 2282 334 20 4 45 514 866 109 28 4790 16 121 216 582 37 0 6 1740 369 25 817 4478 70 526 594 225 54 978 184 7 57 356 138 968
38 25 1937 337 20 32 59 121 475 37 5472 41 141 94 641 399 73 502 30 839 8444 364 271 71 165 8948 715 24 1424 61 355 65 155 1334 3097 2591 5921
39 1854 10 68 46 209 186 34 1743 172 2503 1927 86 0 2383 2 49 219 1 256 5 166 33 141 9 792 1150 3 322 74 896 6082 121 1671 5921
40 4 5442 117 68 2631 100 6025 3915 49 44 84 672 7777 25 1503 807 82 561 86 36 42 17 218 18 29 669 1991 19 24 77 9652 7 9519 2190 725 1591 5778 566 1958 2153
41 99 1148 156 21 35 11 722 1304 3 2160 474 130 1595 6538 1706 136 1128 1213 2344 14 83 7 2380 8743 1456 9566 9 2735 53 6379 625 372 2076 1679 3975
42 0 3 131 73 1 27 94 2 8 2400 8931 164 25 800 4 26 78 9 65 519 42 15 77 6 603 1516 546 315 284 76 1664 4537 1058 1694 501 9896 7347 2291 708
43 380 15 1232 115 37 5479 109 76 17 68 59 132 382 1435 3488 19 580 224 3528 1723 23 57 26 6783 1866 3532 16 187 197 243 5442 95 28 2218 8629 9794 948 686 2060
44 1017 1401 6689 8056 6044 20 498 71 170 4947 6 90 486 2568 1073 66 4964 649 120 113 1545 891 58 5681 2575 32 88 30 5524 14 197 4023
45 676 95 938 105 301 51 187 225 656 99 42 830 219 2812 390 1865 2652 402 88 121 5641 363 31 41 145 3433 753 951 1012 101 9061 542 2973 2079 309 176 1572 5921
46 9 83 0 1502 15 118 9902 4704 19 1340 14 1489 39 412 206 9021 70 43 8 2 4 142 1 3 6 280 123 1245 42 1704 7 48 788 1805 50 329 63 8160 4148 566 2818 1671 8458
47 1250 383 57 7399 2961 90 3955 188 20 4 225 826 521 1476 345 92 26 2587 9134 6907 2195 17 7 95 3 4063 24 1959 1438 891 16 9768 126 1495 1310
48 5973 2 51 4872 0 14 5915 1282 133 5 4180 7325 4673 300 218 3 12 103 97 28 4019 70 1 662 236 6 3692 9 42 124 96 774 74 4821 252 329 3477 2153
49 762 6 141 4 0 1593 1 1499 11 10 5 33 73 427 1883 1119 3 388 62 1279 2 358 109 8 9 111 17 8180 28 2477 60 407 58 63 1671 8556 3975
50 89 6 1857 0 2 4046 1 279 21 349 150 25 13 6607 593 1483 54 3 56 42 155 66 6158 106 1233 363 73 4659 6130 126 587 176 3244 1737 3097 7055
51 0 1 9234 28 33 4 2 8783 9 213 6 23 4705 597 788 4606 288 966 78 14 13 22 2410 63 200 7 508 21 45 1728 17 159 24 725 334 1989 2420 27 2818 9365 2264
52 3761 38 2327 1561 5625 143 269 2625 7979 1361 1950 56 28 12 61 7278 207 248 30 13 133 1588 2312 603 72 2088 724 2293 339 4869
53 1 7981 266 100 395 14 295 348 2739 936 224 175 3548 8 251 760 753 172 589 396 6571 3 73 1396 72 22 30 475 916 136 7 121 404 900
54 918 132 9162 119 6440 1 88 39 126 597 678 108 263 360 761 124 431 2 17 182 131 490 81 158 736 723 6572 8989 117 1121 38 3198
55 5 2 6 460 25 0 14 132 1137 1373 117 3 75 163 53 1184 1107 11 1209 115 16 108 1 19 3425 8345 8 10 543 933 37 15 57 303 199
56 1741 8114 50 44 799 6348 144 730 3796 3973 1804 1927 280 3794 21 88 46 8702 378 6188 1697 3131 35 3338 161 22 426 5566 209 716 719 359 455 139 1016 609 684 9742 3244 3097
57 20 116 2062 287 3249 3324 936 5797 884 1461 378 129 2706 36 1518 24 3499 3059 3689 10 268 780 519 127 5834 1152 797 138
58 9414 876 2193 466 8886 1806 1484 79 4895 294 369 864 2832 2064 515 1587 514 6510 1603 666 9175 334 860 1635 4596 70 387 4977 2593 9886 867
59 93 35 3843 6238 225 2187 1429 64 1728 11 1264 1566 216 2295 2479 902 127 82 189 2980 37 762 1412 605 58 10 70 585 933 34 4184 41 1066 8 494
60 36 710 452 19 232 122 3759 52 20 33 1126 4973 9442 6234 297 25 14 65 40 6 55 15 753 412 5269 5845 1361 2604 22 90 257 74 280 401 38 212 69 1513 8 708
61 56 282 987 299 2145 3 29 10 79 310 565 229 3940 86 373 81 6 356 52 5055 411 89 49 23 1167 35 358 265 14 362 576 1283 984 2960 6787 37 1737 1495
62 770 17 6 4 5 87 1373 5672 118 169 454 43 75 796 92 90 1169 216 1826 13 29 587 59 162 38 33 1117 583 1187 354 65 869 138 1263
63 45 2363 24 147 148 22 12 33 3 280 5410 1206 59 42 1183 2690 14 5190 5 16 19 2921 7 0 77 4 652 15 8 1524 3337 2 34 9 1554 1395 1495 138 583
64 276 57 47 53 336 245 3561 54 178 150 112 45 238 756 41 208 2958 13 2262 91 18 3520 512 3032 46 6767 2177 7231 1919 1236 7 1446 1061 93 5091 1428 671 120 126 873 9584
65 45 33 102 2805 9 343 35 835 59 97 626 52 104 428 323 34 127 183 65 402 15 98 246 6243 332 76 2235 156 982 436 107 4182 9559 5921
66 669 158 36 795 53 33 296 60 211 6934 3289 1272 78 1102 1677 718 101 23 723 77 46 1967 2210 556 280 1340 801 96 885 1990 309 138
67 38 119 200 5170 131 652 94 17 1079 50 74 7702 41 33 2125 44 29 71 4386 4 934 715 637 19 250 2193 268 2496 23 6912 120 9709 1737
68 1593 651 2657 173 134 18 499 2517 76 28 168 1078 112 34 8 59 273 2942 424 222 19 418 190 20 184 16 447 984 992 3 217 3158 635 517 275 148 121 8458
69 699 216 2662 738 119 99 1197 257 12 32 8004 1628 3710 231 59 689 2551 142 153 209 47 145 1522 36 15 68 224 542 243 977 1482 1310
70 4 1574 1141 1084 5 204 301 343 1224 3246 560 180 3624 43 313 54 2433 4241 1059 32 19 464 1710 3784 14 887 255 9556 15 1365 89 4139 2524 228 8 4820 859 2153 2848
71 327 473 817 13 590 49 18 196 44 1456 358 105 906 793 34 114 170 296 157 202 768 6980 257 2696 541 210 6166 37 30 103 1073 659 6018 442 979 919 1502
72 8168 201 1807 45 316 10 742 131 91 29 508 185 66 1001 1621 739 3282 120 428 208 299 1421 1667 822 84 7961 81 2014 67 1300 304 216 49 271 9 356 1122 3244
73 178 1039 308 1845 6410 53 751 103 333 165 254 18 70 79 127 2424 1562 648 605 579 3166 293 6504 4151 39 1516 20 3357 120 309 1334 3774
74 9 48 51 270 227 3079 2199 9295 36 71 2522 4837 1979 3730 3609 6450 75 230 1026 91 7208 145 201 2156 5792 1917 8875 1775
75 262 43 277 7463 153 1953 338 3797 5819 69 511 1130 9 325 396 517 1181 195 80 8006 4197 101 746 45 9718 1506 1948 2098 3056 3052 1604 6165 9584
76 43 0 2 39 3 10 3228 16 27 455 5 22 103 128 245 11 3279 48 17 47 1 8 35 556 2938 12 6 34 45 204 166 155 2060 2264
77 1407 1071 78 8466 6745 2378 3603 22 658 183 62 254 9355 1087 203 9710 5872 533 180 95 302 715 512 1228 53 1577 102 528 249 142 2398 1992 3591 402 251 554 9584 7055 2848 8556
78 1710 435 3900 3274 7818 96 2202 633 247 83 3735 510 2451 58 4452 1105 91 422 18 1686 1075 20 190 152 635 680 5278 215 318 8015 14 632 2579 285 3923 1737
79 0 500 2051 33 2221 98 238 5 21 2 4 3 1757 227 23 10 7 77 218 351 1896 11 130 2838 2987 1121 1318 9041 72 371 176
80 3124 6307 328 147 12 45 1195 27 24 906 102 3171 39 3017 1237 974 8839 75 5801 7763 7591 44 81 7 1837 20 9 1004 4858 2087 9335 432 63 2136 4618 139 1152 708
81 17 83 124 67 134 645 161 31 429 687 2842 36 10 1663 217 503 3941 209 2932 2475 466 662 20 81 5731 539 510 1571 1017 152 4594 3849
82 3066 2650 4081 1968 120 9460 42 904 6043 1329 5882 320 1691 58 6037 48 524 7064 1844 1983 196 110 55 2048 1872 10 186 277 5675 341 5144 4465 20 914 1077
83 51 42 1532 134 1388 353 412 280 739 501 654 503 2014 6005 67 7687 95 3194 40 6828 17 87 27 5688 65 994 1044 2685 181 182 1328 1746 9040 228 199 4390 1482 1671
84 9375 256 9890 39 16 111 1 86 47 20 32 36 1963 2158 163 43 143 1158 5063 46 837 307 7341 18 227 371 1446 21 1397 3008 138 1290 6729
85 7557 720 31 1071 15 6475 325 275 2929 1243 51 3593 5 128 73 1222 19 216 269 2146 7214 59 217 149 430 1449 152 30 88 139 2628 332 1604 355 138
86 168 7497 3881 5294 5197 3790 97 41 21 27 188 96 13 2478 5863 940 2233 599 4552 73 23 79 1 19 419 1340 726 6 231 362 113 980 358 32 2444 138 708
87 18 4040 3053 6614 8949 251 6779 4048 6052 97 91 949 2498 6045 176 2334 24 425 2594 177 2482 110 1009 3160 82 26 242 1725 451 98 2078 7345 1958
88 10 2209 1808 76 1828 655 141 229 3814 158 155 238 25 8461 1110 1776 4329 452 7266 24 322 92 3400 250 95 1462 3977 17 3488 9 23 3022 182 928 211 184 138 1737 7055 9709
89 281 538 44 75 3354 3526 335 112 624 257 837 199 3137 28 140 156 267 30 1739 2019 669 178 6087 2527 4971 658 90 220 2860 60 161 46 348 2321 283 107 139 7624
90 331 6549 12 33 908 1729 1514 2380 22 4259 75 159 3790 595 11 4408 3642 43 13 84 2228 67 4225 806 610 98 255 287 9561 554
91 38 970 534 1066 30 124 3909 104 1091 1932 207 1287 68 445 64 59 29 1142 8585 122 1474 133 2452 419 438 843 4581 1419 881 948 9584
92 1351 106 752 56 527 293 2967 169 248 5246 152 147 1803 1053 12 5539 104 3676 5667 255 677 351 90 903 24 54 30 3511 156 549 166 1122 138 3244
93 989 5001 805 3535 12 84 86 2809 87 418 7748 2924 111 772 2295 470 589 412 2664 276 5 48 162 1886 60 1638 3700 1052 4090 2591
94 975 264 1000 232 960 114 257 7971 180 5878 3141 13 842 22 135 91 268 1741 356 151 544 194 1548 2968 6424 9977 63 332 557 1140 132 655 8103 33 130 2402 1290 8556 7450
95 178 886 262 84 107 98 1049 170 3712 9 6636 75 160 255 43 191 685 1756 264 7866 4300 458 1988 389 713 103 3484 941 1807 1216 694 14 8992 455 1114 5554 155 1671
96 88 53 57 450 1903 318 605 2746 87 177 17 259 630 1530 1247 378 455 18 1404 153 231 64 24 1272 1558 1506 301 357 162 1721 255 4632 4 628 8 290 554 5482
97 670 31 4 34 0 9 14 99 519 1478 3 658 413 212 1258 13 6 61 2 1992 1002 960 1 278 358 1938 411 5 168 249 4301 6102 1954 5276
98 205 1487 106 46 1 42 40 0 179 43 410 5 23 9 157 26 1658 175 2 8 13 5748 6400 556 56 105 412 5645 210 27 1184 3097 1263
99 39 5021 5359 4683 53 216 1989 4604 6705 117 2 15 1 26 694 143 1088 55 226 36 102 1137 406 9908 840 199 1823 3980 13 964 3004 8 7454 155 252
