500
0 9791 8646 5584 1600 4558 3501 5972 9067 7480 7086 8460 2491 7044 9376 6258 847 2013 1343 4326 2962
1 694 3249 4136 1590 7321 7233 7144 8481 2434 7510 3926 3723 5880 4985 8994 259 5715
2 6076 1319 9274 9079 9856 2469 6964 4225 9566 4134 3602 6635 8193 2327 5715 2962
3 9885 3340 1649 9388 5690 2687 9466 4291 9248 624 2125 3537 3193 6611 4728 5326 427 2240
4 9967 8935 8984 7718 8831 5503 4622 6342 7870 8298 8827 5548 5677 7736 2240 3758 3074 1668
5 3211 5332 2858 2658 8501 8923 7522 8758 7495 9820 1066 838
6 5679 1034 6227 5850 4128 9768 7567 3746 3415 7641 7296 8125 79
7 8965 6253 8781 2224 9428 2044 3288 3727 4431 1757 794 457 7713 3783 9968
8 2272 7741 7552 4186 4714 2638 3787 93 4572 3376 1710 7883 9244
9 2225 7362 6917 3416 891 3983 5789 4380 1111 1793 2707 2630 3077 7883 2
10 1963 8443 2804 2730 2560 8952 8469 2934 3484 8131 155 9224 6938
11 3693 2417 4370 9350 1431 4891 524 9867 7797 6492 4684 9933 7413 3877
12 8738 8808 6626 798 6963 7152 740 7685 5152 8566 7545 1289 3012
13 8464 5430 4662 2169 3959 3928 4508 3785 5920 3841 7425 6547 5962
14 2082 4088 9184 6471 6594 4224 6573 1639 3097 1238 5748
15 4761 1151 7482 6154 4284 3977 20 312 757 4888 2818 6467 732
16 2157 5007 7770 1220 8234 6840 6055 4474 8085 1972 7690 7206 6613
17 8637 9457 7134 1445 3311 738 3059 5714 9550 7239 3144
18 4671 2515 5338 5179 6269 8625 4395 8216 1344 5795 7968 5322
19 5611 613 2067 6565 8739 2903 6426 9588 3751 2161 205 3111 6030
20 676 1239 9194 720 8793 5630 9510 8542 4010 1847 573 4835 2263 8722 321
21 2545 1927 293 2981 8106 4349 8609 7606 3404 4461 5429 7062 6914 6331 84
22 3745 8163 4696 7503 3604 8167 8157 8911 4147 3283 6497 8588 9395 4531 8491 79
23 2258 8513 5660 7445 8311 3525 196 82 2070 7122 5112 9842
24 9210 827 8581 747 1097 4859 4841 6345 972 3961 4909 7699
25 2973 5548 2008 3287 6439 5710 6509 1291 1438 9108 2745 8484 935
26 8216 3005 3581 5395 5462 5155 2215 686 8011 6542 2213 4151
27 5957 831 4649 7058 7430 7627 8992 5663 5816 5848 2
28 9502 9862 9364 9859 2089 5754 4837 9505 8303 7063 6024 2773 79
29 6665 4568 4099 9734 5533 2364 5419 8544 316 8794 321
30 6624 4739 9642 9929 915 0 1180 9233 2596 9215 7791
31 3588 3150 2644 7903 3594 5204 2017 7116 9366 4470 8538 1401 9199 321
32 9568 810 4014 9657 491 7792 3722 8014 3152 3153 650 3894
33 9161 1558 7288 1964 2074 2645 6599 5202 8208 8294 5656 1790 2240
34 7849 616 8376 5956 4827 2296 9463 2379 4913 9693 5862 4901 2
35 3382 9207 750 2939 4580 2730 2500 6208 4183 7117 9169 6332 3982 5715
36 1032 1047 5486 4195 3442 6498 8136 2512 8707 946 247 3586 3521 2962
37 1711 4594 7066 6058 499 3510 706 1494 4978 6420 1657 7240
38 8595 4118 4083 4557 2129 4251 8851 7870 5433 8008 3119 2422
39 4970 1215 2764 1441 2497 5422 9321 7999 7218 1674 496 5277 1134 9007
40 6480 5394 912 6273 6038 3587 6640 7195 5523 5069 5407 3683 8387
41 6311 4716 1606 2187 3999 463 3563 9366 8861 5808 2196 5462 3363 2212 1383 6054
42 1767 720 8295 2669 5280 4944 4546 6144 4819 2987 2119 2346 1070 3104
43 3649 2130 3084 210 1004 812 8816 9823 1555 3051 8627 8461 1379 6550 4901 9533
44 5836 5997 8597 9204 2896 297 4523 1716 212 3340 6022 1763 259
45 9887 6862 7769 364 1827 7090 7489 8604 1902 3535 1838 6869 3883 3541 6134 9007
46 2796 1027 7484 9087 233 4331 2610 6379 9898 3454 5359 5899 7949
47 7261 7424 8740 1721 8672 6353 2368 8864 7364 27 7075 372 1770 8904 1534
48 4419 341 1179 6540 2816 461 2495 3904 9980 7078 4749 6739 574 9930 3936
49 956 4417 7909 4915 6341 7807 6166 1632 1982 2479 3797 550 6428 1668
50 7743 3636 699 8993 5146 9776 1200 6676 250 7967 9993 1625 4199
51 2622 7111 1804 7118 8859 9706 7194 7353 4242 5589 3158 7880
52 3848 4653 2959 8516 4032 6158 8032 1581 1176 3064 2555 5715
53 2823 2514 818 449 652 9484 2234 4937 1598 5428 2757 8109 7289 2155 1774
54 3171 9148 2582 1342 5672 1765 4763 4322 3703 7762
55 4306 9317 8779 5393 1451 751 5525 4439 6034 1457 7885 2436 3172 4308 9931 2288
56 634 400 8225 3536 3611 1394 3846 8119 7527 2028 625 1299
57 4312 9643 4387 3643 4994 7313 9711 7851 3992 362 1195 8092 2986
58 8384 1549 5240 4252 1682 8280 1233 6823 5499 1851 1942 3074
59 2919 2441 8383 1682 3583 9725 8510 8586 5552 1752 7296
60 7290 7114 5476 1146 5036 7611 2586 1362 2274 7193 5437 979
61 1170 8275 2602 3691 2201 7859 532 9935 8113 2830 4801
62 2824 2225 6010 6880 169 3274 8198 2956 2099 240 9604 4341 7699
63 6329 9512 4401 1708 1719 5950 2548 191 9743 5477 8353 199 6030
64 4779 1849 2590 1280 9696 6826 262 174 3476 1510 535 9440 8982 6385 1625 9545
65 7893 9266 2745 3362 8762 7775 3895 6882 3481 5649 2353 4505 102 7547 3707 3144 1668
66 7409 4530 8101 2006 518 5737 3857 4646 8805 6691 7525 6452 8580 8005
67 3739 8295 783 7448 9835 1010 8645 5861 6541 4450 1161 6496 1835 8594 949 3936
68 6350 5765 5346 6263 4386 8543 5242 5127 2401 138 7120
69 4390 7248 3294 16 9140 9440 8073 9675 6454 3877 7652
70 7884 7543 9041 4906 1740 2701 348 5396 2566 3715 3789 7131 6712 6778
71 8520 1363 582 7789 2160 2640 4327 4659 8224 8067 227 9034 488 5636 8361 208 2288
72 4142 7965 2371 594 9888 8785 8683 4496 6507 2788 5659
73 8281 3672 9104 70 2430 202 1163 7675 423 3377 4352 9533
74 23 6793 8972 2236 7591 5023 5256 3735 2365 2805 2693 9848
75 490 3383 22 734 5549 3121 4319 7559 62 5055 673 6547
76 8399 3523 4133 3529 1628 4089 5617 3338 9895 8174 8722
77 8287 5208 963 2771 6925 9229 3336 9874 4247 3126 8352 9281 9453 5412
78 500 5492 4759 5345 9413 566 3280 1049 3619 3135 3936
79 5153 7536 3806 1663 7904 4478 2107 6132 1509 5595 4393 8986 4180 6101
80 2194 4097 1540 242 4830 955 39 3947 8698 8674 4241 9138 7732
81 2925 9196 1715 1064 5331 9809 3770 4490 592 1945 5245 5251 3543
82 4421 1889 4265 9171 8297 2435 157 8957 6851 7537 5526 5533 2958 3758
83 6035 8523 7400 6370 1259 2494 7513 3681 6027 2882 2037 7465 77 1479 3870 3125 8431
84 2326 8305 2746 754 833 9932 7164 5478 3807 8735 4007 6717 7517
85 4214 2860 2759 9196 9711 8615 4774 6723 3625 5560 4661 8880
86 5178 83 2623 4995 3122 6587 8866 3502 2148 1897 9093 2983
87 8147 6988 3716 7901 9513 6213 725 1626 8579 7617 6424
88 8743 4524 8340 7383 3987 357 360 3614 7775 6577 3963 9080 1091 7949
89 7923 8964 8954 2202 6720 3101 8593 9671 648 6167 89 5557 4310 8600 675 2685
90 3035 5797 6503 7327 231 9702 4710 2997 3429 9405 920 1611 427
91 360 4688 1577 1236 3739 6389 2972 8204 6992 760 6636 8514 7426 2555
92 8041 5796 9262 3502 6794 6690 8389 3803 9106 8644
93 655 8143 9001 8329 8732 8051 8943 5730 1158 5661 4029 7629 7234
94 8061 4992 649 9986 4585 9864 3018 3664 9546 3118 3243 4071
95 6259 4416 5705 2680 44 52 6854 2837 5667 3454 3537
96 4623 8583 9238 1230 1521 3318 3194 4991 5540 4734 7852 6049 8125
97 6231 71 8904 2124 7747 4076 1893 1989 626 9831 4429 7615 3316 7949
98 3015 9288 7918 9683 9521 8467 4769 4987 9587 5825 367 5917 5762
99 3057 4243 2126 2339 6395 7248 4366 9414 4353 5437
100 4970 1285 7974 2874 3372 1622 5824 1567 8357 6646 6089 5099
101 6402 2938 286 9326 2290 7404 3097 4158 9305 6808 8054 8145 2555
102 5628 9641 970 1218 5375 6743 8806 72 4344 1359 354 6946 2555
103 8097 4103 6461 5312 8617 6706 7306 2631 7228 4241 4531 7153
104 741 5388 2509 1242 4755 161 5282 3182 5466 4995 8105 9842
105 8010 8807 9988 1318 2077 6961 765 9248 8453 2779 8075 3130 447
106 2584 7925 814 8925 2386 8738 5296 6951 4066 5553
107 3324 5547 9690 9367 2723 8348 7467 5550 5195 9650 5388 6324 148
108 5427 7953 6780 8432 458 9811 5442 5382 5465 6470 6134 7153
109 6522 5968 6231 3310 4763 6579 6008 544 834 2109
110 1114 8138 7540 1226 984 9159 5909 1361 4294 2508 1153 3504 6836 139 1534
111 9475 9102 1683 4821 932 5621 8410 2614 9558 6116 9085 863 2182 9075
112 3896 5847 8899 6516 8416 9744 5010 1930 1909 3864 2666
113 9815 8486 7231 7543 7980 6708 4332 1450 1773 2462 2203 4034 4624 199 2643
114 3031 5829 1602 4851 382 2221 1398 854 1164 6748 7902 4527
115 8002 9774 6132 5626 5958 8577 142 5182 6423 4965 5504 9197
116 1718 6763 5350 1357 3609 9397 8999 6517 1637 1391 9244
117 2054 5864 2953 6609 1573 4761 7112 8987 5762
118 8059 5804 6653 7635 5209 8699 1181 7801 5622 4840 1040 2475 9075
119 9247 3643 7190 8080 6042 4229 530 6179 3610 513 4824 8994 2288
120 5960 1014 10 2000 5941 8363 3235 4534 2220 1513 6908 6502 8841 183
121 4880 4541 1191 7137 4743 428 4741 1078 7160 7213 8471 3450 1150 9834 7153 7652
122 2755 5741 4641 1423 1115 8240 7877 735 9302 1081 3232 5880
123 8016 5722 3805 559 9960 6299 1327 5991 1044 6762 6060 6938
124 9459 2910 9738 6242 8384 5232 4237 2062 844 244 7841 9351 1554 6196 4341 6538
125 6601 3828 4550 2197 4031 3358 8898 8903 3665 5451 9007
126 5998 6514 8508 5706 5858 4422 9798 4158 5054 8272 2147 6018 3989 1260
127 9700 3851 5148 7003 5582 8187 4018 5275 9995 2607 5401 8134
128 9796 8476 1854 3907 1908 8976 2470 1914 2549 5923 9654 2485 3163
129 1024 8937 3229 503 4080 8413 6092 2711 1456 34 7516 2744 7459 6827
130 9959 3456 6974 773 7208 8966 8913 3392 7197 7210 8290 7204 3584 7652 9968
131 9458 7143 4808 3121 4209 8803 5855 9015 3820 1108 4675 7771 3117
132 516 3838 3216 5794 2256 265 2406 1888 6221 136 2404 736 1571 8498
133 9192 3682 7843 1789 9747 4586 4540 2485 5592 7991 2033 5085 9800 325 9615
134 182 1349 6103 9624 3267 9529 4521 9648 3596 137 6693 3885 4340
135 6224 3978 263 6837 5046 8408 2462 7956 6434 9576 3054 5339 3981 4855
136 7121 5008 7962 5121 1861 29 7363 8766 3873 8837 5607 2892 6613
137 8213 6195 7117 5389 96 7358 3995 6468 3457 5734 2483 670 6672 935
138 1620 5159 8629 6338 2285 6501 7607 2120 2127 2126 5580 5783
139 1279 4054 6337 1309 9959 9420 5141 7072 5469 8279 9797 6465 7438
140 1304 7475 1734 4175 2498 9419 6318 1336 8211 9499 4596 4176
141 5561 9905 3812 7573 1006 7377 5614 9882 3819 4561 1984
142 1698 632 6857 8084 5556 8407 3813 2506 2308 9988 311
143 7604 1198 7963 9450 913 6527 6066 7692 761 1125
144 6105 7986 9503 1455 7042 6275 389 3526 9125 6320 5662 5887 7751
145 8714 8200 6078 9799 3600 8162 5764 433 5859 1737 2058 5446
146 5919 7308 2341 361 1627 5379 8647 7463 4270 9871 9655 7105 7
147 1178 2880 7006 9333 3794 1316 2985 711 2302 7606 1670
148 8098 6590 7236 392 493 3169 9006 5818 6786 8193 8125
149 5363 320 213 608 3222 8276 5779 8980 1618 8487 7652
150 4485 3973 4201 6890 151 1063 1102 5676 8915 2412 8495
151 6171 7888 1574 3667 2778 8949 3864 8241 5400 3721 8099 9132 1352 3894
152 8118 2279 735 2530 6558 2532 8188 237 291 9239 638 6538
153 5022 9482 2392 6774 9329 1834 3853 917 2539 3599 8742 4347 8831 5406 1105
154 3336 5914 7215 510 5555 3189 7567 8288 5805 4356 7439 9270
155 6201 2706 7817 2850 1038 5485 9954 2476 9255 5531 4178 759 1353
156 4924 6752 2071 8619 9706 639 1408 4301 5353 9026 9839 6069 1297 9283 5248
157 9752 1673 286 5075 1201 5835 4289 1386 4647 2121
158 9757 8862 8741 3613 5416 4542 2231 5450 2715 4986 5189 6931 4786 7762
159 9816 6065 8264 4560 2550 347 8718 3394 1272 4832 4651 2294 3285 8212 5962
160 9064 7816 7492 7021 1664 7556 3392 4484 9172 7643
161 8263 5161 6183 9409 4039 674 6056 1805 9722 7787 1189 5581 9137 9637 7709
162 5963 6548 2177 724 8160 8306 7330 2188 6133 5365 7329 6537
163 4908 4046 153 5601 117 8308 8983 2214 8278 1311 2155 5412
164 243 9760 8172 165 8673 7469 2576 5940 2776 657 6511 5992 5838 2904 935
165 2741 201 7584 9047 5347 4807 8370 6601 6478 1677 3230 860 30 8116 979
166 1535 5179 6017 6953 9593 8568 6722 9634 3605 9732 3368 1979
167 6041 3622 1867 5726 5405 6005 8060 1562 1045 2948 2286 9226 8183
168 2752 7940 3398 4328 273 3824 8527 3210 4255 4752 4966 5234 1296 2583 1134
169 9597 5011 9123 7804 4971 4569 9921 4143 9858 5825 4086 4591 4280
170 4906 1007 696 5781 8721 868 580 4483 3816 4367
171 3755 282 1881 6444 1142 2180 1271 1267 7389 6027 8358 3316
172 8768 6531 6546 4778 4094 1424 6062 4721 5502 2649 9764 2345 8734 6187 9968
173 7196 2385 3971 287 4077 6115 6135 2572 2499 9710 5043 8728 3113 7762
174 8960 8797 7869 4041 1850 1123 7119 5143 3689 822 4475 9056 3650 4780 88 8671
175 5522 4181 8313 6563 5686 9398 1693 7486 107 1746 6281 2155
176 5520 4382 3095 1785 1882 7799 2931 4791 6375 6972 3714 1572 5748
177 8571 7811 2879 9312 6818 3334 4414 9511 2457 6824 4135 1686 1799 8221 4664
178 5371 4206 9121 3592 2845 4532 7042 4182 6666 5869 6613
179 9094 1962 9818 1633 6637 8995 9258 5490 3762 5384 4123 7398 4464 6825 2005 9244
180 8653 1481 888 336 3080 9508 7586 9372 8882 7755 8447 8442 7216 6615 7087 4450 4400 3012
181 5534 6236 4084 2951 5929 4998 3793 4042 9804 301 605 2483 2871 4345 7234 5862
182 8517 2233 3980 4159 5027 7076 6568 4189 969 133 2466 569
183 5574 8626 3298 6348 4253 7954 8684 3256 8246 936 5961 5445
184 9386 3744 7318 5447 6713 809 996 4512 2603 7355 5111 6978
185 4887 529 6686 575 7480 421 8546 302 1940 204 1953 2121
186 3774 6572 6934 5873 1302 1162 7232 7340 3061 1348 3012
187 441 3037 6507 3333 9146 6312 9331 6241 7601 6437 1354 7699
188 8458 7168 8424 2354 5193 2930 9784 8900 3320 2900 4907 5445 3074
189 7245 2228 8480 2055 6928 4296 316 992 8033 8173 7698 8345
190 3193 146 1506 2872 3943 7214 4708 7470 5637 9014 132 1557 8134
191 5084 7638 3900 9524 4565 4735 1841 5389 4264 6353 8375 2877 374
192 4434 7435 5235 3353 7223 7910 3214 7174 7875 9649 3050 2704
193 2076 211 3370 4829 2977 2248 7800 5711 1665 7252 4045 4199
194 663 8889 6205 141 9554 7073 9133 9028 7221 6950 6045 9493 2465 882 6175 7948
195 4982 6586 8767 2501 5532 2389 2689 4856 1145 935
196 1170 498 4736 6872 1604 7941 2585 4562 6765 395
197 3573 5554 7269 1515 9056 8186 7186 8228 8587 5644 3784
198 3017 5119 2547 4665 2329 5958 5666 4849 6639 7833 3079 6920
199 9899 6691 5110 6422 3390 2878 1694 3508 8971 4107 4326
200 5897 3608 4510 8828 4825 7500 3306 2275 1052 9370 8021 9731 745
201 6123 6832 4073 5693 3419 5882 2503 1783 296 2176 8934 6899 9301 979
202 3923 4292 4172 2780 4938 2851 6172 2476 2164 6511 9265
203 2291 3855 7493 4720 4116 4213 8627 919 9808 5038 7219
204 307 3277 3887 5287 6143 9522 7603 3768 7926 9618 1071 6296
205 1274 2952 1620 219 9691 7784 7837 9923 4033 3251
206 4388 2420 5515 3463 9414 452 9592 9558 6959 6878 2676 930 3021 6676 583 9545
207 3871 5192 6260 5675 7327 2140 8081 6457 4897 2690 2391 5885 3836
208 1307 6223 7503 7155 2245 1164 9060 8195 8605 6063 1294 6607 8973 4463 8716 5412
209 41 3538 9532 322 8057 7688 5431 3227 2431 4559 828 5883 660 8406 2288
210 9348 6315 9664 3195 9389 2111 7229 786 5257 5587 8562 6102 523 6101
211 5831 9622 5434 288 5176 3506 7110 9418 1938 336 2798 1428 8169 116 5412
212 3209 7733 1017 7249 3692 5624 2751 4486 8748 7474
213 8223 9407 7601 2129 7258 8015 9327 9342 6562 8119 8231 788 7314 8090 2232 3666 4341
214 6667 5424 7625 9282 8668 147 4166 4959 218 3821 4671 55 9533
215 4814 2506 2472 5285 884 7227 6033 5135 7055
216 1399 4445 2992 9137 4746 5158 709 7061 3142 3147 8337 2613 4972 376 7575
217 7265 9539 9069 442 3461 8521 3759 4674 1443 3240 6327
218 3549 8878 1978 6709 7353 1890 266 5229 1950 2702 715 7569 7167 7026
219 4848 3018 6269 6606 1077 7528 9181 9156 4495 368 6355 5177 4354 3905
220 8419 4996 5929 1044 5606 939 2492 1586 4402 3262 2802 5230 8522 6170 3877
221 679 3710 8004 2229 907 1840 142 6647 335 1348 7429 8994
222 4777 9595 6877 6157 1435 5209 2913 4693 2293 6525 7185 3371
223 3202 2754 7414 2796 2963 9770 1440 7322 1822 3748 2533
224 3469 1202 539 4394 6560 578 3642 1146 7754 6924 9990 935
225 1458 7028 7747 9067 6429 659 8410 8368 1335 2189 6482
226 417 2381 3558 9400 2770 8461 8822 6628 6043 7401 7895 4501 9178
227 9429 2672 1621 3776 7907 4657 6232 4057 4185 2902 3032
228 493 4304 6937 6176 4806 7251 5103 8787 7304 4812 4230 9556 4027 7438
229 9920 3351 429 6529 3418 662 8440 5085 6681 3539 9667 475 1871 4326
230 4722 9604 3486 3467 8526 3438 3542 7415 3351 5317 1149 5762
231 7681 8072 7065 4795 3657 7447 877 5300 9686 9638 8260 5185 6351 2773
232 219 799 568 5049 9445 1000 6758 2143 8404 8507 8307 5477 5340
233 1536 5045 4008 1652 6232 2061 3260 8457 5012 6502 5494 6095 4314
234 1171 3616 1386 7338 731 2138 2059 8916 3764 6464 4311
235 7443 7676 4307 2342 3099 8817 2562 9839 6381 9818 751 945 2699 1984
236 6316 362 1565 2998 7322 2641 2343 260 6003 425 4170
237 3600 482 7235 7453 661 5744 193 4015 8018 9374 2986
238 9245 7827 2747 3462 2405 5015 3409 9255 7721 9167 1106 5307
239 6896 9878 7865 5537 6478 6211 5509 8426 8023 3297 2133 9470 2288
240 7169 6890 6905 178 9423 1958 6506 8953 5293 9206 5348 71 6631 9573 2986
241 7628 3625 5093 7853 1937 8390 8682 4409 4645 8854 9003
242 6379 2946 8196 6524 5016 7578 8990 8650 4857 1476 3982
243 1448 6273 7609 7491 7170 2217 140 3902 5704 1916 1405 9139
244 3918 571 7693 5683 7148 4899 1650 5447 5131 1072 8130
245 6954 3180 8882 3879 9694 338 8319 1437 8674 9485 7481 9129
246 9360 5529 2598 6733 4871 7738 419 8331 4867 782 3081 951 4199
247 3014 1732 5166 3815 2191 1586 9057 4140 5729 5810 4079 9842
248 5683 1028 7916 7237 8520 4381 7772 2078 8522 3653 2673 6545 5643
249 7624 3587 2748 6757 851 319 1046 8400 6656 2183 9139
250 3796 7860 6663 3626 5952 6952 8665 2976 2834 8462 7949
251 1035 2817 1678 5578 5809 6125 5750 2737 276 3655 8705 3241 9392 4822 640 8462
252 8942 366 9368 588 2676 4961 644 1982 2922 7544 6639 4035
253 8000 2564 4830 7371 9547 3634 1130 4583 1467 6417 8445 4035
254 2695 8850 8052 5853 2709 2453 3829 144 3048 7782
255 3637 65 3946 9134 7595 3791 4910 1996 6048 1721 8391 3561 2437
256 723 9308 8572 4553 6694 3086 2313 120 667 3565 3356 2264
257 1416 9726 4253 8359 4987 4448 6415 6216 8780 2012 1323 5400 5902 9244
258 8728 9127 7149 3548 9646 9666 5567 7796 1248 66 6881 7386 8258 6488 552 780
259 7526 5610 4181 3056 2432 7377 4942 6654 8275 5468 9602 1773 7736 2643
260 214 9703 2454 5415 3724 2463 4635 8175 9716 2296 9527 3284 2639 5966 412 3936
261 3884 3778 9063 333 9953 2992 9243 5335 9242 8236 8858 9483
262 6876 429 1020 4778 6848 1636 7004 9715 1807 329 1835 6362 4199
263 5100 2655 1629 9068 3670 6357 6309 4257 7276 2403 7938 4870 8716
264 8029 1588 7384 2068 9828 8511 6556 6265 2795 8531 7806
265 210 6287 2749 6585 7490 3840 6364 2105 36 5680 1387 7040 267 6044 7949
266 4599 270 8715 4579 6181 9997 961 265 9111 8268 340 399
267 1548 4981 4968 9577 6777 1813 3464 6971 9362 8814 3877
268 1906 2780 98 5246 448 131 1581 5418 7351 4148 1328 7133
269 8989 9348 2447 3217 2614 7060 6641 91 8720 5766 4081 2175
270 871 7642 224 4588 4668 2688 1122 3279 4929 1611
271 1695 7648 7247 5546 1420 2696 2458 873 6616 2923 7317 5023 5743 1157 4093 5163 9219 6141
272 7697 8420 645 6523 2694 7125 8153 6066 8307 6021
273 1136 3447 1435 1735 5019 8680 6013 8081 9083 3741 4819 3837 1574 7861 1710 4909
274 9355 9451 9256 4620 4444 7281 173 6412 5426 2727 9330 1205 3720 3023
275 9526 864 2460 9048 2103 6290 4279 2727 1282 7314 476
276 5856 1372 233 1824 9845 8117 2803 9626 398 756 3941 5177 6482
277 1676 696 339 8944 4111 7581 8845 3121 4941 6082
278 1771 416 8253 8753 3173 8084 5126 992 6861 7977 874 9997 1219 8644
279 6144 7231 7779 7730 5360 2281 5327 2572 473 8150 952
280 6640 206 658 4334 1093 4287 3471 2357 5392 3745 1956
281 9477 1556 5073 6845 2369 7784 5408 5797 1436 8388 7899 7997 6534
282 4691 8430 226 3897 4629 318 7937 4271 97 8036 2433 4302 8140
283 331 7220 2967 5568 3168 5493 9044 1542 5964 9444
284 4555 9352 845 8675 2844 9126 6286 1517 2190 8068 3905
285 8678 2082 6209 9674 1298 6340 2504 2868 5869 5880
286 9474 9673 7506 8717 7943 7776 2359 6911 4347 447
287 5691 4387 5140 2971 5144 4607 2029 154 2037 5211 8212
288 6770 6039 8213 9785 175 3886 386 7556 9889 4632 3885
289 6514 2844 3424 2519 3867 6413 4556 887 1935 8367 5665 2038 4437 8043
290 8898 999 1672 304 9101 5283 5639 2722 3308 7043 9571 4626
291 6831 7638 1021 1522 3152 8948 5517 3242 8747 3677 3303
292 9081 2424 4023 7427 4851 2418 5151 8749 8632 1364 6447 6054
293 6718 7593 2935 1410 5017 631 6401 672 5402 9276 5409 7922 8332
294 5905 8818 5013 3418 1648 8434 2300 3772 9955 6270
295 8744 3645 764 3275 6888 538 390 587 2235 9294 8876 3728
296 4538 976 6997 9803 2536 9675 7461 3252 2835 5181 6458
297 172 9557 4809 8815 8624 7927 2536 3536 3378 220 5458
298 1717 2531 5024 4051 3286 1614 6918 8681 2628 7839 8701 1287 8043
299 8455 5228 562 5738 6456 2278 4363 2915 1317 7298 7020 3964
300 8613 8425 9295 86 9627 2864 5571 3988 718 62 5044 7434
301 6278 2996 2859 9830 1212 6809 8265 6730 7345 8245 2101 5310 5251 6134
302 6841 2635 8708 5749 1595 9487 1878 5258 600 3227 7037 7655 9934 437 9004 3144
303 6320 4522 8040 7975 6912 9953 6879 5092 6616 6295 4328 5515 6149 9965 5064
304 7218 6349 1722 8302 1128 3628 8975 572 2897 105
305 3286 2742 2552 7069 2927 9676 8088 4065 9569 7818 166 9370 5933 1981 3830
306 273 436 7025 4223 3270 1537 3344 1002 4121 5895 4282 2325 8910 7120
307 5342 8170 701 9707 9590 6279 997 1243 3013 5622 5083 7929 8812
308 1551 618 3426 4911 7274 9537 8851 9928 6715 6695 802 7732
309 9045 805 1777 8774 6863 8070 8810 2556 2400 2825 2396 6875 450
310 3978 3396 7682 7734 6378 653 3002 7815 6000 1091
311 5886 4059 4191 8750 8752 4426 4638 5025 2480
312 1055 8115 7603 7523 8833 2993 1356 1253 2030 200
313 4266 9700 614 3802 638 308 2920 9316 3867 4597 7917 9094 8396
314 3362 3094 7972 4892 5373 1851 2450 3764 479 1640 6698 8823 2340
315 3038 9526 2186 4281 4955 2681 7823 3325 5595 8836 9733 9224
316 9133 5001 5883 1686 2781 1273 4364 1925 516 5456 8467 3028 7123 901 8130
317 1301 6410 6950 7328 9695 3888 8977 2848 895 5565 7001
318 5930 9833 9128 7663 5757 4896 7659 7173 1310 947 2227 5884 8008 8069
319 7121 6575 7758 6114 1409 9189 885 5146 4513 2611 9545
320 8630 9241 9537 4456 4667 2886 8921 3388 5359 9705 2736 7713
321 1954 3140 7057 924 9344 5881 8436 5000 8664 7029 2426
322 6805 5414 7577 3747 7350 4187 877 9235 4595 8659 9160
323 8057 2786 3615 9130 6102 5983 7924 8640 1183 387 8918 949 5451
324 4936 1723 8118 1098 8574 7889 6871 3595 7307 4294 8789 1048 8711
325 7561 6368 6491 6646 8196 1541 5603 4953 1733 1705
326 6621 1819 7329 5403 308 9019 6597 5965 1380 4364 9172 9640
327 491 3069 6720 6935 7660 2071 3389 7680 7737 2574 9065 6187
328 6835 2998 9147 8033 8743 8152 310 8817 3934 3757
329 3422 6072 9315 7840 7945 3780 7763 5216 8133 6608 569
330 3019 2199 6112 9044 9292 716 3661 7406 5086 337 2118 5747 385 76
331 4178 9926 760 7674 8429 8786 9318 2249 2785 6191 1454
332 4462 1761 4238 2950 1139 9462 7715 6119 6625 7749 6459 7774 4137 4528 2683 5219
333 315 5398 9781 544 379 4258 8866 3114 3348 4797 8958 8649 2175
334 9131 4489 7279 4517 9259 7038 5187 4576 7969 5220 2634 8293
335 8424 8819 611 5308 4124 2885 9966 7914 2673 8105
336 1547 2494 870 439 1322 8074 6878 6064 5840 2875 6258
337 8725 64 8514 1583 4904 3540 49 3332 1180 554 2318 6554 4004 4340
338 2206 8676 587 7014 3469 3648 1303 7294 6828 1788 643 4878
339 5915 9728 6116 4260 3697 517 3962 1060 1569 2186 4064 1762 2580 687 7912 8922
340 4883 9941 9948 8444 2314 3188 3729 4582 4612 876 745
341 6121 9843 982 1276 8869 42 2521 1892 7162 5062 7454
342 7984 2829 3253 9956 4712 1495 3397 4766 3929 8178 3001 9211 6189
343 7393 1638 7201 2542 8554 2909 1991 1821 7925 3785 1325 6797
344 9088 9585 5867 6846 3937 2676 940 8287 6721 1952 9685 8894 9598 5583 3753
345 1987 7307 7058 3373 5731 7130 1811 7043 3742 2340
346 4013 7253 6991 4633 4357 502 3860 8156 5509 1758 4293 6218 2100 989 9991 3781 7320 6161
347 6958 6589 4477 2415 540 3401 1194 5290 7013 9040 6986
348 9292 9170 9 277 5032 6704 8483 7215 3106
349 1113 6037 7947 6974 854 4803 8123 94 1882 7361 8227
350 5168 4086 2871 3747 3132 5138 3307 2429 6521 4318 8703 7442 5752
351 6784 3775 1075 9061 2653 4466 5186 2015 9031 5697 6476 4805 8776 9013
352 5048 7921 1255 6716 6148 268 8914 8451 9140 1135 5809 5895 108 1871
353 8330 6684 4332 8038 727 167 2815 3154 7302 4801
354 2735 7976 8689 4412 6606 852 2567 8159 4604 7811 6692
355 7022 7104 1636 1224 5206 9228 3281 6339 7967 9821 4988 2327
356 9415 7802 8328 1576 5705 2734 1634 4240 8773 7684 3543
357 3908 3016 9787 4013 5508 8120 2609 9076 4325 1528 2583 6584
358 5787 9676 1345 2721 7412 5056 3067 4934 6503 1407 1276 3379 4020
359 9387 6025 9073 1646 4703 8021 5302 5986 6588 712 3042 9304 3414 9313 4060 454
360 603 5109 746 3876 3644 4277 7069 8350 6257 3350 7726 9721 3965
361 4775 2055 4740 5634 3068 7226 2457 621 9805 3835 6020
362 7598 9924 3338 5094 8097 6229 5013 3940 6948 850 1299
363 9650 2895 8942 4424 1943 7935 8610 2703 8536 6454 5458
364 7946 418 1745 1096 1208 6879 4704 728 2191 8336 8888 4997 847 6538
365 7837 9259 6164 33 1920 9939 7192 8385 3315 3394 9133 3408 3427 7438
366 1080 8906 3726 918 3381 5271 620 3291 7879 7195 705 9029 1800
367 8704 4757 2113 7082 9887 1903 328 345 230 4396 8255 1798 8029 8332
368 3966 766 4105 9340 9061 8890 8185 7384 9488 3244 858 2393
369 8897 4511 8763 6433 276 8238 3524 7023 893 3087 9543 981 6919 6544 9230
370 4843 5701 5285 5523 6282 4258 1533 7535 2777 6529 3786 1042
371 7679 3009 5815 7268 9011 4298 4435 6387 5842 1742 674 5005 9688 1774
372 2671 8710 3374 3293 656 9216 1839 4551 9855 1331 468 2329 9036 8644
373 7504 448 3149 6127 2170 8247 8905 3419 7662 3263 3584
374 6858 5070 8924 2939 5906 8459 5521 6234 4194 3128 538 3053 8491
375 5708 8638 2648 2691 8206 2546 1977 4292 5794 9250 647
376 593 5017 5040 8199 6096 7256 4288 5194 8840 9159 6790 3944
377 4685 8967 8064 5301 9018 7113 766 9448 9705 6385 6170
378 9737 1766 9739 2822 2657 4533 2301 6302 2424 6109 4583 6178 8491
379 2710 5536 8334 9651 1603 3463 5125 2372 8535 5702 412
380 4917 6167 3005 4873 6799 1485 60 1432 9851 8585 2867 6635
381 6321 9811 2977 60 7360 9611 7181 703 8243 8800 832 2349
382 8810 6248 6012 9381 8435 7305 4242 2887 2778 9763 4055
383 1229 759 190 7009 3802 8999 9245 1678 5329 5436 3148 3616 3292 1375 444 6744 7240
384 3851 8042 2717 8928 6633 7426 6395 3736 2014 1477 4846 7585 3111
385 9291 2402 9430 4750 3888 9074 5900 6334 5293 3865 3363
386 3499 8635 2336 5161 8621 6398 8331 611 7794 3177 332 3958
387 669 4237 6317 9762 4797 6990 6891 3709 7188 8111 4823 1495 2699 5677
388 4939 9916 1414 3966 7250 1107 3762 974 5247 9920 350
389 2243 3015 7935 1147 706 6221 4351 7383 239 6020
390 6776 9972 7702 403 7070 7746 2488 2428 744 7048 6153 5507
391 1011 699 6366 1412 9793 7130 7518 7993 3024 5218 7413
392 7305 3480 9622 7562 3123 7970 7255 2195 820 9374
393 6572 1275 9946 2575 3247 9552 4563 3386 6889
394 9401 8171 1463 4650 7939 8697 6834 4132 4683 6087 9050 475 8947 3103
395 2544 5728 9617 6488 4940 2425 1014 6052 8712 4160 4913 7602
396 2284 7279 6746 8675 5720 7380 2282 8887 3261
397 4490 4949 1279 8642 8761 4174 2152 1350 1929 5341
398 4391 9844 5031 4231 6147 1403 216 5415 5621 24 2192 412
399 1231 8392 440 7533 8655 271 2873 9574 1801 4053 6351 7836 4799
400 8940 1617 8346 1666 2540 9825 6830 6741 6401 1417 7105 5907 2150 1366
401 4995 2117 8166 1706 1792 2022 6192 8518 9549 6425 4037 1246 8470
402 1444 3345 998 938 77 1825 8706 9837 381 1483 1176 3146 1058
403 1796 3656 5609 5569 1587 446 5892 9921 1997 1971 685 9833 7723 3238 4855
404 4872 2145 7672 1020 2370 6126 3192 7348 1439 9252 139
405 9280 9855 2504 9766 9832 4130 2178 8028 5898 1607
406 5244 4644 3960 950 3628 4593 5495 3913 9273 2938 5885 6270
407 5832 8849 4648 2813 9231 9289 4638 6873 8961 3740 9467
408 3931 3610 4984 8 5472 1326 7605 2949 3272 4457
409 7773 5792 9417 3295 4227 3434 5850 2563 5080 5727 2979
410 4612 7160 7597 4998 5481 7740 4028 5618 6703 3157 5755
411 8267 2115 8551 7507 4561 5566 6903 5073 3039 4788 6657 7628 5519 76
412 396 547 7127 9981 6515 6530 4005 5217 9886 6936 4051 7088
413 9744 6555 3868 3174 7786 8376 6443 7357 3557 1421 3479 5386
414 779 3008 7036 6380 9767 9492 1313 5932 6353 300 7883
415 6804 1177 9017 3892 9391 9944 3365 8085 8619 2292 3505 3232
416 6208 294 179 8006 6449 9346 5081 7254 8269 8491
417 6300 7548 995 5201 111 6558 2787 8014 1127 7270 9857 5003
418 7942 5344 5629 1650 1230 5787 2079 9989 6160 977 1419 3207 1429
419 8962 4511 3523 3054 3488 676 3361 5939 6081 7476 247 7904 6188 254 6021
420 9068 2928 7343 3364 9681 6481 2032 3264 7705 2324 3363 9404
421 6697 6763 7560 4754 6084 7513 7295 8388 9741 1417 5964 867 5748
422 2337 1053 4525 7908 9516 8257 6307 2624 9371 4320 6738 6327
423 7046 506 6675 4744 701 6520 4036 639 3702 6559 9163 6500 6115 3240
424 4983 5356 710 5416 9209 6909 6140 2297 1917 5210 5846 6000 3673 4784 5948 4402 9688 3032
425 3069 590 5944 2342 6554 1056 6952 9969 3118 601 1662 4355 1702 1430 3304 148
426 6325 9365 3330 9758 7664 1120 4914 8798 7591 323 1687 2595 4501 4314
427 5541 6311 9717 3078 172 5989 391 8318 4781 8885 8677 2335 9993 1784
428 6993 1185 3771 6146 6320 122 5972 3460 2482 6494 964 6955 5307
429 4038 7086 1115 4552 3749 3181 6047 4259 5925 3184
430 6158 6591 9964 4211 5782 7381 5602 4933 2926 6650 7147 8293
431 6036 5272 8871 6718 1208 8811 2399 7505 2427 4198 8452 3134 238
432 6749 1767 5200 464 1445 2026 664 5573 255 6053 476
433 980 4783 6111 1519 451 2081 9701 9328 9504 8343
434 3423 7194 582 5912 7701 8215 7566 442 3883 4314
435 9431 748 7724 85 9044 6943 1265 1516 7785 2661 7347 1256
436 4500 9928 3086 4162 7420 396 9057 8182 7293 2974 9090 1464 367
437 2837 5051 1691 4076 6267 1946 3688 8548 5612 5030 7880
438 2592 2269 6718 6345 1033 8271 6812 957 5559 4378 412
439 4274 5619 2280 1537 7008 3968 4580 5124 4792 9740 5995 541 9075
440 3391 7485 7648 2463 514 3658 6811 1837 9268 2783 8927 792 2239 2650
441 3083 4811 3127 6452 4688 5381 4545 5940 2525 6545 205
442 9468 8620 5857 4049 7649 8158 3100 1531 3808 442 8981 7787 5543 6404
443 3573 4264 2284 2622 5351 7339 5093 4126 7742 4884 352
444 5852 7981 1427 7054 2219 9203 8792 4177 1301 6214 5871 2085
445 1087 1597 8895 3246 5390 5226 772 7961 1264 1762 9579 1625
446 642 4066 1501 9554 3974 6859 401 5549 4204 7372 4377
447 5337 1175 4590 5935 3825 5839 3058 8035 7135 6222 2553 2739 2982 3163
448 5169 6247 1743 1712 7640 1578 6535 3985 4591 1934
449 5946 8475 2042 6109 2974 4920 869 8108 8712 5504 7874
450 2584 8356 3692 196 37 8244 5773 5250 5907 8029 8618 5507
451 2769 8933 355 6902 1786 864 4154 7955 3791 9861 1209 8844 6054
452 1980 4533 210 41 7346 2024 3662 4315 257 1034 5783
453 2062 1409 7407 7625 4460 8372 684 7671 4115 5583 9733
454 9767 146 1855 7446 6316 8149 5255 3435 6186 9265
455 9906 5924 4737 5391 8349 9123 4321 924 9942 4697 8344 1956
456 4167 1923 1815 3585 6261 2534 3492 3954 4713 7752 6155 8920
457 7911 9973 6504 6775 743 4120 3551 3494 477
458 2261 8176 7614 6748 5473 3382 2894 9190 7687 4676 2538 4912 3543
459 6289 3373 3490 5279 948 1615 8835 9420 2520 3801 9573
460 465 5826 9692 1907 6325 635 9902 4087 7644 5105 9188 13 5735
461 7721 3473 2788 7408 7301 9619 344 9187 8493 6926 5737 2740 3521
462 9300 2468 3709 8824 5728 773 3460 6510 8341 3597 1658 7406 6020
463 3300 4324 7477 7277 4969 7149 1402 8926 763 4057 6611 6054
464 4095 4303 6448 5474 1001 1330 905 4724 1488 9478 5343 5917
465 3417 7177 967 8727 6627 3593 8412 2805 2541 5990 691 7367 9903
466 201 4169 2668 688 8382 4818 1529 36 9016
467 8164 4935 6755 5244 7287 777 7894 7931 6680 207 2670 9600
468 55 9035 6147 6382 8039 4613 8963 6860 6670 5006 3630
469 7661 3191 6243 9714 5108 6313 8931 6614 8557 4567 6011 7744 352
470 6600 8547 3816 8274 7881 7867 8738 9278 7045 9416 6982
471 1703 4225 7663 2181 5563 4891 3530 677 5794 2806 7570 9465
472 2397 5157 9318 2700 3553 5060 2051 8226 6568 7244 8499 6376 3043
473 4556 8405 8142 7373 9790 5696 5605 9186 2926 1599 8864 2031 9496 9361 1571 7240
474 1459 4720 2751 3725 4590 8220 3951 2896 8809 926 9565 6327
475 1471 3747 962 8976 9590 9380 5652 2908 1951 4150 5996
476 6914 2230 8393 7191 4055 5155 3493 1008 4711 3192 1841 7487 6652 2407
477 6913 6445 844 8380 8905 7824 2731 5136 5703 4179 5514 9268 4463 8209
478 317 1523 3911 5942 8277 8250 6992 497 8534 4754 9218 2109 5483
479 5911 1919 2593 5087 8892 6462 2007 1466 1463 7154 5909
480 532 4747 4677 5398 9222 1462 555 4652 9633 9425 9191 5295 8722
481 3388 2196 5538 7471 2827 9601 8916 4634 5947 6675 4912 9374
482 6330 599 6031 171 6091 283 6274 7639 346 7563 1749 843
483 17 1168 4415 9213 3151 3085 4205 4773 6015 1105
484 1977 546 8765 9296 8526 7567 7386 1582 9718 7081 3752
485 1228 6304 8071 6626 4503 7157 8141 727 1365 6817 7285
486 4124 8870 3755 7462 9410 6561 4109 4135 8622 1332 6001 9013
487 6717 2522 6319 5420 9307 7282 8938 697 2559 3572 6490 5175
488 9685 6276 2524 6941 1777 81 2298 5725 1214 1262 8017 5156
489 3080 338 8135 5488 5453 6794 1759 9630 3222 272 200
490 5575 1192 1250 8103 8569 6414 4804 8438 5059 5480 944 8807 4091
491 6653 6866 3438 7768 2336 5750 2267 7261 2577
492 2851 3481 4621 1768 9658 4379 3197 2836 1175 3914
493 8759 3290 682 6910 9341 7378 1896 8449 2909 2810 4554 6967
494 2551 6374 3866 1944 8063 575 6674 9709 1257 1253 8249 8037 9436 1043 8005
495 6493 7650 3698 8490 5369 9435 1688 6742 8367 6771 2790
496 2795 2319 7887 4268 5463 7284 6993 2143 1072 2254 5999 2409
497 2020 6474 1976 9827 2936 6677 1691 563 8579 9023
498 176 6854 7841 6244 7194 6365 2092 9125 3676 6581 1442 2100 352
499 3109 9317 7265 375 5671 9853 953 3156 4670 4363 3700 1752
