100
0 281 42 0 6 7 1 1108 432 3223 36 19 5 180 15 46 5412 28 1368 3 34 1071 505 9338 186 21 422 104 2 11 6160 4479 8 138 1263
1 278 25 1 6 0 11 2 9903 8 464 21 454 114 19 7 58 22 12 3038 1403 4 94 430 178 37 5519 323 100 5361 1434 62 14 186 5893 17 709 1290
2 8 32 0 67 7 4 71 11 16 25 1 17 9 18 412 13 456 2 23 3208 253 22 2883 82 1119 34 21 352 1687 391 145 27 5990 236 1495 2848 9305 3244 2264
3 14 9 8 585 40 8733 1054 68 1 244 0 21 1759 2 433 11 4630 81 16 4 9711 4138 5350 6 1606 3 2360 7 12 5 207 33 161 1671 1888 138
4 225 229 25 47 384 0 2 27 239 39 2132 11 21 1863 14 38 28 1601 1 4025 15 5 779 9 6514 68 1843 1623 157 6001 310 18 365 375 1956 19 8 23 7 2818 7895 859 1502 7055
5 0 63 7 119 1966 10 8 32 332 116 439 48 5014 452 330 186 164 262 40 2498 1 3 112 5 62 4 11 19 2 117 3301 240 29 15 9 14 1610 1225 3110
6 62 31 1414 0 61 19 845 247 5154 288 2 66 29 175 210 39 1 10 14 1039 118 3 7170 214 5 11 32 4129 1378 89 176 859
7 0 96 2 49 2385 38 406 4 50 63 3 1156 1027 26 194 40 74 328 1 245 8150 775 442 2266 22 39 11 4848 33 303 6031 9 612 27 28 5429 1310 1290 7624
8 137 9547 2769 41 111 47 3 65 601 1345 2878 60 6 110 286 54 46 364 1311 71 17 160 831 5515 57 1572 5 700 180 7269 6359 123 3198 5812
9 4253 16 5 9 0 1 2 33 293 10 2178 4 13 7 5226 6643 48 1313 3 316 1283 425 123 7192 115 1756 174 6 6382 12 26 1790 6729
10 28 1436 203 1363 4 40 33 9798 2 2844 222 26 1390 15 836 24 0 12 42 19 17 56 6249 4430 6 346 2424 533 2950 587 386 3430 338 9 8 176 468
11 3 4 2 1 0 24 50 18 51 651 7884 236 663 12 175 9 2458 13 8088 7 5299 492 5 27 65 270 72 112 167 21 3000 84 19 323 653 389 268 4370 164 2591 138
12 1 1251 6169 0 322 53 94 3 117 111 2 778 701 6 29 6042 4152 189 56 99 11 45 6571 108 519 78 1107 28 2177 300 112 154 9 2431 2757 69 708 621 3756 1502
13 6 109 2546 8 0 10 4 342 9677 12 1042 1 9 2 74 5 409 1293 7 55 13 463 249 1948 807 35 233 17 226 53 36 1490 19 69 2264
14 0 55 89 17 4104 1190 71 1 5850 143 1378 264 46 550 15 35 3 231 9 4 24 34 65 349 1866 7155 1216 137 233 168 115 355 148 6979 6604 1324 138
15 22 52 3 0 47 5 2065 2684 54 7 2 26 138 46 1583 67 1161 103 12 405 21 1 3711 41 1966 3476 1389 233 3679 350 45 5020 8 309 2148 1290 1310
16 258 264 119 848 807 142 12 8365 170 21 118 30 4752 31 19 234 1315 41 435 1590 5222 7 380 625 517 3502 6 13 167 51 331 64 1210 1401 58 485 948 1332 398 659 126
17 962 2406 54 3972 21 5027 289 42 50 258 25 15 759 5034 20 11 4278 1816 2333 209 27 5893 189 53 32 4807 4938 4335 38 6992 1710 346 63 249 1951 948 176 2955
18 286 3626 95 157 13 10 38 4781 178 56 2128 796 83 1696 4 8 33 88 1052 118 169 546 465 8703 63 939 21 90 632 26 7593 242 7
19 1 31 9 6697 4 91 20 7995 0 3699 11 5 6 602 2610 10 722 9053 529 23 8488 1072 1011 981 4526 7 7387 55 344 29 1861 142 12 155 859 5926 1737
20 26 356 148 1 11 662 1290 15 14 64 188 495 137 250 107 2 1841 7820 280 5127 57 16 23 7606 516 27 32 34 2979 56 935 3 655 88 8 0 218 20 660 406 3100 135 919 62 5526
21 33 3684 9 5728 4 2863 8 5 3 0 12 168 183 2025 3016 366 77 284 8843 59 55 202 25 10 469 7574 1846 5270 27 4247
22 73 0 23 859 4 1024 6599 69 2628 37 301 100 6035 1563 7 498 24 25 462 559 389 1130 244 9086 10 16 2 205 85 47 14 1041 224 197 252
23 1 4211 42 17 278 31 6 7 193 5999 509 462 107 44 131 2 769 75 1011 6661 57 279 111 203 13 253 26 47 16 177 125 725 8601
24 1217 181 22 21 2665 15 25 641 4908 3003 1996 2282 105 55 5052 1913 39 1 2051 1954 88 5275 443 250 13 4824 179 155 539 8114 44 74 7 6238 5276 583 2060 1671
25 12 129 140 101 266 115 0 1235 130 193 5 2 7685 1001 109 138 3 1134 168 37 344 6642 1 433 1048 26 83 4060 1532 4722 14 8 176 1482
26 1127 3730 171 597 161 278 71 9798 2135 712 676 4051 561 92 3249 3644 724 36 6137 409 2052 447 6 151 493 8512 35 665 17 243 138 2591
27 609 582 0 99 431 12 1257 151 2624 3 6 446 5 2 990 414 11 4680 46 4584 72 77 1 56 10 2862 71 121 8 82 203 2889 7624 2848 3097
28 8973 272 4 3 1 419 2882 5 0 2 297 23 861 1959 88 15 18 19 3458 28 118 123 646 1150 42 44 29 2986 101 4685 6137 99 14 9957 554 900 138 9517
29 84 391 37 1099 143 29 11 2212 70 134 180 8076 15 448 4474 3768 671 226 9357 1902 0 153 791 4 69 437 6438 2619 163 156 6 197 4133 909 1078 2153
30 2091 5638 478 4372 43 628 202 13 1460 1552 1051 419 505 25 205 135 3617 588 256 2951 169 101 4089 383 476 544 815 37 2848 2076 708 968 5526
31 5 3618 1506 47 1530 50 354 7070 1320 0 238 29 7 24 7437 4 6 3252 289 523 103 3 12 2219 172 93 129 1361 2426 75 37 9 27 138 3097
32 0 113 81 6 4 2 5 9 2715 1 179 128 4859 47 5724 4227 235 1614 3596 619 49 2683 10 55 2184 9175 9073 2746 69 148 3110
33 284 2114 87 20 4 17 3224 18 57 34 25 186 315 16 58 11 158 6 245 2521 602 90 13 809 33 5492 2250 102 1621 132 3 36 85 9896 316 1954 968
34 3140 5038 10 322 12 1 2 20 71 19 0 6259 64 1516 52 1372 472 412 18 6755 95 5737 4 156 395 62 6 15 51 50 69 554 1089 900 1263
35 108 64 35 51 7718 235 3236 24 8 11 1752 7970 259 476 10 25 2239 483 1074 1909 5221 6012 344 7 4164 137 55 471 529 316 27 229 8450
36 337 169 4 714 1806 24 19 49 105 406 206 1005 40 225 864 5361 9562 99 513 1481 1141 1922 179 5005 23 379 336 158 1168 280 1388 309 8
37 2 510 26 230 7433 23 2282 334 20 4 45 514 866 109 28 4790 16 121 216 582 37 0 6 1740 369 25 817 4478 70 594 526 225 54 106 184 7 120 138 968
38 25 1937 337 20 32 121 59 475 37 41 5472 141 94 641 399 73 502 30 839 8444 364 271 71 165 8948 715 24 1424 61 355 65 155 1334 3097
39 1854 10 68 46 209 186 34 1743 172 1927 2503 86 0 2383 2 49 219 1 256 5 33 166 141 9 792 1150 3 74 322 896 6082 121 1671 5921
40 4 5442 117 68 2631 100 6025 3915 49 44 84 672 7777 25 1503 807 82 561 86 36 42 17 218 18 29 669 1991 19 77 24 9652 7 9519 2190 725 1591 5778 566 1958 2153
41 99 1148 156 21 35 11 722 1304 3 2160 474 130 1595 6538 1706 136 1128 2344 1213 14 83 7 2380 8743 1456 9566 9 2735 53 6379 625 372 2076 1679 3975
42 0 3 131 73 1 27 94 2 8 2400 8931 164 25 800 4 26 78 9 65 519 42 15 77 6 603 1516 546 2033 284 315 76 1664 4537 1058 1694 3600
43 380 15 1232 115 37 5479 109 76 17 68 59 187 132 382 1435 3488 19 580 224 3528 1723 23 57 26 6783 1866 3532 16 197 5442 95 28 2218 8629 172 2060
44 1017 1401 6689 8056 6044 20 498 71 170 4947 6 90 2568 486 1073 66 649 4964 120 113 1545 891 58 2575 5681 32 88 30 5524 14 2291 1334 708
45 676 95 938 301 51 105 187 225 656 99 42 830 219 2812 390 1865 2652 402 88 121 5641 363 31 41 145 3433 753 951 1012 101 9061 2973 542 2079 309 176 1572 5921
46 9 83 0 1502 15 118 9902 4704 19 1340 14 1489 39 412 206 9021 70 43 8 2 4 142 3 1 6 280 123 1245 42 1704 7 48 788 1805 50 329 63 8160 4148 566 2818
47 1250 383 7399 57 2961 90 3955 188 20 4 225 826 521 1476 345 92 26 2587 9134 6907 2195 17 7 95 3 4063 24 1959 1438 891 16 9768 126 1495 1310
48 5973 2 51 4872 0 14 5915 1282 133 5 4180 7325 4673 300 218 3 12 103 97 28 4019 70 1 662 236 6 9 3692 42 124 96 774 74 4821 252 329 3477
49 762 6 4 141 0 1593 1 1499 11 10 5 33 73 1883 427 1119 3 388 62 1279 2 358 109 8 9 111 17 8180 28 2477 60 407 58 63 1671
50 89 6 1857 0 2 4046 1 279 21 349 150 25 13 6607 593 1483 54 3 56 42 155 66 6158 1233 363 73 4659 57 6130 4 126 176 859 3244
51 0 1 9234 28 33 4 2 8783 9 213 6 23 4705 597 788 4606 288 966 78 14 13 22 2410 63 200 7 508 21 45 1728 17 159 24 725 334 1989 2420 27 2818 9365
52 3761 38 2327 1561 5625 143 269 2625 7979 1361 1950 56 28 12 61 7278 207 248 30 13 133 1588 2312 603 72 2088 724 2293 339 4869
53 1 978 7981 266 100 395 14 295 128 2739 348 936 224 175 3548 8 251 760 753 589 9794 396 6571 3 73 1396 72 22 30 475 6410 7 4895 121 686 968
54 918 132 9162 119 6440 1 88 39 126 597 678 108 263 360 761 124 431 2 17 182 131 490 81 9 158 736 723 6572 8989 117 1121 331 166 404 3198
55 5 2 6 460 25 0 14 132 1137 1373 117 3 75 163 53 1107 1184 11 1209 115 16 108 1 19 3425 8345 8 10 543 933 37 15 57 303 199
56 1741 50 799 6348 144 730 3796 3973 1804 1927 280 3794 21 88 46 8702 378 6188 1697 3131 35 3338 161 22 426 5566 1591 209 716 719 359 455 139 1016 9414 609 684 184 992 3066
57 20 116 2062 287 3249 3324 936 5797 38 884 1461 378 2706 129 36 1518 24 3499 3059 3689 10 268 780 519 43 178 468 3975
58 876 2193 466 8886 1806 1484 79 294 369 864 2832 2064 515 1587 514 1603 6510 666 334 9175 860 1635 4596 70 366 387 4977 624 120 9886
59 6408 93 35 3843 225 2187 1429 64 1728 11 1264 1566 216 2295 2479 902 127 82 189 2980 37 762 1412 605 58 10 70 585 933 34 4184 41 977 8450 554
60 36 710 452 19 232 122 3759 52 20 33 1126 4973 9442 297 6234 25 14 65 40 6 55 15 753 412 5269 5845 1361 2604 22 90 257 74 280 401 38 212 69 1513 8 708
61 56 282 987 299 2145 3 29 10 79 310 565 229 3940 86 373 81 6 356 52 5055 411 89 49 23 1167 35 358 265 14 362 576 1283 984 2960 37 6787 1737 1495
62 770 17 6 4 5 87 1373 5672 118 169 454 43 75 796 92 90 1169 216 1826 29 13 587 59 162 38 197 33 1117 583 1187 354 69 9502 869
63 45 2363 24 147 148 22 12 33 3 280 5410 1206 59 42 1183 2690 14 5190 5 16 19 2921 7 0 77 4 652 15 8 1524 3337 2 34 9 1554 1395 1495 4023
64 276 57 47 53 245 3561 54 3317 150 112 45 238 756 41 208 136 2958 13 2262 91 18 3520 512 3032 46 6767 2177 7231 1919 1236 7 1446 1061 93 5091 1968 1482 138
65 45 33 102 2805 9 343 35 835 59 97 626 52 104 428 323 34 127 183 65 402 15 98 246 6243 332 76 2235 156 982 436 107 4182 9559
66 669 158 36 795 53 33 296 60 211 6934 3289 1272 78 1102 1677 5834 1152 718 101 23 723 77 46 1967 2210 556 801 1340 96 885 157 120
67 38 119 200 5170 131 652 94 17 1079 50 74 41 7702 33 2125 44 29 71 4386 4 934 715 637 19 250 2193 268 2496 23 6912 120
68 1593 651 2657 173 134 18 499 2517 76 28 168 112 34 8 59 273 2942 424 222 19 418 190 9 20 16 447 984 3 217 3158 635 517 275 887 1122 554
69 699 216 2662 738 119 99 1197 257 12 32 8004 1628 3710 231 59 689 2551 142 153 209 47 145 1522 36 15 68 224 542 243 977 6165
70 1574 1141 501 1084 5 204 301 343 1224 3246 560 180 3624 313 54 2433 4241 1059 32 19 464 1710 3784 14 255 9556 15 1365 4139 89 2524 39 3017 228 8839 8 1917 797 138
71 327 473 817 13 127 590 49 18 196 44 1456 358 105 906 793 34 114 1990 170 296 202 768 6980 257 2696 541 6166 210 6656
72 8168 201 1807 45 10 742 131 91 29 508 185 66 1001 1621 739 3282 120 428 299 208 1421 1667 822 84 1428 7961 81 2014 67 1300 304 216 49 271 356 404 1384
73 178 1039 308 1845 916 53 751 103 333 254 165 18 70 79 127 2424 1562 648 605 579 3166 293 6504 4151 39 44 20 309 107 4390
74 48 51 270 227 3079 2199 9295 36 71 2522 4837 148 1979 3609 3730 6450 75 230 1026 4820 91 7208 145 201 2156 5792 8875 1775 155
75 262 43 277 7463 153 1953 338 3797 5819 511 1130 9 325 396 517 1181 195 80 8006 4197 101 746 45 9718 1506 1948 2098 1073 5108 1604
76 0 43 2 39 10 3 3228 16 27 455 5 22 128 103 245 11 3279 48 17 47 1 8 35 556 2938 12 6 34 45 204 3379 155 869 2060
77 1407 1071 78 8466 6745 2378 3603 22 658 183 62 254 9355 1087 203 9710 5872 533 180 95 302 715 512 1228 53 1577 102 528 249 142 2398 1992 3591 402 251
78 435 3900 665 3274 7818 96 633 2202 247 83 9742 3735 510 2451 58 4452 1105 91 422 18 1686 1075 20 190 152 635 680 5278 215 318 8015 602 14 632 138 797
79 0 500 2051 33 2221 98 238 5 21 2 4 3 1757 227 23 10 7 77 218 351 1896 11 130 2838 2987 1121 1318 9041 726 1954 4371
80 3124 6307 328 147 12 45 1195 27 24 906 102 3171 1237 974 75 5801 7763 7591 44 81 7 1837 20 9 1004 4858 2087 2014 9335 63 432 67 2136 95 139 1482
81 17 83 124 67 134 645 161 31 429 2842 687 36 10 1663 217 503 3941 209 2932 2475 466 662 20 371 81 5731 539 510 1571 1017 671 120 1263
82 2650 4081 120 9460 42 9 904 6043 1329 5882 320 1691 58 6037 48 524 7064 1844 1983 196 110 55 2048 1872 121 10 186 277 5675 341 5144 4465 20 2967 38 914 138
83 51 42 1532 134 353 412 37 30 103 6018 3056 739 501 654 503 6005 7687 3194 40 6828 17 87 4618 5688 27 65 994 1044 2685 181 182 1328 1746 9040 228 3443 214 554 2513
84 9375 256 9890 39 16 111 1 86 47 20 32 36 1963 2158 163 587 43 143 1158 5063 46 837 307 7341 18 227 371 1446 21 3008 7 2430 126 138
85 7557 720 31 1071 15 6475 325 275 2929 1243 51 3593 5 128 73 19 1222 216 269 2146 7214 59 217 149 430 1449 152 30 88 139 2628 332 1604 355 138
86 168 7497 3881 5294 5197 3790 97 41 21 27 188 96 13 2478 5863 940 2233 599 4552 73 23 79 1 19 419 1340 72 6 231 362 113 980 358 32 3563 199
87 18 4040 3053 6614 8949 251 6779 4048 6052 97 91 949 2498 6045 176 2334 24 425 2594 177 2482 110 1009 3160 82 26 242 1725 451 98 2078 7345 1958
88 10 2209 1808 76 1828 655 141 229 3814 158 155 238 25 8461 1110 1776 4329 452 7266 24 322 92 3400 250 95 1462 3977 17 3488 9 23 3022 182 928 211 4090
89 281 538 44 75 3354 3526 335 112 257 837 3137 19 28 140 156 267 1516 3357 30 1739 2019 669 178 6087 2527 4971 658 90 220 60 2860 161 46 348 2321 199 8 1200 3774
90 7347 6549 12 1397 33 908 1729 1514 2380 22 4259 75 159 3790 595 11 4408 3642 43 13 84 2228 67 4225 806 610 98 255 287 285 63 681 184 1270
91 970 534 1066 30 124 3909 104 1091 1932 207 1287 68 445 64 59 29 1142 8585 122 1474 133 2452 419 438 843 4581 1419 1166 869 3684
92 1351 106 752 56 527 293 169 248 5246 147 152 1803 1053 12 104 5539 3676 5667 255 677 351 90 903 24 54 30 3511 156 1547 549 5661
93 989 5001 805 3535 12 84 86 2809 87 418 7748 2924 111 772 2295 470 589 412 2664 276 5 48 162 1886 2579 60 1638 3700 126
94 975 264 1000 232 960 114 257 69 7971 180 5878 3141 13 842 22 135 91 268 1741 356 151 544 1548 194 2968 6424 9977 63 332 557 1140 132 655 8103 33 156 4089 4364 8734 2402
95 106 178 886 262 84 107 98 1049 3712 170 9 152 6636 75 160 255 43 191 685 1756 264 7866 4300 458 1988 713 389 103 3484 941 1807 1216 694 8992 199
96 88 53 57 450 1903 318 605 2746 87 177 17 259 630 1530 1247 378 455 18 1404 442 153 231 64 24 1272 1558 1506 301 357 162 1721 255 4632 4 628 8 1122
97 670 31 4 34 0 9 14 99 519 1478 3 658 413 212 1258 13 6 61 2 1992 1002 960 1 278 358 1938 411 5 168 249 4301 6102 1954 5276
98 205 1487 46 106 1 42 40 0 179 43 410 5 23 9 157 26 1658 175 2 8 13 5748 6400 556 56 105 412 5645 210 27 1184 3097 1263
99 39 5021 5359 4683 53 216 1989 4604 6705 117 2 15 1 26 694 143 1088 55 226 36 102 406 1137 9908 840 199 1823 3980 13 964 3004 8 7454 155 252
