500
0 4276 2153 4725 2923 8124 4733 6371 9127 2021 2335 3562 3249 9107 1299 1353 9139 5898 311 8293 7949 2555 6613 321
1 9916 622 989 494 6432 9630 8763 650 9371 2859 605 8500 2558 1871 2327 8994 2962 79
2 434 9379 3539 2948 5301 9859 1080 7037 7585 8875 6505 5211 3032 6021 7153 5715
3 6269 7495 8320 5540 2640 644 4309 3862 7346 9501 6076 9260 5373 8293 8105 9533 321
4 715 7772 2804 688 5209 2622 4390 495 6377 9132 5688 2608 3076 6827 7864 3074 7699
5 4176 743 3473 5636 8108 1987 6451 1610 6522 5003 2687 9039 3141 8532 9138 3982 3936 5715
6 1929 4171 9976 4144 2111 4034 9352 6188 1502 9238 904 9729 8956 5286 4437 321
7 4071 7784 9012 7612 7355 6569 9590 6096 8082 7230 1238 3830
8 6284 1681 7972 7294 7353 597 9432 3745 1962 5477 6226 6848 9275 2271 2146 4985 5412 2240
9 1391 1823 798 9783 7195 3701 2903 9206 7467 8593 1052 9150 2236 3354 2962
10 1360 812 626 2374 6426 1944 7977 3996 8405 3874 2597 5569 3528 6482 8491
11 5346 5089 9323 8761 8709 946 7908 2687 151 7020 8071 2123 9903 3543 7864 2340 3894
12 7006 7849 2879 4737 7988 9154 9791 7377 3536 5488 1763 647 6360 9968 3074 2240 3894 321
13 3551 1862 6837 4900 497 4792 5183 9323 5557 4739 6360 774 2895 321
14 2853 5011 4493 9448 326 8232 1698 4903 4910 76 7396 3371 7120 2240 5880
15 5088 7502 3898 1337 5748 4358 127 2354 5275 3112 1259 937 468 5307 6020 3894
16 9152 2004 324 1374 1762 1288 948 5997 1724 1951 4012 4209 8728 4886 7044 8193 3783 4020 8994 7153 5715
17 4410 696 5549 4219 1215 9659 960 5006 3186 8223 3538 8898 4676 176 8498 148 6635 5748 6613
18 1802 7340 4934 4600 4166 4703 6158 1328 5860 7709 935
19 883 6512 8675 2193 4912 9094 4637 4624 6670 2643 8386 8934 8843 5322 4030 9391 8679 8649 502 3836
20 9007 196 898 5268 7992 7000 4859 6059 3094 4947 1881 4271 643 7335 1110 6938 8406 5862 5677 5507 3758 321 2962
21 4445 7833 8770 4326 4857 5673 811 4263 1481 395 1177 9983 5143 1411 9260
22 7605 6171 7369 4543 7870 7861 8373 5823 3564 2259 7408 9933 3836 7200 1774 4855 3074 321
23 6351 7541 1483 6062 2891 8573 6265 6013 5156 1584 1627 8880 1231 7439 7123 9995 8121 3232 7153
24 8445 7035 9151 600 2209 8294 7432 3042 8915 9667 6156 8277 2885 9671 660 7713 9224 2288 79
25 2248 9704 7150 8064 393 999 733 2207 2293 6346 3072 1145 7992 9305 5869 9007
26 2779 3035 1466 99 6302 4924 1575 7597 5492 3591 4159 6771 5219 321 5762 9533 79
27 3040 7130 6910 1626 6530 3043 9246 3598 2200 3783 3219 5437 5962 6044 7949 2288
28 7192 4841 8660 7735 2297 9299 1427 4678 2667 6999 1833 6020 1117 9224 79
29 8062 9475 4655 2208 4141 593 5253 2500 8776 66 9446 3119 3507 2013 8396 5156 4035 6938 2962
30 806 1398 362 338 5095 1466 6648 9552 1995 5172 9979 9265 6672 8387 4855 9545 2962
31 3356 625 4746 9654 34 7423 7247 4052 1636 2439 4686 5 969 857 1909 2422 9655 8418 3103 2643 6082 4326 9968 2240 7880 5219 79
32 8336 1465 7871 9716 7569 8736 2713 1082 3391 1242 5275 1752 3509 5858 5663 9187 9795 3543 4199 2240 2
33 850 4031 5153 8524 8878 7171 8438 852 5272 1476 7334 8812 951 5446 2383 1348 5889 4901 4855 2240
34 4273 110 5236 6186 8336 1388 2379 4630 5054 6532 7193 8212 4907 2650 1375 5088 8125
35 6614 2506 901 1741 4768 555 5943 9829 5660 8494 5854 2209 9030 9518 8832 9160 321
36 5075 191 4792 7232 989 3155 8155 6907 9677 7787 6365 7243 8893 1077 6447 5445 5064 979 2555
37 6814 3528 7342 5320 3956 9913 7665 3271 9814 6225 7147 9215 3885 3894 8387 9453 5762
38 1805 2419 4893 9514 6031 4752 3464 2137 5416 1059 5421 2471 4527 7579 9842 3074 321
39 6990 2237 9418 9862 8823 8996 7734 5658 6407 6351 9803 155 1151 3923 7193 2240 3936 3163 5962 3074 3894 79
40 7528 5711 6726 2041 4665 6873 2230 4818 4034 8210 1134 7153 2962
41 3097 1027 4468 1129 2 1031 1314 8863 6818 1493 4142 8043 3250 4988 5880 105 9968 321 5715
42 5007 8993 1021 260 2572 9732 7682 3235 7203 5790 9750 2114 311 7511 6938 4035 5880
43 5011 9921 7308 6290 2983 536 7211 24 4143 1692 2698 3751 2
44 2761 7525 1499 1208 317 2521 4148 3746 2809 8671 7373 369 5316 6860 7806 6260 3104 5880 79
45 9499 2781 4590 1702 3004 9975 1294 977 4070 2816 3905 3671 6254 2702 8015 1079 4589 3700 9107 321
46 8792 1377 9076 1415 1975 4176 8554 7356 8387 337 833 3429 2771 3111 647 4020 935 2288 8994
47 2066 5375 7879 995 5715 3695 9167 9125 9939 8785 349 3602 9299 7055 5412
48 4708 2981 5484 9412 12 5471 4613 3865 9962 9356 255 457 1948 7517 4626 979 2555 2 2962 935
49 9147 9625 3092 5092 9864 9300 8381 7630 3355 9515 8121 5042 8319 2349 4786 321
50 9106 7186 5236 6603 9227 8455 1207 7409 676 8596 1050 5800 5902 6672 6327 9533
51 6056 6421 1242 8667 3685 2392 1749 4524 4723 9258 3515 9612 7205 9023 2662 1105 2
52 748 4066 9842 2307 8402 8909 9915 3261 7088 6367 2652 9600 6577 4923 1807 1629 9341 3602 2555
53 2971 3395 5261 2825 6537 3799 9129 6744 7535 7237 4120 5268 5979 2652 6390 311 3408 9443 7709 5715 2
54 7743 6443 9459 4290 5717 9255 2485 9716 8585 9359 7367 8722 6487 238 352 7296 2962
55 815 1519 7328 4408 5708 5629 5559 1158 7321 2114 8307 7439 4045 3232 7153 2643
56 5729 5603 1562 6582 7832 5031 3772 2055 9745 2509 7413 5053 1774 6054 5715
57 6814 9628 1015 3713 6238 6029 9254 5160 7433 1873 1007 4345 4624 7880 2013 8387
58 7289 767 4940 2866 6993 9928 1842 2818 569 8111 3774 3528 4575 6341 1710 9159 3161 1538 8462 7868 6258
59 706 689 2478 5123 3266 2446 3490 5164 5759 5842 3352 7883 7320 6772 9301 79 7296 2962 7153
60 9228 1482 6721 1223 9318 1935 4980 9685 4836 8881 1524 7558 5188 7363 847 1343 9968 311
61 5167 3473 4740 40 7001 3019 5806 8858 4584 9718 8263 707 7254 2962 7652 3936
62 3345 2009 7850 8380 6484 9627 3474 7919 7837 6927 5845 6330 517 3830 7652
63 7789 3127 7921 6395 6149 6710 7873 9311 8846 3637 295 1749 7756 4311 7355 8121 5095 7153
64 5071 6431 828 461 9192 6902 1983 8950 8783 5270 3379 8212 7671 9659 2555 979 6938 3982 321
65 2892 497 8205 3577 2528 4396 4880 1722 4764 2628 7775 4626 6214 8566 3376 8512 4326 5386 5715
66 6639 6244 7416 5046 7211 8283 4536 7297 8092 3513 1134 3684 3377 7285
67 5614 6229 5422 8454 8076 271 3304 3766 5717 9696 5038 4717 673 5715 9545 321 2
68 8841 3453 6198 7203 1020 8715 7326 3052 6550 4256 4007 2359 1201 5784 9816 6386 2791 6130 4326 4035 2962 5412
69 3794 8507 8945 5401 9792 4272 7878 4359 1230 3652 5048 2147 3700 9892 5500 935 3894
70 9550 6644 671 1211 7584 6426 6357 6577 3936 2
71 7168 7954 4961 3867 653 7421 729 5998 3043 8815 9008 5821 3894 2962 7652
72 9791 5892 4224 8486 3039 7338 1380 1410 8396 2539 3224 6743 7068 8325 7949
73 8457 265 7665 3431 5228 357 5051 7452 4706 1027 1281 2 2240
74 1661 4561 2870 7175 9023 1501 5294 5089 1260 3043 5348 7622 4864 2384 7755 5518 3327 1132 9533 3236 9968 7652
75 4695 7044 5668 1999 4403 6915 7089 9091 7626 8562 5232 2010 4692 9934 6774 4997 84 6843 1736 4855 9930 1668 9007 321
76 2490 3240 1824 6426 3891 2005 1611 8253 5814 5602 5166 5076 5993 2052 1134 979
77 552 828 5509 5198 8279 3205 8766 6557 9720 576 3848 6098 7027 7699 8994
78 3910 5811 1742 7093 1253 4407 6376 6032 9942 7499 1076 5429 8229 2240
79 1629 2959 1415 4206 1580 5824 76 2940 1943 2991 2226 6067 7852 1774 267 3758 2
80 983 5859 2036 5744 7231 3494 8314 482 8223 9536 1923 675 8233 5090 8325 8069
81 1589 9383 5606 4240 7556 8602 4034 4389 8113 7992 9764 6973 2926 8555 2392 560 7553 4967 6938 3285 6967 2264 8125 2555 321
82 3894 5638 2048 5876 4239 5923 8035 1987 3537 8208 4121 1241 9846 7677 3032 6060 7123 6258 7 7652 2
83 5559 5311 4945 6562 2513 6271 6874 6606 8975 733 858 5129 8920 6327 3728 9199 9979 7438
84 5522 6656 8774 7413 7363 2106 2072 6570 2174 6177 5955 3526 1799 8812 6687 3871 6538 3163 6327 3894 5715
85 187 3253 4219 4907 1399 7572 787 18 5815 2902 9239 3539 1670 8287 5684 1323 3830 7029 9659 7732
86 4821 6842 6753 210 9527 1226 5339 2215 3605 4605 9395 413 2568 2247 207 7568 7732 2013
87 3303 5415 9083 4549 8622 3383 1595 5140 861 5217 9351 3770 6048 9072 7787 6778 6547 8812 5962 7762
88 4124 1811 6545 8266 6805 1959 493 2119 8470 4407 7188 8015 6126 2943 8125 2
89 9782 8678 4307 6040 1816 2297 7230 778 5235 3409 6899 5386 1934 7055 5748 2240
90 8803 290 1312 4506 7218 1795 9542 1113 898 5567 2693 3723 9573 4765 5962 8644 2630 4855 7652 427 79
91 5606 8009 3585 9617 9518 6097 4685 1386 7811 199 7991 1918 2892
92 285 9220 7270 6166 898 7747 1965 3783 1254 5861 4465 6608 7413 3653 9533
93 9793 4054 5755 2720 8070 8376 8361 3755 1254 4343 4484 997 1289 3758 8104 6153 5412 2986
94 8949 9153 647 961 3379 3729 4566 8036 1103 5960 8486 8211 6554 1070 3120 9248 7736 8125 3936 79
95 2154 4064 4735 9367 5123 3871 7385 2101 9685 5117 4037 5014 4558 6538 1668
96 6276 8347 7246 4969 9765 886 532 3088 1500 78 3830 4180 8910 5445 79
97 1043 1742 5622 6442 5793 8547 3129 723 9239 3559 1502 8284 9129 8209 6778
98 9701 2831 585 1818 6584 7259 8789 2381 2155 7052 948 1661 6458 937 1365 9877 4027 6082 6534 4660 259 6613
99 5971 8781 6593 2327 9871 5395 9585 9761 9734 7520 7759 935 3371 745 979 79 2962
100 5048 2202 8192 1428 5382 4854 4310 6855 4293 297 1566 9703 9144 8687 3074 569 2240
101 4347 5755 6791 5096 9820 1518 1829 4969 9481 5100 8014 1496 9607 8125 2240 9007 321
102 5775 7960 3234 3740 2930 1511 816 4444 6046 3001 2627 9202 9236 7149 2741 9172 8977 6020 3320 8406 8644 3074 4855 7762
103 2482 829 3985 3591 4043 712 1928 7520 4283 4360 7439 8062 7652 5412
104 5954 276 9802 7356 5724 5995 7472 658 2594 8780 5680 443 4079 8831 3526 7991 9615 6285 3728 79 5962
105 2083 2810 9549 3872 8941 246 2733 4804 560 8105 1426 1345 1251 2293 7648 6790 420 139 8491 5762
106 9339 6028 7955 8899 2488 3179 7978 9473 553 9781 430 1121 7285 2288 2555 3023
107 3912 6776 5508 1917 3479 2964 1707 4847 9467 7228 4917 2486 836 1668 9453 9968 5869 6613 8994
108 4547 4449 575 9785 3470 7341 2029 3046 6229 1476 6863 4811 8907 4023 9299 7239 4056 7296
109 6996 5255 577 5678 6651 253 3364 3932 6760 1782 4690 5785 8418 2310 6587 9129 7254 6613
110 1940 7788 6448 4219 1820 8487 3010 8871 4454 9320 2703 7012 5074 4457 9579 5899 4326 7120 5677
111 9144 7242 5644 4971 5129 9293 8417 9502 5396 6944 8221 8257 5345 2903 9453 7426 9825 921 3758 4765 6938
112 3541 7338 2560 3025 4153 6779 5548 4412 415 5533 4664 9612 9224 4684 6980 7992 8994 8062 3836
113 2769 7646 871 6604 5508 1413 5343 5672 3899 37 4093 7992 3877 6613
114 7149 7491 5440 1585 8279 3045 7209 6139 2612 8976 2241 2861 3703 8140 8628 2182 2555 3936
115 4486 5742 3336 1406 8553 2247 2830 7013 7913 3613 1480 1141 6920 2240 2
116 1451 6766 405 9792 5316 6403 5976 9230 1040 7515 4721 8486 2171 9080 1299 1353 5860 8343 6021 7296 2962
117 3406 7576 1637 9815 9429 9148 5458 2487 2772 3869 6044 6986 267 79
118 1404 1589 6446 872 8929 523 4241 8331 9865 5257 819 7258 1983 5638 1336 3894 1763 4035 2288
119 4050 1351 4599 860 4842 7212 3162 1970 9826 2640 6219 6538 8004 3074 5412 7949 9533
120 6049 843 2382 4107 2595 94 3965 6276 3067 8815 5217 4138 563 9950 7151 6244 4527 8470 367 2288
121 1955 4255 4809 813 2088 7509 5243 2794 3416 6906 7973 9969 2179 8927 1353 3111 4314 9007 9842
122 7796 6242 7738 8781 3249 295 694 8282 815 6779 2887 3458 1979 6258 5962 935
123 4875 3115 2954 3754 7429 3339 5742 4506 4713 1074 8538 3178 4883 7312 2058 8711 79 2121 2240
124 4639 4959 2475 6693 3162 1266 5885 3402 5844 8066 5156 6241 6231 7055 8375 7193 5412 2288 2240
125 283 202 8176 8739 6363 158 8930 1874 4375 4691 1558 1795 5523 6011 8484 4400 2340 9224 1979 3982 7285 5507 8491
126 7305 2569 212 9837 4948 4610 7427 3135 7824 5205 9794 2742 3505 7883 5762 5507 5340 2121 8994
127 4886 2400 9299 4329 2818 6602 1111 604 9007 6631 1570 1188 6851 9782 6401 8022 1524
128 8772 715 6491 3156 3602 6365 8856 7205 8841 5436 145 1761 3530 524 9402 3339 4691 8068 1668 2962
129 3227 473 9715 8881 7371 4188 8942 5476 3176 4573 321 9337 3836 5962 5715 2
130 1486 6448 3837 1317 5639 3124 4138 2726 4539 6032 9973 1917 7752 5899 8571 2155 6458 3905 2643 321 2
131 7448 9903 3208 8455 9654 7870 5755 9124 9967 8384 5144 6603 2883 2376 3465 3379 9301 3602 8069 8470 447 8722 2240
132 8001 890 9275 8041 8173 1335 6937 9909 3270 1212 6416 5704 9968 935
133 5220 241 6009 2810 7151 5115 5335 442 7759 8787 512 2924 9612 3104 8344 4352 2121 5412 2240
134 2444 6229 2329 4661 3373 5464 512 3523 5470 4030 5553 9659 3012 3376 5412 8431 4901 9374 2986 7699 935
135 1214 839 5225 4918 5765 1159 6635 5591 8290 2345 463 7296 208 5962 9013 6938 2240 3894
136 3475 5556 3290 4738 6394 3259 9212 1484 5877 8899 4353 7883 8431 3728 454 5507
137 4706 1685 5395 9469 640 6690 9076 5128 321 5271 874 4361 5748 4909 7845 6672 1105 6547 8491 8125 3894
138 3917 4775 8669 9047 4029 3631 7312 3221 7227 1014 8931 3371 321
139 1378 9726 9796 9186 7880 4220 4191 1379 4377 6115 4337 9734 8381 5138 5715 7929 1790 4286 1117 2340 1668 5762
140 7601 7740 144 9950 2800 788 3859 7926 5179 7616 4760 450 4664
141 1618 6398 741 2848 1253 5934 8946 9189 4368 1430 1118 7193 9197 6827 321
142 3041 1040 1206 5037 9167 6807 3054 7377 9305 570 7844 3236 354 7219 9224 2555 7949 2962 5715
143 4005 1716 2524 5735 3231 7180 1112 7648 9184 1029 6793 1043 2685 9139 4311 2340
144 1070 3301 8746 8508 2147 1265 9995 8453 3508 9147 4272 9024 6610 139 3894
145 1111 9383 8558 37 6127 5589 7068 984 7843 331 3231 8880 8183 7699 4199 3877 2
146 6759 6996 8505 7029 524 6262 1968 8902 2941 1514 3188 7179 6681 9260 7568 3575 427 5099 3792 5412 4020
147 4342 884 1592 7895 5533 5784 1170 5551 9740 2046 7457 174 6499 5446 3728 3877 4855 2962
148 7255 1193 7371 9574 4117 9919 5056 9723 2533 7183 9510 7240 3877 8125 2155 427 5869
149 8534 8219 9777 9702 5461 6380 8072 9225 5688 6945 6566 7997 6162 5029 7517 7652 3877 9533
150 283 3220 1402 1528 3413 9277 4182 2718 2665 7945 5368 2319 7001 9270 9930 979 935 2962
151 176 138 2378 2884 4484 246 4797 450 5072 9754 8137 7561 2633 1749 3545 4673 6216 9903 1289 7709 8005 427 9842 2240 1979 321
152 8368 5369 8196 2942 923 7690 9663 4871 7699 3873 352 2773 1238 7874 8491 3894 2962 6938
153 148 904 5022 3291 6796 6155 761 2065 706 932 9842 4042 8794 7845 9139 2121 7355 3894
154 6959 7360 6394 5630 4162 3807 6868 2200 6523 5313 5295 8535 1831 6938 79
155 6993 8641 6045 3094 9514 4788 7142 5864 6459 146 7744 6473 8910
156 8124 9748 9170 4753 1544 5327 7335 1192 4184 1530 7545 3885 9903 8125
157 7253 4179 539 1506 5771 6820 6755 1057 6323 1390 9741 354 9901 8227 8470 3758 3830 5715
158 6270 2295 535 871 6292 9213 8301 2032 291 1978 6125 9977 2891 9492 2128 2345 4886 3981 9533 79
159 5017 6626 4622 3373 7873 8351 7839 9252 6114 5257 9199 5038 2790 9555 7699 4855 3012 935
160 6395 3237 8464 1604 9490 6291 1470 3687 2317 4204 6744 3023 4151 7652 3877 2962
161 3726 1674 8339 1604 5405 4766 4291 634 4037 5197 6545 3163 8716 2555 979 2962
162 2513 7382 5923 1338 5573 5973 840 1637 2208 3167 7156 1429 2898 5412 321
163 4059 112 2930 5723 2853 5426 7823 8448 9132 9842 76
164 6006 7088 319 9468 5833 506 5866 1834 752 6437 1605 358 5993 6605 299 7213 443 6534 6547 9007
165 7319 9927 546 2087 7522 1247 7316 1289 1013 3871 1813 9353 393 5451 5848 8711 1343
166 6249 1300 4716 9118 4864 1692 7387 7474 2014 6898 7200 79
167 3466 5839 1251 8213 4914 1816 3014 8799 9838 8830 9533 369 9545 5715
168 9962 4599 1874 140 6648 1996 1917 2132 7938 8504 6437 1042 9265 2962 7240 4020 7153 8491 8994 2
169 7611 4922 5415 6315 7938 4211 6989 3195 3392 9952 2088 9387 3498 2630 7949
170 2551 1612 6872 6652 2708 5458 962 522 5583 10 9636 6082 4212 9299
171 6272 3502 2213 3833 740 3528 2041 8773 8662 636 7968 2121 4901 6938
172 4306 967 2678 6888 5925 1152 9139 2633 4803 1384 9897 3781 9922 8140 1557 8069 1534
173 9973 5380 1049 6264 9735 5956 653 2734 3504 5509 6932 6256 8396 6537 79
174 5086 2325 3759 1002 3781 749 9734 6161 4026 3591 91 6465 8431 6030 1105 4909 2288 321
175 679 5960 8303 838 3288 3620 4069 5500 5401 8208 920 2288 5509 2943 2847 3783 2962
176 4608 8996 727 9810 3805 2469 9361 9519 8613 9139 450 5715
177 1546 7649 7252 4365 2338 4190 458 8954 4028 1410 7973 7820 8210 1429 5962 7652
178 4309 8339 6570 477 155 2397 7307 6344 2141 3624 7378 9344 3584 183 2643 9545 5507
179 6082 9970 6620 3869 8733 6349 5448 7986 7405 3590 5322 4925 8437 5779 6101 7127 2699 278 9004 7874 4494 7751 935 7949 8125 2962
180 8239 9424 8207 3770 8647 1330 3032 3984 1858 9199 6005 2703 7896 3331 7126 427 321
181 4079 8662 2193 651 2535 4233 8194 9347 7242 1927 3882 4880 6258 8043 3541 9968 2962
182 8214 6450 8161 4737 4673 3788 457 8720 6026 5875 4342 8125 7949 2345 3163 8716 7652
183 8225 571 4779 8340 417 5376 5793 8466 3072 6594 3916 6422 5962 8920 1042 7883 321
184 2487 2305 3781 4447 3390 5435 8728 5380 9665 2377 8634 6467 4855 6613 321
185 324 1094 1227 3639 5759 359 6985 3305 8530 7187 2217 5762 9453 7240 352 8994 2 321
186 5929 3503 6800 5469 967 7012 706 8514 9001 1504 9443 1400 9301 3074
187 477 6118 5998 3066 8354 4793 1162 2518 6646 5676 6821 7806 4063 6110 9604 2125 6608 8293 3894 2962
188 892 1458 7891 9735 914 595 3155 6236 6278 1981 1364 7104 7782 3004 7055 79 5340 8125
189 9776 831 5999 8745 812 5074 5565 7132 729 4232 249 6445 5340 321 7699
190 1938 9411 752 4593 7230 7891 8380 9134 7205 9244 9443 6360 3074 79
191 2207 9675 7566 4255 3727 6406 1371 1115 8541 7474 2595 7057 9903 1979 3877 6938
192 5618 6197 7682 8275 2089 6261 7953 1681 1820 787 3012 8580 2555 79 5762 2240
193 4233 8809 606 5407 8438 6931 6960 5459 9154 5210 1705 9101 9409 6547 2 935
194 1212 1065 4990 6266 477 8750 2715 659 6624 9871 8065 1799 8491
195 8166 1933 1221 1620 7037 2569 6845 2577 5816 5726 5939 4147 64 7087 991 5445 979
196 1134 7404 1354 1731 5542 7372 1660 3188 6437 7236 8130 9246 5161 8671 4457 527 477 3894
197 4835 6903 8487 1812 8438 8874 5635 1639 1726 3383 7083 2641 6274 487 5340 1125 9842 3894 2962 321
198 3477 7968 4474 2018 6710 5984 652 5611 6411 9167 1294 3006 477
199 3539 1626 2088 3302 3512 1059 9126 7985 2575 4101 6292 8994 8043 4020 6482 139 2
200 8963 1038 5503 5389 1889 8530 4314 3286 6517 212 4403 8866 4020 7456 5748 3894 2240
201 9688 2620 447 8985 9652 3783 2690 5518 8182 972 5255 933 5894 4219 3103 1470 7922 7240
202 5833 4838 5696 4405 7948 700 7927 8572 3368 5530 3895 4822 3824 9191 7751 1175 3507 9444 5899 8994
203 9537 9850 408 2327 427 3183 715 3521 6740 6767 4690 8121 2683 113 1162 5997 7296 5412
204 745 6015 9451 615 6676 7393 6794 4873 5847 656 1458 5915 3804
205 8267 1477 6894 1356 7125 8210 6509 6961 1195 6669 5176 5951 7669 1561 4942 7057 1858 517 7791 4350 3012
206 6712 3360 1356 1256 2563 5522 8369 9060 36 5560 8556 9488 4022 7883 5880 745 4311 2962
207 6801 6854 2952 6855 8514 6098 9574 2778 2245
208 914 8513 2180 5557 6898 8740 2774 8973 9154 8116 4415 329 1873 2917 6775 673 3584 8431 745 6938 3074 2962
209 7647 1294 650 6179 9206 7235 9165 6618 7880 6775 1077 1319 3285 5981 7939 7756 6101 2 3877 3936 2962
210 2971 7985 5527 5483 7999 1963 6345 831 3727 8877 6611 1439 300 4901 6938 3012
211 5621 7892 1787 8852 33 4222 6980 8535 3743 1184 3160 3179 1695 5671 3631 2673 838 5412 9007
212 3240 1213 6339 9121 2615 964 6953 3797 1392 4463 5678 5213 6949 8474 8848 7949 6613 3012 2962
213 5724 6784 26 605 6837 6872 9847 7017 9812 7078 1246 2 2962
214 6337 4957 459 6174 6724 4263 3726 608 2960 1701 7605 6534 1774 79 321
215 5757 6405 5113 6052 2518 7643 6315 9529 8619 9232 8910 4855 3877 7652
216 6956 8396 9849 2402 6287 3731 9707 2184 4395 4546 7059 4667 574 8245 2867 1252 4531 9848 9533
217 1590 9526 4780 9258 236 2669 4639 4292 7869 3190 678 8601 2892 2962
218 8019 9530 2644 6730 9297 9068 2443 4353 7648 915 6054 7732 7949 3521
219 1035 1594 8870 7106 6278 308 4807 6662 2945 2582 2966 5266 5507 8532 9197 427 4855 321 6938
220 9045 6234 1317 6471 6358 8746 7103 6664 4915 8960 3597 183 4834 5063 8491 5307 8005
221 4119 6532 9888 680 868 4107 5002 8711 301 893 7436 2088 4463 4114 5219 443 9025 2422 3728 5643
222 5490 3781 9863 4959 2041 6734 412 5656 6828 5524 4867 5611 3303 6020 9968 541 4199 427 1668
223 2489 409 3899 8748 8910 1508 3136 1756 2034 4341 140 1707 8508 1139 5788 5869 7949 3894 7652
224 9795 0 4841 5811 2062 7430 8094 1686 3605 9883 660 7206 4664 9265 6547 4020
225 6799 1621 1459 2310 417 9802 4608 6506 7338 2583 5658 3316 5793 1601 6672 4199 1668 2555
226 4207 5076 8599 6141 6080 6857 4187 5919 9475 3064 7029 8387 1625
227 2011 6348 9709 723 9672 8284 9317 4611 348 6964 9178 3757 79 5715
228 9369 4025 2873 5430 3999 1398 3417 2381 5940 9761 4830
229 9225 9821 4135 242 3539 2097 182 5241 3232 4449 7687 4306 4311 6049 8830 8832 9533 1105 427 5715
230 4577 3153 7544 8390 4156 1894 2975 3152 5754 5328 9470 4520 6672 321
231 7582 2357 7716 2053 7802 6465 4584 3080 887 5611 6320 9332 6841 9755 1934 5869 8069 8498 5962 8994 5715
232 2511 7196 1362 2312 125 1278 4034 4424 8908 116 5277 9669 8910 9834 7762 3783 2962
233 4547 6337 9384 748 325 58 381 4363 7075 2526 7632 9600 44 1745 7657 527 4423 8812 4020 4199 5715
234 7020 6703 2381 4200 8586 2396 5831 7798 4782 761 4341 6030
235 7364 521 7808 6061 3484 5927 3571 5141 1572 2661 5823 5974 25 6404 9842 2 5445 2986
236 9572 2606 3684 4718 7795 6436 1602 6511 119 910 8111 570 1986 1534 2240
237 8682 2952 5358 5559 8818 6476 2964 2241 3454 8256 7410 9404 6327 6537 2962
238 2587 7637 8289 644 4499 1477 5059 3328 3370 1668 9374 9138 1105 5848 3012
239 316 5581 428 7536 8137 3970 1985 4814 5101 6543 166 1476 9496 3117 8068 9023 9842 1042 935
240 5709 1285 1424 7780 5050 8424 3962 6184 6414 2234 4950 3304 6236 1731 5748 321 79
241 6982 9846 2426 5332 2727 4279 6517 4310 7155 4914 380 7206 2240
242 196 8529 9041 5585 7968 8743 8783 7731 1203 4624 2117 1947 4326 5962 6327 6101
243 6048 3725 2816 4194 7876 8782 1336 3345 1308 7469 5260 4034 3560 3607 5053 6899 427 321 3012 5715
244 3831 8195 4908 1497 8689 7788 8336 5742 705 9918 5176 7040 8432 7811 9807 7212 5962
245 2081 5742 7637 9873 64 796 7360 5693 1713 9075 2551 725 6666 9303 7699 6044 8104 7012 2986 427 79
246 1311 7692 8574 8828 2780 5375 7171 6726 1888 1297 4898 1189 9453 6258 6938 3032 427
247 5823 1488 2829 9603 8051 9565 9408 3047 4736 9365 1633 5063
248 1629 9880 6440 7459 6648 2116 8729 6572 167 1925 6676 3652 7153 979
249 2112 6759 676 8333 3551 960 6497 7135 8908 3655 194 7679 3211 4981 5467 7413 6765 9007 2240 5715
250 3750 4020 7100 9744 1506 2694 5161 7152 63 7648 412 7569 3207 2240 2
251 8487 4965 395 664 1492 1097 4828 2896 4430 194 5441 8260 3485 5738 6656 4664 7652
252 1687 4641 8545 1630 1053 3808 9420 8140 2339 8047 7929 6672 5715 79
253 4345 4358 4046 2678 4080 6566 6891 7191 4014 7827 5477 9923 6438 4847 2052 8116 1657 3241 5762 2986 3012
254 5470 7113 8292 433 3187 4819 6718 7519 7570 4523 3687 4203 7413 2288 9545 5880 9199 6030 321
255 5224 4271 3225 645 2694 4357 8254 5905 6439 8605 7111 8912 2002 7153 9903 412 1774 2962
256 8413 4245 2216 6073 6755 1607 1754 3808 4883 9482 4281 9449 5677 2422 3836 7153 2962
257 4398 5717 4284 7675 5706 659 4894 1814 6713 8893 2662 1790 569 4909 5715 321
258 4098 8375 6365 4169 3830 3443 3154 8902 4742 5056 7216 7176 1238 8231 3135 9498 9075 3982 7762 321 2
259 2338 5 7334 713 754 2370 167 9601 6238 1580 4664 5962 2288 2340 2
260 4016 1370 3788 6248 4287 2411 3082 6682 4699 1513 5193 2327 2962 9842 79 1668
261 639 6781 5786 5748 7933 3982 2348 9273 8536 1037 2507 4767 7729 135 6482 9968 9533
262 4408 5363 9704 1921 5522 3038 1109 4721 7987 1670 1608 5826 7519 4958 4985 569 427
263 93 3824 7812 4490 5788 2838 2220 1648 995 1406 5156 7545 5677 4901 2 7413 321
264 3240 209 4734 8801 5857 3344 4778 7328 4107 697 1694 6806 7133 420 8491
265 1277 2204 1375 5739 835 5292 1443 7117 1659 1664 9167 6572 238 3789 5326 2666 8716 399 3584 3074 79
266 2677 521 5993 1753 1248 8864 9980 5646 5018 8223 5736 753 8994 6938 2986 2
267 6140 3650 8602 3170 2950 8980 8078 8209 7426 6752 5715 8700 3622 985 6337 2182 3049 7762 7413 2555
268 7658 580 8404 8587 5031 9057 16 5657 7915 6465 1125 7997 2962
269 3161 1225 5962 1266 1841 6845 256 7052 9569 3766 7617 1216 6327 2240
270 3599 9270 69 5500 1067 9734 3321 1813 4512 3203 9870 7943 255 7698 3023 2611 1979 1546 9224 5064 6613
271 5153 9727 6652 4135 9784 4943 1867 2777 9861 4291 7296 3371 7949
272 6188 1460 4023 7072 6987 2055 3657 2434 8410 1068 4359 8332 9565 2679 8345 9007 4326 2962 7120 2240
273 8394 922 5076 8825 8477 3595 1386 6525 1571 3567 1845 9842 7545 7429
274 3329 8008 7324 5908 9290 303 1184 5683 1543 8642 984 4365 9600 2155 9758 6470
275 6099 5512 2867 8063 2202 258 918 1151 4035 4845 8867 2495 583 332 7200 6778 6712 1668 3836 1117 1979 8293 5748 427 5715
276 6580 5683 7121 2713 6189 5738 596 1072 3676 8596 5507 7762 2
277 1762 8363 1772 6958 6790 6579 9974 2319 5807 5819 5743 1341 9238 5064 3607 8406
278 9076 3056 3998 3739 4493 5671 297 2603 4342 2808 4133 5640 400 3456 6584 5099 5848 79
279 6707 1451 7973 7867 1572 7003 5954 5408 3405 8786 1911 1263 5889 5715 3251 3936 2962
280 1119 7857 1439 1502 6622 9726 81 1645 2169 3775 6720 9461 3894 321 79
281 4340 9085 5726 3844 6344 8790 4827 7450 248 5300 4128 4176 3964 9834
282 4573 7227 8877 3375 5908 9653 6339 9659 7510 1122 9733 9548 866 7629 9709 8450 5156 1058 4527 79 2962 8134
283 6702 2135 1010 1060 7720 7377 4294 9092 1039 3089 9289 9889 2750 6186 5645 7699 5340 6613
284 7243 4438 8344 5094 4015 1805 6794 2142 9904 9505 4509 1918 9583 8005 5458 1979
285 8103 3539 4838 9367 2585 9983 5272 406 6583 7377 3249 7365 3004 2615 427 2121 5715 7153 321
286 2234 8925 5913 9911 1931 4909 2207 8685 9095 9557 397 1240 3228 1980 3961 8693 7678 2666 979 8716 8212 6613
287 769 9698 3090 3953 3073 2996 6064 6593 5979 476 4948 960 4326 2240 6613 2962
288 471 5174 5517 7310 9934 7061 1074 4104 3091 3 2890 3186 2613 9615 116 960 9463 9270 7652 2240
289 9868 4552 8855 4051 2224 9438 2835 2784 454 5372 4945 6414 6130 4035 2
290 6064 5822 4917 2014 9501 8384 6537 263 1838 9677 262 3588 2741 4870 1328 9545 8134 5064 2962
291 4302 2940 4938 2385 4250 526 415 500 2102 4504 1752 1524 4020 3894 2 5715
292 8612 8371 1568 1916 3216 642 5680 9745 6809 4925 4646 2681 2512 9030 5668 4909 3982 8387 2240
293 7071 859 8690 171 708 9416 41 3634 1831 8170 3130 8681 2014 8985 5316 7439 2010 9483 9007 2870 2
294 9510 8130 735 3228 7231 6844 8323 9563 1978 300 3733 6396 2080 6727 4020 1774 2121 9533 321
295 6797 3581 3195 6870 7884 6020 2792 5967 927 3723 9601 8787 2014 7362 4611 1457 2595 6327 1752 9533 9968
296 3442 6857 805 3512 2458 7107 2544 6594 6814 4169 4020 6613 7762
297 7449 8322 8000 5247 4673 5725 7549 3686 2736 3915 6021 4558 6280 3894 2555 2240
298 7032 8944 146 1069 2228 3602 8814 6734 547 7471 5803 6635 1512 5156 7434 5880 5412
299 804 3791 2711 1501 551 1291 5971 5896 6072 3006 5924 4686 1571 5802 6938 5962
300 7787 695 3336 2223 1607 956 9919 1485 616 206 8506 5967 2338 28 5546 6360 2555 5962
301 8049 6245 9000 8410 1776 3029 8548 34 7841 6921 9938 183 1786 4622 3561 9453 8841 79
302 2834 1490 1880 3264 1384 3752 515 562 6087 5946 1289 6270 4501 6099 8130 9533 8994
303 8546 3382 7388 6016 1523 9408 8994 1128 9414 4912 7721 3942 3316 5572 9114 3104 4855 1429 2240
304 2461 4547 7019 2823 8355 9259 2053 1336 2263 2448 7798 2518 2340 7296 1774 5962 79 6327
305 7730 9134 1263 7410 3354 1541 9663 8155 709 7265 3636 1665 2240 2673 6404 9007
306 3426 410 1891 3955 9644 4150 1900 7005 8985 7173 5774 6618 2318 545 4402 1496 1647 8994
307 8603 3613 9079 9751 7588 5401 6686 5513 7303 1365 2 6712 5326 6920 8406 3113 2986 6030 7652
308 2159 3062 4847 8106 4643 5733 8288 6988 4414 2081 6270 9032 1832 3146 6049
309 9861 4510 286 8005 399 798 8066 5272 513 5074 6999 4435 7027 1417 1150 4346 6465 79 7652
310 6119 1370 3356 6070 7367 3895 8674 2074 4428 8266 8987 1097 2174 8268 3101 3835 9194 5688 321 5762 9903 925
311 9675 3312 7309 4771 7705 6537 9039 5125 8090 1080 1283 3080 6586 352 979 5507 2
312 9966 4121 1233 5984 3411 2030 1685 2787 5243 9139 3960 8425 1932 2240
313 4490 4130 8320 3521 6567 3949 3810 540 2423 8306 3202 1407 1150 7602 183 443 9191 4531 427 3894 9533
314 4593 9160 6424 7468 2086 7918 4027 5892 827 5673 8462 6467 8121 6778 1668 5880 6613 79 3012
315 9921 191 1046 832 2163 5716 8999 1038 4967 867 9666 6196 1942 3111 9197 6938
316 2869 5886 7544 987 6077 4083 7572 6380 4728 6923 4051 7085 9075 9139 5715 3877 2555
317 2700 672 7468 4533 2998 9182 2252 6250 8319 8041 6802 9244 5362 3865 259 2240 8293 4020 1668 5962
318 131 288 1089 7176 2822 4472 4906 234 8547 1049 9746 5605 3553 7997 7652 3830 3894 321
319 6566 3215 5522 8089 8534 2026 9847 8080 599 9746 8389 7088 2927 7845 6101 9968 935 7652 2
320 615 6888 242 8818 3838 3846 3712 2218 4898 7852
321 1617 7068 1099 7200 5692 771 9064 6371 9315 8461 8371 8173 1134 8935 1984 1042 6470 79
322 3412 1123 7702 7667 5917 9996 4196 8981 4699 8258 8259 3103 6687 4760 7769 2121 5322 9968 5880 2240
323 1460 3693 3955 8206 8454 429 7391 6014 1396 5557 3998 5566 7599 3184 5507 4909 8994 8663 5748 2 2240
324 5959 3255 1335 4927 4589 3781 9065 4728 8350 9451 3205 3502 8342 5607 2962 321
325 4134 1892 4917 8981 7225 9389 9455 9131 1557 5507 1339 9325 951 4437 6355 1831 7652 979 2
326 658 2908 8474 6350 4439 8611 1311 6479 6397 495 6251 3879 4034 369 9848 2962 79
327 1169 5589 7292 3199 458 6235 3470 3429 5346 628 786 5639 3119 9029 7699 9615
328 8845 3127 1824 7464 7341 8801 8726 2883 4869 5217 9485 1668 6534 2121 6101 4199
329 8088 6858 4016 8235 3591 3790 2024 1045 9622 3265 4134 4765 1534 447 2155
330 184 6429 8694 2837 3551 3538 4869 5725 8205 43 1682 6616 6054 6292 9007 1752 1534 2288 427
331 1476 5444 6013 1403 6646 9018 9019 486 3581 1870 5662 3074 2962
332 98 9754 5067 4529 2333 3957 9940 1159 4927 9349 6878 2072 1705 9013 6054 4527 9270 7153 2240 79
333 3968 8988 495 8037 1115 2287 5279 545 6261 6358 4728 79
334 6453 1861 1063 710 6157 33 9637 7196 2639 1247 2205 6802 4749 7372 2643 7782 4457 1343
335 22 4020 4540 836 119 2938 6513 1797 6143 8929 5458 7188 4598 2466 6880 511 6281 3830 9160 5307 412
336 8276 2898 2863 2723 2269 9654 9405 2139 9369 9751 2565 8157 3012 9488 9878 9959 504 5064 4326 3648 755 5902 8907 5322 3877 2962
337 4557 1176 9458 3227 9671 3470 334 5 9505 5785 9196 4832 3256 9703 8583 8157 3792 4020 6613
338 7349 4984 6288 8508 7319 7383 3927 9921 3637 8912 5365 7629 1180 5162 8491 3528 3982 3830 6584 79 2962 6613 2
339 8665 5795 8121 4668 256 7094 1473 3605 2238 2264 58 2340 4639 3326 4437 395 8580
340 2833 6991 5859 1149 9828 4189 7723 404 9983 5425 3089 76 1524 6672 420 6613 321 9007
341 9196 3675 3491 6383 8431 1088 8500 2836 6423 5608 7604 910 194 6613 9842 1343 6537 7240
342 4973 8672 7127 7365 811 8735 8232 385 4518 4302 4833 8845 1496 9007 4199 9968
343 307 5498 9324 844 431 6654 1484 802 3344 9993 9185 2830 5511 5193 2095 5752 7438 6778 79 9842
344 7455 3544 6275 9270 5944 2805 7795 3012 1043 5970 397 2579 9338 8320 8343 9205 5340
345 5480 265 292 4873 7512 5967 3771 9218 8352 5531 1282 7998 399 3316 9244
346 5057 2181 645 9504 9598 448 3582 8098 1016 9056 780 369 745 8994 7652 321
347 2604 9536 4799 6556 9626 3667 5542 2499 4109 9230 427 6613
348 7011 2692 2575 6746 7144 1909 4351 1336 6321 8193 6258 8406 2
349 4835 8341 7629 1374 9963 1007 2135 5511 2287 8906 7082 6938 2
350 2202 6498 7753 1507 9053 2270 6187 4415 9549 2193 4432 3006 5295 210 6547 3914 3074 6054 321 9007
351 3847 3023 2814 5176 2397 9302 398 3997 2451 9676 7846 1780 5756 6538 780 9129
352 7068 7046 1215 862 9158 658 9943 9946 5367 5197 7996 5839 3936 3023 4314
353 3676 8513 9625 9832 5741 6131 6570 8767 4444 8388 9089 7477 8396 3792 1429 8491 9842
354 7062 3969 3698 7560 3501 7704 3942 4324 1172 65 276 3961 2256 6049 9464 3758 2962
355 4294 9679 1850 6232 8219 2708 8984 5243 9846 1173 5182 2489 7713 2768 925 2555 6938 321
356 3104 3176 2825 2253 3648 8063 1328 5168 4899 9513 5277 443 3371 7120 6938 7153 5715
357 199 9023 6731 3678 8979 6823 4340 9273 3960 1784 4267 5865 4646 5338 5295 2340 7652 5715
358 7153 7588 6582 7490 2179 7368 1806 5736 6882 108 8340 585 5193 2114 6613 4199 2962 2288 79
359 2608 6947 1922 7185 8484 1545 2681 4661 2498 4634 6676 5396 2129 8284 2994 7736 2892
360 6052 1238 4445 8116 205 2160 3708 3022 1851 6952 1834 5814 4898 3253 6928 3828 6613 6712 8125 8387 79 427
361 9421 165 5091 3185 6707 3241 3582 9851 7584 7267 756 979 3012 9007 2
362 819 1565 5251 4108 8859 5421 6889 6240 7314 8752 167 6316 9480 9807 3293 5493 5064 4647 2898 9007 2
363 2413 5821 4389 7435 9864 2653 1160 2987 8799 7384 5463 1202 2327 450 2
364 255 8046 2426 9654 2801 4407 3972 8114 5617 9454 3297 9262 4843 3541 5458 9842 7736 5341 2288
365 5470 2464 5586 6385 8576 3334 5352 5543 3261 281 1271 5914 1732 5742 1299 5090
366 8368 7195 3786 8175 981 7587 1160 4394 9005 2574 4719 1117 4765
367 3666 7449 4342 8432 6379 4125 2235 1532 6910 9793 3163 8062 7120 5307 7296
368 7340 4949 7051 6957 2340 2754 3702 8122 214 3146 8243 701 4020 8140 9533 9007
369 9406 6432 3340 8403 1950 698 2696 9190 7697 2159 6963 9959 4068 3987 2064 991 9930 9139 9453 3836 3012 4664 745 2240
370 6042 5147 4657 3695 3793 1077 2397 6646 1472 9075 3894 2013 838
371 6157 7274 7893 3488 8367 6426 4121 8883 2023 8599 8770 6449 443 9579 625 6692 4985 6938 1134
372 8829 4919 8276 2520 641 3719 820 1381 764 5061 9918 2733 4457 6672 7179 8491 3032
373 190 2797 8708 537 3482 2502 8088 564 3040 9143 4584 8512 427 8994 4199
374 7213 4959 2346 6634 694 2341 1443 5198 5450 6411 880 7486 2102 3930 8174 6827 3936 79 2240
375 3980 6545 7818 5121 765 4217 5002 6007 5048 2373 6608 9659 6258 2
376 2186 608 8381 5215 4835 6903 646 9366 5570 7895 3553 2164 2322 199 2986 7456 5962 6537 321
377 4147 7679 2198 4000 7120 8079 1367 6905 2936 1086 9569 2799 3325 336 3885 8830 3379 1429 5848 321
378 7157 5017 4486 471 9024 3188 6230 1609 2059 2398 157 250 7481 9834 7833 3982
379 3661 384 7456 9617 8477 4445 6565 840 2445 9746 9007 9396 1858 7732 8711 1391 1534 3758 7709 9533
380 4154 7896 4737 2295 3639 1020 1638 2933 3442 1023 9176 5255 9713 5412 1750 1121 7296 2240
381 1660 4897 5934 7872 2026 3265 8633 4072 3833 7820 7639 1125 5322 5326 1979 1117
382 7508 3352 525 5977 9703 1872 7905 4252 1139 2478 8938 1521 4073 987 7864 2462 7710 2155 7699 2
383 3183 6816 1234 2660 6879 4711 9535 5761 53 2546 8124 3376 2 6467 7699 9075 2240
384 4132 2037 2296 4977 561 1946 4548 6053 1337 8921 1801 6842 7751 638 9968 3012 2 321
385 3365 99 9808 3638 8093 5338 8545 938 2082 828 137 3074 4199 427 2
386 3337 2435 4411 4441 599 1690 8303 1150 6019 9245 5539 4027 2 9533
387 6904 3158 601 7266 692 4499 4034 8479 3759 4952 4843 7276 5788 7361 6613
388 3307 1790 3841 8915 7971 3136 1437 4426 4912 2806 2442 9446 5217 7147 8406 712 8470 3543 4340 2962 5715
389 1883 3076 9907 4886 3454 7125 2046 8235 4651 3244 8757 9038 2555 6030 2288 2
390 9559 5505 9467 5707 728 1629 4943 4886 5375 815 7203 2005 6356 5358 2790 6978 8994 1504 5122 5219 9533 2555 2962
391 1283 7261 9356 9981 7875 6243 5525 3311 7539 9480 2426 5053 4527 8470 979 321
392 8924 4488 2013 5587 7590 5163 4791 2266 2077 2918 7402 3755 3289 8910 8470 5340 2986
393 9876 2564 7919 9986 6258 8709 455 9319 5317 9753 4330 5917 6591 5596 7419 3653 7438 5715 321
394 3672 6327 4159 3935 9042 1966 8416 6154 4506 939 5419 5950 8813 5914 5728 385 7713 79
395 3801 2271 3015 3546 1049 8325 2183 4569 1377 4017 5445 5850 8638 8593 7073 5088 2340 8068 4035 6547 2643 2240
396 8157 3228 6856 6692 3937 7345 4111 1293 3612 320 8802 2651 3961 7736 9615 6327 7296 79
397 342 108 9898 2796 2109 5136 6798 9413 2740 7571 9086 7781 2863 8797 3740 7289 6178 6465 4004 2198 3877 5412 3304 979 2240
398 6470 6509 900 9221 4025 5558 5011 3602 7039 8216 4257 7999 2682 6281 9545 2
399 5147 826 8666 1420 6336 4180 5364 472 1064 7330 3103 321
400 9370 8924 9273 6094 1781 7804 7772 9327 881 7951 2773 1728 3605 3869 2462 7681 7762 6258 3074 7153
401 6963 2609 3302 4537 4541 7699 7821 8976 1229 9958 3020 6166 2972 9344 2121 4199
402 6865 2274 9403 4611 5874 8799 6522 1466 9331 6833 2666 1534 7699 1454 2986 2962
403 7729 9090 1444 5929 9569 8385 2487 6530 3536 8753 6282 2322 6482 8406 5869 6712 7762 2962
404 7784 7456 6573 9396 9152 4980 3285 4905 8879 3924 9330 7235 8644 352 3830 7652
405 5075 323 8825 7240 3222 1610 7084 1760 6919 9032 5888 8134 9295 4606 3571 9720 4527 9007 5962
406 353 2749 7378 50 7055 4440 7646 175 325 5992 7575 7438 8962 4311 5780 1383 7652 321
407 9915 2437 6867 9026 9663 5279 9534 454 6487 9630 8059 7610 5710 9638 8332 2158 450 5783 1670 2962
408 7108 3500 6202 7766 3159 2019 8872 6092 6588 707 3400 7868 2954 1823 8987 1223 6978 7133 6404 321 6258 6613 6938
409 9741 320 6648 6140 5425 2204 6205 3074 8042 561 7304 3028 8313 5175 6467 9848 6134 3012 1668 2
410 5966 7561 3322 8346 4431 4556 8925 8369 4238 425 4128 2664 1585 6281 279 638 6054 2013
411 7706 5048 7561 3078 2863 1079 1971 9429 2505 1369 6397 5747 1955 9984 7120 2
412 4397 5962 1822 8176 6046 7455 719 2324 2945 8693 6010 5886 5753 9860 993 2013 3513 9007
413 6816 8914 6316 146 6421 9230 6048 2007 753 6229 5565 5217 5895 6986 5917 2240 4340
414 7770 1327 7860 8723 8891 7363 8026 6732 9249 9197 3805 5308 6356 3967 7085 901 7022 5323 2898 4180 2 9968 2240
415 3143 5029 1294 804 7248 2133 5120 7187 8300 3426 7919 1055 7795 4035 7949 5848 2962
416 6624 7361 3249 9779 5461 4041 4050 3896 3033 729 2757 8832 1784 3830 2240
417 8745 6107 2628 8459 1863 6367 2329 6843 6461 2327 4180 8116 9990 2121 9968
418 1024 8970 9750 9977 4211 6895 5272 4679 5762 3394 5538 1534 8995 8274 9398 8751 6187 7545 5072 3012 2986
419 9016 1146 2075 2827 1372 2265 1383 4742 7058 9453 8422 2260 925 2615 5064 9007 6613 427 5715
420 3137 9953 8589 2630 9405 7636 8010 2628 6941 8804 6613 3981 3979 253 5772 5397 1256 3144 8293 8644 8387
421 955 4443 6046 6636 6939 5863 4735 1382 9113 7740 1702 1649 6613 4562 9190 7822 6840 8685 2340 5307
422 1944 2377 782 1867 4307 60 9894 684 3673 8747 3338 9001 2591 1238 7153 321
423 7433 7877 4007 6517 7024 8558 2193 7815 9892 9273 8260 4965 7014 6283 991 110 5643 6692 79
424 4555 2650 270 3518 9911 4806 4384 5119 4479 6721 447 7481 5762
425 9972 6755 790 900 1602 57 1143 5440 9488 5131 6855 9436 5758 1066
426 6403 9848 8989 9969 683 636 7875 1337 860 3576 9786 3108 1043 6895 9683 5046 7930 5643 1299 2855 369 2240 321
427 4831 7788 4969 6375 7981 8004 211 5984 3539 3158 1881 9922 4813 3186 3089 7200 6060 5437 3753 3103 3012 1668 6938 3877 321
428 8542 742 5732 1122 7793 8166 6118 6865 32 7253 6281 4260 1670 8484 5254 8210 4901 8491 4020 2240
429 638 9039 2687 4717 4473 7216 7647 1412 3706 1257 9997 8315 2932 8860 6184 8183 1343 8663 7630 2962
430 8840 5329 5548 7987 6514 2023 9624 6110 2964 2626 3252 7979 6878 9852 1223 4180 3885
431 7084 5669 3325 6469 440 825 2372 8455 2370 9132 8794 6778 7575
432 2481 1056 3810 5364 7317 19 522 1903 2291 4035 8062 7615 1741 2735 2
433 3919 6208 88 6275 8942 2319 4162 5879 4755 4417 6718 477 4531 4311 2
434 6551 5415 2773 8073 8959 174 4433 5340 2400 8123 8671 5596 4246 3215 5845 6621 2325 1763 9848 2555
435 5476 9764 3155 8988 8881 141 3659 2575 8394 472 5604 5557 139 2643 5507 7949 9199 8711 9842 2 5715
436 3570 3918 3272 1818 9636 988 3375 1962 1093 9412 2923 6534 6547 4679 3728 321
437 1671 5353 8799 166 2960 1385 7570 4711 3425 9464 1277 1632 3885 1413 321 9244 8994 2962 2
438 8264 8173 1182 984 8105 502 2603 2991 5693 8088 7871 9933 5029 3074 6938
439 9455 7667 5872 5698 4347 4433 6667 7608 8640 6113 4652 5437 352
440 7988 6560 4414 6706 3690 1647 4166 5831 7241 3878 250 7398 6833 9094 2288 9007
441 363 7912 4008 3581 9848 4078 5993 3541 212 2050 7179 6521 7094 2757 8753 6301 2260 5869 2327 2
442 7949 9920 1091 3424 4232 5408 7989 6149 3409 2921 7790 3485 9381 1395 6177 5422 6765 7432 9961 925 6613
443 7746 7520 5235 2999 847 2863 3984 9371 5234 5210 3771 3241 7126 7732 7429 2240
444 3230 3629 4670 4282 4653 4105 127 979 466 5659 5685 3253 6419 3726 718 1289 8716 3012 4199
445 1721 9750 5203 2294 2976 6619 843 9109 7607 5568 6130 163 1872 7047 3073 1546 8832 8722 9968
446 5504 2693 8080 1964 5827 6502 1800 6200 8337 5935 8204 8465 6499 2548 5214 2223 9533 1613 6470 2340 3111 5715
447 2294 9024 4085 845 625 6391 1581 287 2437 2 4224 3125 5353 4719 4403 3278 1554 5451 6465 7438 7266 979 9533 2962 79
448 5599 1313 5075 3891 639 6946 4983 1452 9340 5040 753 3830 3445 1174 3504 9043 3885 7012 6030 2962 79 5715
449 7354 6019 3266 668 5034 4758 1194 8230 4083 8830 2500 8343 183 9244 79 2962
450 4186 8239 4318 8163 7582 788 2704 3578 1615 5209 7105 3579 6919 9075 2176 1752 1042 1774
451 1144 5102 2242 9897 7775 3543 2954 8704 8805 4545 3157 991 6765 9834 4020 8830 321
452 4020 3545 1419 8728 2499 9489 4938 4787 7649 1659 4660 2648 9364 1708 7384 3371 9842 3877 2986 2962
453 7643 9142 7428 9943 7649 4248 6544 9567 9492 1089 6196 7120 3877
454 6180 7878 7723 4046 5552 6445 8386 6301 8977 8126 98 5031
455 2698 5341 2401 9536 4356 2579 5509 9575 8677 1217 7595 1807 7501 3128 6477 7699
456 7066 3980 4492 4658 9747 1421 7845 6268 5259 1761 2198 7703 9697 569 7438 1299 8406 7120
457 2504 9265 494 2201 912 263 5603 1554 1844 6556 273 3491 2892 79 2121 2962
458 3036 1126 5106 9633 2292 305 2280 6616 6834 2730 1468 4579 2352 3012 1175 9139 9615 9545
459 7993 2691 4855 3549 2631 1565 3045 8479 6038 8832 4464 2128 8130 321 5962 2962
460 3333 4956 9722 310 2355 7196 4513 3981 5904 1993 767 1877 2113 1066 4372 2114 3836 2533 4558 7266 2327 7732 7762 979 5748 5962
461 422 7517 3463 5347 7787 3730 6580 6242 9846 4214 462 2928 5258 4258 5326 1105 640 8387 5254 5788 6938 2 321
462 330 5671 760 3930 635 1237 539 7895 3358 3525 5438 6611 5677
463 5652 295 8605 9795 1916 7864 5294 1027 8463 3830 5097 747 7268 7605 7106 6772 1736 5386 420 4728 2685 9007 321 2240
464 241 2907 4597 8081 7944 2306 9345 9381 7933 9532 6611 6439 8949 405 2875 2902 4774 2 321
465 433 2304 3334 7670 5046 7279 7105 6925 9386 1666 7049 7514 7072 4928 5412
466 2086 986 3896 9725 4744 7240 8382 679 5171 8958 6635 2155 9990
467 3958 8568 9160 1266 43 3461 2153 9082 1675 1110 6198 8987 1046 9842
468 6996 211 430 9592 6553 9150 4822 4797 3917 9016 7948 7861 2003 8345 1145 6021 3074
469 292 7271 2701 7429 7859 6971 3746 9553 6421 5531 4134 8125 6153 9533 6938
470 4475 6108 3961 4208 2840 9916 7215 8536 117 3174 5523 6428 7240 1979 1042 321 6030
471 8833 2271 9732 7996 8816 3875 9317 5270 7530 4848 6430 2214 991 3584 7296 9842 2962 2240
472 269 9485 9710 9772 4814 9682 1303 1842 4520 4724 3432 7058 4021 425 7769 4345
473 6039 8032 3127 4943 1280 5611 1614 2550 8492 308 2212 6920 5446 7153
474 6960 4385 6786 2240 6855 222 854 4230 520 9614 1730 3301 4221 5993 3982 569 2555 7219 427
475 7522 4054 6931 5285 8544 8444 4466 2337 8692 309 876 8858 4345 9931 4314 9299 3012 3982 2
476 4357 8271 7012 3412 8854 4113 4387 348 6930 208 5848 2962
477 1625 1808 7315 8309 2147 8443 3101 9860 2785 6248 4289 9457 2760 5097 2288 427 9968 2962
478 6989 4375 7137 9630 9895 5019 6151 1192 4951 2671 7498 6385 745 7105 7762
479 9919 403 7658 3938 4207 7594 6697 9013 352 3163 1343 3894 7652
480 2501 369 3646 4310 4070 3214 586 7466 2796 6878 8319 4134 955 1383
481 8365 1531 4797 7081 7511 4648 9681 9403 6176 2769 8577 3690 5365 9533 7575 6938 321 79
482 3001 533 1155 5309 1917 5861 8882 8 430 9453 7261 5724 3453 5099 5412 4463 9968 3877
483 7591 7702 3351 9378 4393 8631 7072 6307 5324 9409 6903 2589 9533 1534 2962 2240 935
484 7615 311 9366 7728 9 5136 8002 9294 4359 9156 8627 6374 3679 3074 2876 5961 1256 7153 5156 6534
485 6930 5775 3969 9994 7673 8794 2206 6635 9288 9257 1386 4526 1528 5818 1343 1287 7438
486 9996 7988 6644 1246 2602 9676 1664 1046 3569 937 3836 935 3012 2962
487 2690 7276 2574 7649 5842 6395 4154 5712 3935 5206 3029 1593 8188 8649 8671 2615 8125 7949 2240
488 9497 7682 363 4540 1437 798 23 8615 5479 5624 4359 745 5715
489 1494 5288 4521 454 5314 9799 4973 9959 8430 2075 8883 183 7883 79
490 1213 5239 2527 2634 6115 1299 145 8678 1227 9931 5986 7919 5415 8763 5418 4570 4749 5710 6516 8570 9404 7699 6584 5962 2240 8994
491 6451 3660 4937 3820 7038 1579 5876 5882 2298 8327 5576 7115 7348 2707 9436 4765 5483 8125 2288 9533
492 3540 3512 7167 2414 7057 219 9036 9189 6579 4630 8193 3103 3383 1438 9566 3074 7737 6538 7153 79
493 8274 1093 9876 6881 9346 5224 6829 2117 8050 7588 7568 7706
494 4842 2216 5442 4381 2286 1971 715 829 4497 184 5843 5461 2193 3329 8053 2630 427 6101 7438 2962
495 2034 5489 5768 1399 5148 2933 3180 3149 6503 6171 4453 9451 4558 2983 4326 3376 2288 935 5962
496 7527 105 3715 1275 1167 3662 4361 1890 3269 3133 1923 170 6815 8172 8121 7762 3032 2555 2962
497 3064 6488 1344 1413 6932 2245 1490 9049 2560 5622 1841 4314 2962
498 1490 2649 5109 7663 434 8250 7715 2494 6852 4043 9871 804 1524 2475 3602 9244 3830 6938 5962
499 184 1925 451 2810 9501 2987 7504 4339 7322 685 8065 6537 7883 2
