100
0 6080 9782 1195 7170 4628 334 4446 6881 6472 550 5142 8077 5541 521 941 8902 2644 6360 27 4890 3314 9470 2985 2076 2268 5384 8170 2554 5294 6168 1917 1170 494 4895 5381
1 9407 7802 6012 22 5659 339 9484 9996 1231 2656 4951 3623 9224 7455 9861 8771 2178 6796 9411 5415 2732 5493 3339 536 3739 3842 9050 3942 3204 8700 1864 4510 3686 9517 6194 8458 2486 1290 3756 7450 6729
2 1629 4013 9431 9791 3652 3397 8837 7760 2673 5972 2918 1262 5609 40 2459 6089 9142 1059 4452 2308 6979 2494 6063 8518 9712 7292 1773 6796 7423 8580 4019 2230 2656 2489 1371 2328 3155 1334 1310 6729
3 3890 4187 5551 5063 9855 424 8817 7430 8961 6390 9401 6290 4996 7406 9679 2691 2995 473 2615 4628 955 6463 2187 379 4928 5798 9655 1732 1072 7492 5824 625 6350 7938 3138 6887 8690 8158 7624 3457 1502
4 6103 5172 1655 2333 4346 2547 358 5903 13 9425 3910 6626 1000 7434 1437 8748 7025 1644 6684 9180 3019 928 4810 3051 7756 4086 6957 5334 828 9334 1240 9962 2243 8138 737 2905 8789 9584
5 634 6683 157 2069 6105 3190 6866 2357 8176 8606 551 5737 5559 6063 7258 606 1302 1205 8499 2147 3355 5987 8690 3131 9637 791 5903 333 7383 5292 1369 3097 9905 1310 3244 8556
6 7718 7249 347 4620 8145 7305 3981 2148 3236 8884 951 2437 2083 1169 5969 1129 7108 6568 7821 1546 2651 9016 2258 5317 4027 3962 8878 1832 9473 6604 762 4342 4810 8139 7003 1958 7912
7 9394 7864 4581 3018 9514 74 3665 3052 7723 6199 470 9583 4361 8926 4909 7675 7676 6660 2214 9264 2643 4583 2973 2272 6076 917 6802 9102 8951 3757 1385 3477 1502
8 9838 8485 8281 4354 8331 7035 1014 1663 2910 4707 8046 3298 9534 7449 3747 6337 4687 6251 24 1494 1113 9736 7572 8924 58 8429 7117 8390 7642 2779 784 3897 1118 7360 2804 5031 7501 1305 5659 1671 7055
9 8140 8578 8749 2642 1100 4966 1734 683 66 3055 4891 9737 1951 5692 1689 4194 582 1285 4124 6600 8202 5845 4307 2086 7856 5314 5796 4939 9275 7650 6027 4745 5501 9285 7850 3975
10 9674 957 5755 8971 8516 8515 8852 3118 7071 292 9240 1464 3929 8894 8557 5282 3558 5262 8912 5106 802 5411 9661 9389 2863 7808 3059 6240 3459 7911 6530 1760 1495 372 3248 1737
11 5068 9993 8844 538 9083 4152 1082 5300 3713 7361 126 3433 9213 6160 6247 4086 2493 3269 9057 461 7196 6762 3032 9253 4391 9013 3865 2416 2166 5519 9888 2853 1445 3287 7754 9249 6604 285 1482 709 6807 3849 2459
12 1423 3910 2818 1241 9492 4165 4336 3356 3253 1249 8033 9385 3596 2738 3030 1479 2310 1559 8058 4252 5236 9096 3001 3943 660 7352 8132 5610 243 8859 6029 3239 4004 4226 1968 1104 8868 4597 7526 2780 2264
13 7148 5456 3284 5237 2953 8294 56 8319 9201 7010 4023 960 7521 656 9940 6933 9580 8785 1775 2212 9363 8823 9291 1813 5986 3951 6641 3167 9113 5882 9743 6254 36 5103 2248 1914 1241 8257 6787 1917 6049 5851 1737 8556
14 2631 9752 8949 8915 4986 8547 38 5675 229 997 1060 2179 7246 7316 7553 1578 6562 7502 6469 1268 2425 9041 4197 6251 6022 1555 887 6225 5831 1413 1234 5350
15 6083 6648 9661 6576 9854 5825 6634 7931 5638 811 5078 55 3055 1119 6800 5958 7669 5802 9631 7122 617 5980 5885 3849 4413 9446 2887 482 9704 2298 3618 5888 6702 3139 2800 788 400 6597 5685 3457 2591
16 5717 1258 3917 5472 133 1722 7628 8373 9260 4783 5388 7472 6396 3392 5842 8793 8948 7354 8297 7085 279 5294 4876 9256 5860 9602 9127 3267 2407 380 4449 4081 2713 1065 9136 3756 4247 8271
17 2870 5837 611 8902 349 703 5245 1969 2824 9335 5786 8389 5883 382 5181 5685 7111 6220 6677 5520 5401 8645 2683 5378 3153 9743 1229 5379 7659 7623 6942 1335 7160 8992 3428 1689 9649 4997 7759 1583 6729 1671
18 975 6562 4138 3520 7347 3203 3692 4057 8897 2209 2507 578 2592 7211 8833 3294 895 1867 2624 5157 1969 1258 1363 2690 5412 627 1295 2425 228 9110 749 9095 383 9000 1936 3975 5276 3888 7450 2548
19 5626 3574 1201 1625 9619 532 6295 6287 4051 3820 2728 2433 3136 9485 9073 4611 733 1990 6029 4117 246 8190 1358 4049 477 6795 7270 577 9489 3674 6379 9950 9305 2713 8200 9824 1290
20 4575 9620 7572 481 9427 9155 411 276 6775 5305 7710 8106 2086 625 6324 858 6962 8321 6178 789 8903 83 2526 6075 2153 75 2230 2594 204 1568 3879 9437 4039 8855 8159 8992 1433 4649 1159 4870 4892 63 7984 6735 6102 8080 9709 7624
21 5213 1281 5098 7672 3888 964 8218 5887 8968 2217 4506 9591 5044 4861 3506 9531 6140 1436 2830 1897 1881 9849 6805 6833 1342 7081 5743 7920 518 9408 835 9404 968 9305
22 6290 4578 6803 4063 39 3024 7495 2405 4221 7372 7782 5768 9342 691 5235 1021 806 431 2331 4647 2053 7934 6964 5580 2191 5213 222 1930 139 2513 3514 5482 1315 9709 4714
23 154 4651 9933 3770 7171 6459 8591 746 4719 4034 9404 8552 8649 1274 657 9519 8183 4128 4822 2544 3377 948 2196 9657 2209 9565 192 938 7550 2228 8500 6457 8922 9920 6214 9925 9673 5242 2003 8734 8458
24 8060 2897 7164 7474 3560 2939 9850 2837 7169 9606 5489 5220 4565 788 5878 5703 4453 1031 7174 1622 4926 4140 6993 1856 1675 430 7602 5482 2264
25 400 7695 9515 6419 397 7997 1855 8824 6343 6757 4736 7614 8793 8168 8094 8996 9470 4747 8950 2593 328 156 4147 9328 6186 1844 3548 9099 5602 8061 4705 8881 2462 8266 7303 2721 2448 6816 1200 3110 1958 6764 1502 4714 3756 3244 3975
26 4445 5195 2403 5721 377 7629 7683 955 9317 8934 6244 4746 573 8950 7584 2378 970 969 7069 7546 8509 9682 2878 1206 5520 9724 7241 6393 7256 2209 2334 4042 4869 7292 5394 8541 621 4142 3684 8552 2264 7360
27 404 7013 4009 8193 5090 7997 7051 2321 2298 716 3863 3869 6591 6117 2696 9746 3199 6119 9454 2192 6333 4332 5735 5829 4916 284 3510 9978 3799 6692 7592 9737 3389 7775 621 849 1954 2264
28 7156 8973 8056 7710 2168 6873 9629 3171 9292 4926 3887 6051 7348 260 4172 3511 1344 7014 4796 684 9049 9172 4617 1833 6791 7880 5208 7371 929 4822 154 4727 3654 6931 1522 5381 176 1951
29 4255 3372 3678 474 3116 5018 9375 2003 7366 8620 1557 7575 3085 1674 6533 9162 1243 7915 3044 6410 9845 9594 6990 4620 9139 667 8308 7096 3309 4009 1060 7510 8158 8116 1173 1671
30 2211 6705 224 5683 1034 6027 2724 1385 8678 7946 3987 5580 4282 7359 2191 7960 943 7367 7512 4906 3804 1295 5335 5005 6643 8163 7807 7830 7123 9227 248 461 7091 4481 5363 1290
31 9463 6258 5213 1354 1229 4660 7516 7651 8058 6696 6111 5465 8725 6833 695 5508 8043 8747 9913 9509 8603 4403 6590 1905 2356 1073 1084 3661 9998 3757 2160 5399 7977 7906 6279 9136 3975 3756
32 9152 4349 9833 2176 3293 3004 8747 381 9989 6229 3108 1344 9677 3414 4539 4665 2246 5437 823 5227 178 4125 5294 7253 2006 3496 1827 4272 1550 6051 977 2343 7920 1930 7366 7986 7584 1256 6083 7585 1290
33 2081 3595 4646 7182 5448 6233 4369 409 8768 6075 9885 9666 5655 6924 5763 5618 6438 4275 7706 5721 6549 5863 8113 8892 7824 2930 3761 553 8248 1193 3148 9517 4178 5921 9365
34 2502 8380 1222 2550 6339 2968 5958 3155 9770 8451 9030 6513 4280 8962 34 4353 2652 7003 2731 7891 1856 9893 9538 5271 3784 5894 1681 4193 7311 5777 9050 184 2653 1648 1790 8937 7234 3244
35 8756 3241 3038 7620 5257 9001 1311 2297 5090 617 4024 8849 8532 8257 4700 1947 5776 6104 2012 5872 4134 1484 4226 7467 4822 9926 7691 3222 8351 6773 1851 8391
36 3572 8039 900 715 7491 4812 2176 4055 261 2341 7113 1708 4201 4593 4874 2083 3429 8975 2765 6357 7508 7523 8638 704 9643 9471 2884 662 4512 2598 2437 651 9275 5959 1770 224 139 7578 6638 8361 968
37 5227 2856 7893 4035 3348 1652 7056 7098 8294 1102 8937 4257 3531 6964 5951 4467 9828 7523 5048 308 8256 769 7807 7745 962 1380 2249 244 1948 8438 2518 5561 326 5999 5051 1332 9886 7055 3975
38 6826 6235 8 1268 1955 5618 400 7909 7356 1742 2873 1676 1714 3975 5796 1239 1582 1884 6989 1106 6768 6522 5956 5909 817 6183 5459 8531 9753 4047 341 6621 6830 4703 6618 166 1868 3244 2459 6496
39 7473 6820 7985 3917 8811 1969 9958 2503 2954 894 415 869 7286 1231 7513 8014 9922 6992 7926 3014 4858 1148 4760 8134 3798 2461 9517 4784 3785 9378 5463 3779 6445 4023 8391 1310
40 949 5616 3537 6308 9016 3492 3098 1340 1174 7042 4575 5152 7656 489 8533 9399 3924 9739 2735 8298 3437 2742 4798 2666 8082 6715 8336 9392 8972 8738 286 2845 7631 1058 5062 2748 7503 7215 7450 3470 948
41 4329 4345 2684 7891 519 7559 4596 2603 9081 9514 3132 2484 6374 6829 8839 9804 2970 5833 8949 7820 2818 4353 3851 2500 4598 1344 2005 4024 5596 2277 7374 9472 7733 5075 8756 3756
42 8465 8401 4558 7661 3137 4544 4745 5814 3027 6517 9649 6076 6826 7731 9188 6718 8738 7908 7292 2711 2612 4062 5987 4792 5050 3403 3994 5459 7564 3501 1406 6011 6218 9586 8947 8915 7769 3684 9364 3613 6022 7335 4750 1476 5450 8859 8458
43 4830 9644 7112 2458 1864 2173 6642 2428 5693 9405 841 9949 2795 5885 9887 2478 7923 8588 6791 728 267 6936 7508 2573 9185 8122 3131 2784 135 2261 4776 8358 2058 4049 7240 2267 5909 6228
44 4502 3459 9115 3625 2619 6951 4003 1193 6758 6816 4363 6708 5669 3817 2426 4713 9903 7808 4988 3189 8529 6340 7072 7045 2844 5679 4858 6517 7099 2274 1567 9894 4707 9511 7031 2828 3319 3255 708 9543 9365 1502 1263
45 9560 2075 4755 2950 7962 2435 6770 3244 1745 2646 931 724 9070 1073 9256 3236 7936 7939 8081 5612 1942 6496 4084 2130 8996 1330 1604 7961 9969 9668 4761 2001 4454 727 7033 7543 7409 3110 9365 8556 6402 5381
46 5724 6421 4678 3787 3896 8634 8387 8747 8894 9378 7789 7780 9050 1199 4961 5708 4281 9419 3257 8887 658 4831 1725 1987 9482 8312 2350 6706 4162 6628 590 8859 7332 3975 8095 4713 7242 1502 4841 1310 1290 3756
47 1578 5779 6617 9043 6039 2060 9473 2977 9509 1195 8249 1883 6867 2586 8085 1424 381 8136 2986 5719 3634 8199 7919 3682 3921 6393 7925 4015 9222 1310
48 6084 5091 2026 5471 7070 6642 2160 8517 6303 2223 7099 9974 2091 5028 2395 299 7957 6725 3586 4649 9089 7138 1987 1014 6835 2808 8198 9421 2476 6183 5023 8577 9836 4825 5525 9584 5685 7450
49 6613 9605 3099 2704 9305 8752 9756 4215 3550 3194 7857 2150 4203 6096 5423 3498 4798 2647 1606 8683 7268 4266 1453 5444 2013 7604 9108 9394 4950 5147 9441 1704 7325
50 9404 5817 9000 5693 3865 778 7319 8124 9895 3209 1511 6585 7045 1280 9223 1260 8087 8702 2866 2543 3664 6954 6508 1775 6465 477 8295 9274 4900 9857 3789 5240 4541 6401 299 1225 7242 1290 5526 7450
51 852 2725 5178 3278 3512 6151 8315 5711 2235 2138 2806 8773 484 4598 6736 2462 9582 8853 5930 8513 4438 4908 631 4454 6906 92 199 3757 7037 8294 1352 3110 5276 6496 7360 7624 8552 6729
52 8141 2559 9547 8168 894 963 5714 7359 6936 6036 1489 2143 2781 177 9790 8482 378 6620 5074 8509 9424 3786 7157 1841 1093 6369 7049 7702 764 4327 9419 4371 708 1737
53 6430 4315 6435 3044 5544 6300 8257 980 9561 8163 4767 8060 5835 8063 8566 552 5784 6727 6819 6849 8080 482 4037 2777 3823 5755 9504 4895 9554 1077 6816 3706 1315 3756 8798 7585
54 8222 6172 2720 4428 2235 2762 1502 2742 9573 4015 5678 1952 5215 5724 2615 2781 1142 3572 8001 9121 9323 4517 3761 1249 277 8102 6480 8818 9107 3896 9114 9547 6366 8768 9136 6347 4371 1671
55 8483 410 6816 6490 3134 4127 6955 6354 826 4457 3897 3356 6849 4140 494 6386 2615 1213 7503 2952 4994 4569 1410 3563 3037 5160 1771 3874 299 1521 5720 9996 7378 4836 3196 1499 9360 6604 2614 9709
56 5860 2517 6837 5910 7171 6668 9194 3498 4338 932 1010 7052 25 1652 7781 6577 7833 6879 9064 3608 5395 8270 1551 9292 9517 531 2563 4937 8126 4694 1843 3770 6517 6725 1126 4395 4900 2162 4703 6083 6053 8339 9709 7624
57 3533 4546 9194 7597 493 8255 8384 6624 2552 5680 6603 5973 1173 572 6957 9477 5072 3255 8143 8470 5300 1127 7378 4234 4998 8927 3522 9994 3176 4708 2439 2108 3628 1840 4464 8458 1290
58 1588 5752 5991 3960 8758 4631 7221 1888 6007 3367 3861 5692 5104 4192 3989 7224 1650 5654 2306 1990 7482 340 8594 6936 6448 7220 5285 7841 4028 6197 7824 1495 2264
59 2803 2606 5102 7188 6697 9382 861 5538 6073 4483 3332 1636 5229 7253 2769 7671 9446 6693 7152 9788 3797 3117 3337 7665 9969 2619 9639 6744 5827 3279 4829 5661 4349 3138 7892 7624 138 2264
60 6757 6832 2549 8991 613 8065 3753 3745 2609 9919 9950 8450 6129 9080 4701 5333 5893 8485 9369 8584 2127 7015 3806 2457 1819 1670 5281 4412 3502 6467 2785 8973 3279 3266 6049 8524
61 3513 4001 8946 2078 7754 4768 9580 7880 9765 3054 1813 7259 2156 833 9939 7116 9481 6238 8823 7442 5633 4894 4710 4266 4271 3005 5149 7681 1992 1602 8826 9100 2982 5559 3447 5921 9709 3244 2153
62 7408 4415 8138 147 1280 7009 4702 4260 7997 4061 6079 240 3865 2558 7883 5142 9488 5417 1747 8483 9770 7954 2670 562 2137 353 1229 3441 697 8791 7567 510 4977
63 5535 2825 8414 1778 2008 7327 4581 6575 7326 5937 6821 9711 4171 2012 5657 7102 7112 8331 118 8301 6866 6555 28 4987 9474 6165 267 7210 2256 704 6046 1800 3517 8391 5716 5702 493 8381 2677 4208 7624
64 4237 6369 400 7629 8060 2422 6527 5339 181 6563 2444 9603 6803 7880 9665 5012 5497 4402 830 1751 9701 2682 628 1489 1491 774 1910 9397 2652 9196 425 1984 1706 4683 1942 7984 3057 4102 7624 9514 3097
65 9339 7040 4926 1293 6358 4993 9513 335 7455 8940 9682 3016 2564 7641 5348 4603 4877 584 1525 6593 6660 2341 2010 6511 9151 9463 7595 6524 7630 126 6138
66 2598 1375 9635 8154 5021 2463 7254 4722 4395 8563 2714 561 3270 8128 7915 721 9211 9297 5696 9328 8877 3258 7381 2922 7270 9270 5727 8010 5706 4913 8669 2901 410 6638 2780 8458
67 7822 7667 974 781 9046 9702 6032 7584 9793 9537 7707 1750 427 1054 429 7308 7209 3429 1137 523 12 6809 3749 7159 3274 5360 7743 1802 1004 8629 6235 9662 4509 8658 1077 7931 1671
68 4120 75 1116 6841 9320 290 7328 4445 6099 6351 7501 4611 8147 3631 9682 2587 4017 6558 9227 9882 8354 3882 2151 7729 857 5539 5843 3903 404 3849
69 1433 4477 4478 1744 5340 5713 7761 7786 3290 4004 9680 9465 3023 277 119 6359 3753 6305 7215 1197 1882 7149 9752 1813 5946 7781 7525 2911 7703 6379 4864 6402 655 2076
70 7876 3952 1380 5407 7123 1403 1315 2340 8682 305 6631 9265 9356 8095 6499 8532 7512 2562 3342 9134 8858 9440 3726 2785 6450 642 5761 7581 2191 6759 6613 5474 3764 5365 1502
71 7194 4759 2944 9291 35 7691 587 2629 2464 321 4787 3775 4077 8565 5177 2568 9648 5866 3033 4874 3760 300 6902 6557 254 5188 3648 862 927 4007 5080 621 359 9298 1502
72 8464 2468 9374 9527 6557 8187 7264 2441 5203 8571 6445 488 1965 3537 3297 2395 4799 4584 1648 447 1250 3162 613 4444 3524 3391 4545 4477 7394 8365 9070 1157 5974 6053 2060 4714 1671 5921
73 4269 7693 4300 1555 1998 3758 6075 297 7588 4293 2138 3867 9326 4019 1910 1085 7819 8008 1697 5917 8315 6582 9608 3155 9173 542 4606 9362 5031 6770 1188 3182 5311 3106 2591 6496 2264
74 8921 3162 851 4231 7252 8001 7431 1094 638 7412 9838 3965 7852 5230 2967 7427 1236 8645 4136 268 3177 2555 6213 552 1310 1737 5574 2346 2458 7482 7534 6158 6882 2361 5238 9559 4818 8556 3102
75 366 1041 5419 9116 4708 2761 6340 3671 2037 6698 4521 3783 8296 7271 2012 6703 3200 2714 8299 4168 2137 6487 5615 479 919 7535 8285 2817 6227 2003 1161 6769 2848 8458
76 7461 2211 1729 7473 2912 1175 5110 2516 8820 6851 5777 2333 70 7327 2671 7082 3510 1909 8140 6030 8437 8861 2960 9655 2337 8627 3388 2766 5453 2955 8271 1737 1502
77 8096 930 128 9645 3470 5945 7416 8333 7356 7420 8315 8078 7967 1897 4937 6207 2969 8091 7029 5337 5196 6943 6975 7652 7698 581 3054 9551 8731 253 1737 1671 9047 3756
78 6031 7890 2555 2610 32 5838 5463 6958 4912 3196 146 5539 311 312 1585 4611 7608 1367 9050 219 9045 9876 4751 2248 2364 2972 5647 4347 5020 4624 280 5450 3572 1853 3803 609 6579 4520 583 1737 5921
79 3497 4136 3520 6309 4235 313 6764 3686 7158 7791 4535 4332 6369 2317 4735 391 8716 1383 7558 6619 9106 930 5802 808 5646 6312 2495 2826 6482 9736 5311 3407 5054 9324 161 3045 2076 5501 5514 7585
80 1404 8393 6034 2469 5656 2182 2363 9796 2401 4554 688 4933 9944 4903 8805 1685 7956 3470 9480 7962 3299 8918 5029 184 7350 7531 3014 2426 175 3220 6433 3635 5908 4391 5864 8536 3389 3756 3975
81 8391 2087 4220 4870 7087 5998 1330 2887 9646 2780 3837 4458 9005 1901 3923 4475 8326 8194 6043 4040 3673 8011 1776 7079 7545 5273 5759 3847 4071 6367 7875 2513 1702 4954 314 9788 250 9762 5600 9829 4371 7450 1290 1737 2848 1310 3097
82 2426 2481 3710 4646 8627 6174 5455 4988 5943 8091 9621 4935 5749 8147 1197 4483 9807 1094 4496 7383 8110 6381 3652 8258 2907 3724 1446 233 8735 3927 1840 2760 563 355 968 2170 8552 3244
83 6604 5461 6606 9565 7973 7869 5221 6775 5345 3542 9790 8705 4576 2543 5585 2804 7526 50 4928 5512 3290 1677 8155 7517 4591 67 2251 708 8700 8526 1441 7969 7244 9700 4071 6289 6729 9517
84 5356 2433 1597 5374 3517 6547 2803 4007 970 8944 61 8104 6886 6821 7459 4195 468 686 6007 5496 890 1332 6875 1208 3757 9734 5263 9967 1424 5436 8378 9370 6073 7107 8260 5877 9903 7594 3389 6986
85 7196 1577 2786 1789 7370 2759 3304 7411 5017 2753 6666 1498 6516 7349 8218 1183 6525 4059 8307 9123 2099 64 8346 2992 2537 9733 5024 589 5030 4954 143 9425 5373 2116 6385 4926 9774 6186 2721 2899 7145 2459 3975
86 5819 26 6505 9065 4603 6670 5592 3318 4522 9882 3315 9780 4416 4718 493 424 7541 1371 4126 4223 1338 3975 8232 6325 8324 3928 8526 7494 1165 468 371 9894 2486 5381
87 8391 8149 2575 1377 5382 1145 9069 1706 3433 4102 9870 4632 9621 1388 1715 1275 1508 7522 4640 9245 9545 6338 2257 2744 5653 7827 6405 3230 6164 5945 8743 2156 3454 197 1310
88 3730 7712 6355 5 9301 591 841 9378 36 9747 9669 7200 4406 6850 8241 8137 18 6965 9831 8473 8916 381 9285 4667 7835 8836 4854 5812 5123 7213 1366 1556 1839 1434 9178 4841 7647 2076 6729 7055
89 9288 6383 3618 2422 4263 9452 5686 7317 6989 482 8672 4019 539 7915 4861 2721 7103 1765 7751 228 6691 8568 5409 3006 5713 2709 8774 2550 3783 6299 1225 1441 4582 9501 4369 2014 4578 7739 1925 1221 3244 9584 6102
90 5752 2553 4933 91 3004 5419 6198 240 167 7629 4372 3950 6886 4492 2333 2175 7447 4639 9081 7091 6845 8021 413 7457 4316 304 1320 4721 4111 1941 6380 4544 8461 8239 3581 253 1334 1671 8458
91 7060 2372 6343 6892 9076 6152 9375 844 9685 6442 5243 8459 6431 8723 9371 2784 8113 7873 8199 5900 6277 8349 7277 7827 8697 6739 3560 949 2470 2833 2468 7180 4570 7652 7360 3767 1310 6729 2264 6165 1671
92 5979 8345 72 344 139 9527 8164 1807 5856 3515 5685 9990 6377 7018 1234 8875 6506 9318 6401 8403 660 5574 4945 1531 7257 7044 5150 1251 2488 5727 9996 3481 8802 2512 8149 3040 1598 6785 6735 3475 3198 4626 3244
93 9014 1002 7217 8543 9674 2936 7654 7776 3117 4110 4478 1755 844 3930 3096 4752 5559 6187 5444 9910 887 2238 7952 6231 6583 3306 9029 9061 6746 164 3920 3229 8896 7687 6083 9840 2548 1315 1173
94 7686 4180 6542 6416 5062 4307 5918 3066 14 9979 2161 9870 8683 5949 5425 1459 3397 9083 9423 987 7025 2119 9057 6253 9519 9691 6016
95 4478 442 6036 1952 6409 4230 6102 7161 6859 2570 3687 7286 7273 5964 840 3745 2210 9100 7062 5748 529 1497 9328 5668 696 5812 9091 4924 5367 8158 6729
96 1659 9599 613 6476 4449 8856 5522 1187 5822 3302 8519 710 1337 9341 3735 5410 4439 3733 8327 8457 556 3785 5634 7680 4211 9422 388 3566 4494 1085 1114 7918 2177 7624 6496 9517 2264 5926
97 9956 9607 4256 5587 916 4382 787 9455 1644 2906 2416 5141 4820 2883 7235 9410 3775 5579 1031 8787 3403 8727 6860 1995 6827 8735 1398 9600 862 2679 3129 6441 550 8951 313 4432 8641
98 7794 260 3658 6696 4786 3860 9346 3232 2064 4426 8305 4838 3074 9669 9514 2378 7903 6586 7401 9251 5076 5798 7896 1211 4891 7035 9262 6077 6792 5268 6261 4926 4805 537 6556 9109 648 8915 1495 4371 4714
99 8435 665 7392 9782 7246 3840 6497 9832 7520 6889 6417 1014 6363 4454 4893 2530 3502 1587 2370 964 6489 8584 3738 2603 2260 4076 5082 5995 9463 3429 1304 4179 9433 7853 8391 5311 5367 7892 3975 1310 6887
